# JRE version: OpenJDK Runtime Environment (17.0.6) (build 17.0.6+0-b2043.56-9586694)
# Java VM: OpenJDK 64-Bit Server VM (17.0.6+0-b2043.56-9586694, mixed mode, tiered, compressed oops, compressed class ptrs, g1 gc, windows-amd64)
GC Precious Log:
 CPUs: 4 total, 4 available
 Memory: 8076M
 Large Page Support: Disabled
 NUMA Support: Disabled
 Compressed Oops: Enabled (32-bit)
 Heap Region Size: 1M
 Heap Min Capacity: 8M
 Heap Initial Capacity: 128M
 Heap Max Capacity: 2020M
 Pre-touch: Disabled
 Parallel Workers: 4
 Concurrent Workers: 1
 Concurrent Refinement Workers: 4
 Periodic GC: Disabled
Heap:
 garbage-first heap   total 432128K, used 307712K [0x0000000081c00000, 0x0000000100000000)
  region size 1024K, 10 young (10240K), 10 survivors (10240K)
 Metaspace       used 78116K, committed 78464K, reserved 1122304K
  class space    used 8299K, committed 8448K, reserved 1048576K
GC Heap History (20 events):
Event: 43.487 GC heap after
{Heap after GC invocations=61 (full 0):
 garbage-first heap   total 270336K, used 161235K [0x0000000081c00000, 0x0000000100000000)
  region size 1024K, 7 young (7168K), 7 survivors (7168K)
 Metaspace       used 68025K, committed 68352K, reserved 1114112K
  class space    used 7352K, committed 7488K, reserved 1048576K
}
Event: 44.020 GC heap before
{Heap before GC invocations=61 (full 0):
 garbage-first heap   total 270336K, used 230867K [0x0000000081c00000, 0x0000000100000000)
  region size 1024K, 75 young (76800K), 7 survivors (7168K)
 Metaspace       used 68101K, committed 68416K, reserved 1114112K
  class space    used 7354K, committed 7488K, reserved 1048576K
}
Event: 44.032 GC heap after
{Heap after GC invocations=62 (full 0):
 garbage-first heap   total 270336K, used 162781K [0x0000000081c00000, 0x0000000100000000)
  region size 1024K, 4 young (4096K), 4 survivors (4096K)
 Metaspace       used 68101K, committed 68416K, reserved 1114112K
  class space    used 7354K, committed 7488K, reserved 1048576K
}
Event: 45.058 GC heap before
{Heap before GC invocations=62 (full 0):
 garbage-first heap   total 270336K, used 233437K [0x0000000081c00000, 0x0000000100000000)
  region size 1024K, 73 young (74752K), 4 survivors (4096K)
 Metaspace       used 69869K, committed 70208K, reserved 1114112K
  class space    used 7514K, committed 7680K, reserved 1048576K
}
Event: 45.073 GC heap after
{Heap after GC invocations=63 (full 0):
 garbage-first heap   total 270336K, used 164864K [0x0000000081c00000, 0x0000000100000000)
  region size 1024K, 6 young (6144K), 6 survivors (6144K)
 Metaspace       used 69869K, committed 70208K, reserved 1114112K
  class space    used 7514K, committed 7680K, reserved 1048576K
}
Event: 47.189 GC heap before
{Heap before GC invocations=63 (full 0):
 garbage-first heap   total 270336K, used 233472K [0x0000000081c00000, 0x0000000100000000)
  region size 1024K, 73 young (74752K), 6 survivors (6144K)
 Metaspace       used 74852K, committed 75200K, reserved 1122304K
  class space    used 7980K, committed 8128K, reserved 1048576K
}
Event: 47.212 GC heap after
{Heap after GC invocations=64 (full 0):
 garbage-first heap   total 270336K, used 172332K [0x0000000081c00000, 0x0000000100000000)
  region size 1024K, 10 young (10240K), 10 survivors (10240K)
 Metaspace       used 74852K, committed 75200K, reserved 1122304K
  class space    used 7980K, committed 8128K, reserved 1048576K
}
Event: 48.402 GC heap before
{Heap before GC invocations=64 (full 0):
 garbage-first heap   total 270336K, used 229676K [0x0000000081c00000, 0x0000000100000000)
  region size 1024K, 66 young (67584K), 10 survivors (10240K)
 Metaspace       used 76281K, committed 76672K, reserved 1122304K
  class space    used 8128K, committed 8320K, reserved 1048576K
}
Event: 48.444 GC heap after
{Heap after GC invocations=65 (full 0):
 garbage-first heap   total 270336K, used 192512K [0x0000000081c00000, 0x0000000100000000)
  region size 1024K, 9 young (9216K), 9 survivors (9216K)
 Metaspace       used 76281K, committed 76672K, reserved 1122304K
  class space    used 8128K, committed 8320K, reserved 1048576K
}
Event: 48.784 GC heap before
{Heap before GC invocations=65 (full 0):
 garbage-first heap   total 270336K, used 221184K [0x0000000081c00000, 0x0000000100000000)
  region size 1024K, 37 young (37888K), 9 survivors (9216K)
 Metaspace       used 76800K, committed 77184K, reserved 1122304K
  class space    used 8208K, committed 8384K, reserved 1048576K
}
Event: 48.814 GC heap after
{Heap after GC invocations=66 (full 0):
 garbage-first heap   total 372736K, used 206336K [0x0000000081c00000, 0x0000000100000000)
  region size 1024K, 5 young (5120K), 5 survivors (5120K)
 Metaspace       used 76800K, committed 77184K, reserved 1122304K
  class space    used 8208K, committed 8384K, reserved 1048576K
}
Event: 49.306 GC heap before
{Heap before GC invocations=66 (full 0):
 garbage-first heap   total 372736K, used 276992K [0x0000000081c00000, 0x0000000100000000)
  region size 1024K, 74 young (75776K), 5 survivors (5120K)
 Metaspace       used 76879K, committed 77248K, reserved 1122304K
  class space    used 8212K, committed 8384K, reserved 1048576K
}
Event: 49.373 GC heap after
{Heap after GC invocations=67 (full 0):
 garbage-first heap   total 372736K, used 212992K [0x0000000081c00000, 0x0000000100000000)
  region size 1024K, 10 young (10240K), 10 survivors (10240K)
 Metaspace       used 76879K, committed 77248K, reserved 1122304K
  class space    used 8212K, committed 8384K, reserved 1048576K
}
Event: 50.184 GC heap before
{Heap before GC invocations=68 (full 0):
 garbage-first heap   total 432128K, used 281600K [0x0000000081c00000, 0x0000000100000000)
  region size 1024K, 77 young (78848K), 10 survivors (10240K)
 Metaspace       used 77291K, committed 77632K, reserved 1122304K
  class space    used 8233K, committed 8384K, reserved 1048576K
}
Event: 50.206 GC heap after
{Heap after GC invocations=69 (full 0):
 garbage-first heap   total 432128K, used 218363K [0x0000000081c00000, 0x0000000100000000)
  region size 1024K, 10 young (10240K), 10 survivors (10240K)
 Metaspace       used 77291K, committed 77632K, reserved 1122304K
  class space    used 8233K, committed 8384K, reserved 1048576K
}
Event: 50.597 GC heap before
{Heap before GC invocations=69 (full 0):
 garbage-first heap   total 432128K, used 229627K [0x0000000081c00000, 0x0000000100000000)
  region size 1024K, 21 young (21504K), 10 survivors (10240K)
 Metaspace       used 77623K, committed 77952K, reserved 1122304K
  class space    used 8279K, committed 8448K, reserved 1048576K
}
Event: 50.616 GC heap after
{Heap after GC invocations=70 (full 0):
 garbage-first heap   total 432128K, used 220336K [0x0000000081c00000, 0x0000000100000000)
  region size 1024K, 3 young (3072K), 3 survivors (3072K)
 Metaspace       used 77623K, committed 77952K, reserved 1122304K
  class space    used 8279K, committed 8448K, reserved 1048576K
}
Event: 52.236 GC heap before
{Heap before GC invocations=70 (full 0):
 garbage-first heap   total 432128K, used 325808K [0x0000000081c00000, 0x0000000100000000)
  region size 1024K, 106 young (108544K), 3 survivors (3072K)
 Metaspace       used 78003K, committed 78336K, reserved 1122304K
  class space    used 8290K, committed 8448K, reserved 1048576K
}
Event: 52.307 GC heap after
{Heap after GC invocations=71 (full 0):
 garbage-first heap   total 432128K, used 273408K [0x0000000081c00000, 0x0000000100000000)
  region size 1024K, 14 young (14336K), 14 survivors (14336K)
 Metaspace       used 78003K, committed 78336K, reserved 1122304K
  class space    used 8290K, committed 8448K, reserved 1048576K
}
Event: 52.920 GC heap before
{Heap before GC invocations=71 (full 0):
 garbage-first heap   total 432128K, used 333824K [0x0000000081c00000, 0x0000000100000000)
  region size 1024K, 73 young (74752K), 14 survivors (14336K)
 Metaspace       used 78116K, committed 78464K, reserved 1122304K
  class space    used 8299K, committed 8448K, reserved 1048576K
}

