# JRE version: OpenJDK Runtime Environment (17.0.6) (build 17.0.6+0-b2043.56-9586694)
# Java VM: OpenJDK 64-Bit Server VM (17.0.6+0-b2043.56-9586694, mixed mode, tiered, compressed oops, compressed class ptrs, g1 gc, windows-amd64)
GC Precious Log:
 CPUs: 4 total, 4 available
 Memory: 8076M
 Large Page Support: Disabled
 NUMA Support: Disabled
 Compressed Oops: Enabled (32-bit)
 Heap Region Size: 1M
 Heap Min Capacity: 8M
 Heap Initial Capacity: 128M
 Heap Max Capacity: 2020M
 Pre-touch: Disabled
 Parallel Workers: 4
 Concurrent Workers: 1
 Concurrent Refinement Workers: 4
 Periodic GC: Disabled
Heap:
 garbage-first heap   total 261120K, used 192915K [0x0000000081c00000, 0x0000000100000000)
  region size 1024K, 108 young (110592K), 8 survivors (8192K)
 Metaspace       used 65058K, committed 65408K, reserved 1114112K
  class space    used 7139K, committed 7296K, reserved 1048576K
GC Heap History (20 events):
Event: 12.774 GC heap before
{Heap before GC invocations=17 (full 0):
 garbage-first heap   total 107520K, used 82944K [0x0000000081c00000, 0x0000000100000000)
  region size 1024K, 36 young (36864K), 5 survivors (5120K)
 Metaspace       used 55598K, committed 55872K, reserved 1105920K
  class space    used 6472K, committed 6592K, reserved 1048576K
}
Event: 12.807 GC heap after
{Heap after GC invocations=18 (full 0):
 garbage-first heap   total 107520K, used 56803K [0x0000000081c00000, 0x0000000100000000)
  region size 1024K, 5 young (5120K), 5 survivors (5120K)
 Metaspace       used 55598K, committed 55872K, reserved 1105920K
  class space    used 6472K, committed 6592K, reserved 1048576K
}
Event: 14.816 GC heap before
{Heap before GC invocations=18 (full 0):
 garbage-first heap   total 107520K, used 83427K [0x0000000081c00000, 0x0000000100000000)
  region size 1024K, 31 young (31744K), 5 survivors (5120K)
 Metaspace       used 57212K, committed 57472K, reserved 1105920K
  class space    used 6579K, committed 6720K, reserved 1048576K
}
Event: 14.856 GC heap after
{Heap after GC invocations=19 (full 0):
 garbage-first heap   total 129024K, used 62345K [0x0000000081c00000, 0x0000000100000000)
  region size 1024K, 4 young (4096K), 4 survivors (4096K)
 Metaspace       used 57212K, committed 57472K, reserved 1105920K
  class space    used 6579K, committed 6720K, reserved 1048576K
}
Event: 16.435 GC heap before
{Heap before GC invocations=20 (full 0):
 garbage-first heap   total 129024K, used 98185K [0x0000000081c00000, 0x0000000100000000)
  region size 1024K, 39 young (39936K), 4 survivors (4096K)
 Metaspace       used 58264K, committed 58624K, reserved 1105920K
  class space    used 6680K, committed 6848K, reserved 1048576K
}
Event: 16.457 GC heap after
{Heap after GC invocations=21 (full 0):
 garbage-first heap   total 129024K, used 68341K [0x0000000081c00000, 0x0000000100000000)
  region size 1024K, 5 young (5120K), 5 survivors (5120K)
 Metaspace       used 58264K, committed 58624K, reserved 1105920K
  class space    used 6680K, committed 6848K, reserved 1048576K
}
Event: 18.086 GC heap before
{Heap before GC invocations=21 (full 0):
 garbage-first heap   total 129024K, used 100085K [0x0000000081c00000, 0x0000000100000000)
  region size 1024K, 36 young (36864K), 5 survivors (5120K)
 Metaspace       used 60434K, committed 60736K, reserved 1105920K
  class space    used 6902K, committed 7040K, reserved 1048576K
}
Event: 18.107 GC heap after
{Heap after GC invocations=22 (full 0):
 garbage-first heap   total 129024K, used 73590K [0x0000000081c00000, 0x0000000100000000)
  region size 1024K, 5 young (5120K), 5 survivors (5120K)
 Metaspace       used 60434K, committed 60736K, reserved 1105920K
  class space    used 6902K, committed 7040K, reserved 1048576K
}
Event: 20.288 GC heap before
{Heap before GC invocations=23 (full 0):
 garbage-first heap   total 129024K, used 102262K [0x0000000081c00000, 0x0000000100000000)
  region size 1024K, 33 young (33792K), 5 survivors (5120K)
 Metaspace       used 62277K, committed 62592K, reserved 1105920K
  class space    used 7007K, committed 7168K, reserved 1048576K
}
Event: 20.308 GC heap after
{Heap after GC invocations=24 (full 0):
 garbage-first heap   total 129024K, used 77423K [0x0000000081c00000, 0x0000000100000000)
  region size 1024K, 5 young (5120K), 5 survivors (5120K)
 Metaspace       used 62277K, committed 62592K, reserved 1105920K
  class space    used 7007K, committed 7168K, reserved 1048576K
}
Event: 20.346 GC heap before
{Heap before GC invocations=24 (full 0):
 garbage-first heap   total 129024K, used 78447K [0x0000000081c00000, 0x0000000100000000)
  region size 1024K, 6 young (6144K), 5 survivors (5120K)
 Metaspace       used 62289K, committed 62592K, reserved 1105920K
  class space    used 7007K, committed 7168K, reserved 1048576K
}
Event: 20.360 GC heap after
{Heap after GC invocations=25 (full 0):
 garbage-first heap   total 129024K, used 77563K [0x0000000081c00000, 0x0000000100000000)
  region size 1024K, 1 young (1024K), 1 survivors (1024K)
 Metaspace       used 62289K, committed 62592K, reserved 1105920K
  class space    used 7007K, committed 7168K, reserved 1048576K
}
Event: 21.620 GC heap before
{Heap before GC invocations=25 (full 0):
 garbage-first heap   total 129024K, used 104187K [0x0000000081c00000, 0x0000000100000000)
  region size 1024K, 27 young (27648K), 1 survivors (1024K)
 Metaspace       used 62761K, committed 63040K, reserved 1105920K
  class space    used 7033K, committed 7168K, reserved 1048576K
}
Event: 21.631 GC heap after
{Heap after GC invocations=26 (full 0):
 garbage-first heap   total 129024K, used 80624K [0x0000000081c00000, 0x0000000100000000)
  region size 1024K, 4 young (4096K), 4 survivors (4096K)
 Metaspace       used 62761K, committed 63040K, reserved 1105920K
  class space    used 7033K, committed 7168K, reserved 1048576K
}
Event: 23.391 GC heap before
{Heap before GC invocations=27 (full 0):
 garbage-first heap   total 142336K, used 105200K [0x0000000081c00000, 0x0000000100000000)
  region size 1024K, 28 young (28672K), 4 survivors (4096K)
 Metaspace       used 63362K, committed 63680K, reserved 1105920K
  class space    used 7067K, committed 7232K, reserved 1048576K
}
Event: 23.408 GC heap after
{Heap after GC invocations=28 (full 0):
 garbage-first heap   total 142336K, used 83041K [0x0000000081c00000, 0x0000000100000000)
  region size 1024K, 3 young (3072K), 3 survivors (3072K)
 Metaspace       used 63362K, committed 63680K, reserved 1105920K
  class space    used 7067K, committed 7232K, reserved 1048576K
}
Event: 23.668 GC heap before
{Heap before GC invocations=28 (full 0):
 garbage-first heap   total 142336K, used 86113K [0x0000000081c00000, 0x0000000100000000)
  region size 1024K, 6 young (6144K), 3 survivors (3072K)
 Metaspace       used 63510K, committed 63808K, reserved 1114112K
  class space    used 7081K, committed 7232K, reserved 1048576K
}
Event: 23.683 GC heap after
{Heap after GC invocations=29 (full 0):
 garbage-first heap   total 261120K, used 82970K [0x0000000081c00000, 0x0000000100000000)
  region size 1024K, 1 young (1024K), 1 survivors (1024K)
 Metaspace       used 63510K, committed 63808K, reserved 1114112K
  class space    used 7081K, committed 7232K, reserved 1048576K
}
Event: 31.029 GC heap before
{Heap before GC invocations=29 (full 0):
 garbage-first heap   total 261120K, used 198682K [0x0000000081c00000, 0x0000000100000000)
  region size 1024K, 114 young (116736K), 1 survivors (1024K)
 Metaspace       used 64635K, committed 65024K, reserved 1114112K
  class space    used 7126K, committed 7296K, reserved 1048576K
}
Event: 31.049 GC heap after
{Heap after GC invocations=30 (full 0):
 garbage-first heap   total 261120K, used 90515K [0x0000000081c00000, 0x0000000100000000)
  region size 1024K, 8 young (8192K), 8 survivors (8192K)
 Metaspace       used 64635K, committed 65024K, reserved 1114112K
  class space    used 7126K, committed 7296K, reserved 1048576K
}

