# JRE version: OpenJDK Runtime Environment (17.0.6) (build 17.0.6+0-b2043.56-9586694)
# Java VM: OpenJDK 64-Bit Server VM (17.0.6+0-b2043.56-9586694, mixed mode, tiered, compressed oops, compressed class ptrs, g1 gc, windows-amd64)
GC Precious Log:
 CPUs: 4 total, 4 available
 Memory: 8076M
 Large Page Support: Disabled
 NUMA Support: Disabled
 Compressed Oops: Enabled (32-bit)
 Heap Region Size: 1M
 Heap Min Capacity: 8M
 Heap Initial Capacity: 128M
 Heap Max Capacity: 2020M
 Pre-touch: Disabled
 Parallel Workers: 4
 Concurrent Workers: 1
 Concurrent Refinement Workers: 4
 Periodic GC: Disabled
Heap:
 garbage-first heap   total 131072K, used 43363K [0x0000000081c00000, 0x0000000100000000)
  region size 1024K, 1 young (1024K), 1 survivors (1024K)
 Metaspace       used 50802K, committed 51072K, reserved 1097728K
  class space    used 6018K, committed 6144K, reserved 1048576K
GC Heap History (20 events):
Event: 4.152 GC heap after
{Heap after GC invocations=6 (full 0):
 garbage-first heap   total 45056K, used 16699K [0x0000000081c00000, 0x0000000100000000)
  region size 1024K, 1 young (1024K), 1 survivors (1024K)
 Metaspace       used 28153K, committed 28352K, reserved 1081344K
  class space    used 3092K, committed 3200K, reserved 1048576K
}
Event: 5.090 GC heap before
{Heap before GC invocations=6 (full 0):
 garbage-first heap   total 45056K, used 32059K [0x0000000081c00000, 0x0000000100000000)
  region size 1024K, 17 young (17408K), 1 survivors (1024K)
 Metaspace       used 31856K, committed 32064K, reserved 1081344K
  class space    used 3828K, committed 3904K, reserved 1048576K
}
Event: 5.097 GC heap after
{Heap after GC invocations=7 (full 0):
 garbage-first heap   total 45056K, used 18849K [0x0000000081c00000, 0x0000000100000000)
  region size 1024K, 3 young (3072K), 3 survivors (3072K)
 Metaspace       used 31856K, committed 32064K, reserved 1081344K
  class space    used 3828K, committed 3904K, reserved 1048576K
}
Event: 5.486 GC heap before
{Heap before GC invocations=7 (full 0):
 garbage-first heap   total 45056K, used 34209K [0x0000000081c00000, 0x0000000100000000)
  region size 1024K, 16 young (16384K), 3 survivors (3072K)
 Metaspace       used 32006K, committed 32320K, reserved 1081344K
  class space    used 3828K, committed 3904K, reserved 1048576K
}
Event: 5.500 GC heap after
{Heap after GC invocations=8 (full 0):
 garbage-first heap   total 45056K, used 24349K [0x0000000081c00000, 0x0000000100000000)
  region size 1024K, 2 young (2048K), 2 survivors (2048K)
 Metaspace       used 32006K, committed 32320K, reserved 1081344K
  class space    used 3828K, committed 3904K, reserved 1048576K
}
Event: 5.700 GC heap before
{Heap before GC invocations=8 (full 0):
 garbage-first heap   total 45056K, used 32541K [0x0000000081c00000, 0x0000000100000000)
  region size 1024K, 11 young (11264K), 2 survivors (2048K)
 Metaspace       used 32440K, committed 32640K, reserved 1081344K
  class space    used 3873K, committed 3968K, reserved 1048576K
}
Event: 5.711 GC heap after
{Heap after GC invocations=9 (full 0):
 garbage-first heap   total 45056K, used 26928K [0x0000000081c00000, 0x0000000100000000)
  region size 1024K, 2 young (2048K), 2 survivors (2048K)
 Metaspace       used 32440K, committed 32640K, reserved 1081344K
  class space    used 3873K, committed 3968K, reserved 1048576K
}
Event: 6.046 GC heap before
{Heap before GC invocations=10 (full 0):
 garbage-first heap   total 50176K, used 34096K [0x0000000081c00000, 0x0000000100000000)
  region size 1024K, 9 young (9216K), 2 survivors (2048K)
 Metaspace       used 33891K, committed 34112K, reserved 1081344K
  class space    used 4265K, committed 4352K, reserved 1048576K
}
Event: 6.052 GC heap after
{Heap after GC invocations=11 (full 0):
 garbage-first heap   total 50176K, used 27926K [0x0000000081c00000, 0x0000000100000000)
  region size 1024K, 1 young (1024K), 1 survivors (1024K)
 Metaspace       used 33891K, committed 34112K, reserved 1081344K
  class space    used 4265K, committed 4352K, reserved 1048576K
}
Event: 6.443 GC heap before
{Heap before GC invocations=11 (full 0):
 garbage-first heap   total 50176K, used 38166K [0x0000000081c00000, 0x0000000100000000)
  region size 1024K, 11 young (11264K), 1 survivors (1024K)
 Metaspace       used 36583K, committed 36800K, reserved 1089536K
  class space    used 4562K, committed 4672K, reserved 1048576K
}
Event: 6.449 GC heap after
{Heap after GC invocations=12 (full 0):
 garbage-first heap   total 81920K, used 29022K [0x0000000081c00000, 0x0000000100000000)
  region size 1024K, 2 young (2048K), 2 survivors (2048K)
 Metaspace       used 36583K, committed 36800K, reserved 1089536K
  class space    used 4562K, committed 4672K, reserved 1048576K
}
Event: 7.368 GC heap before
{Heap before GC invocations=13 (full 0):
 garbage-first heap   total 81920K, used 58718K [0x0000000081c00000, 0x0000000100000000)
  region size 1024K, 31 young (31744K), 2 survivors (2048K)
 Metaspace       used 41662K, committed 41920K, reserved 1089536K
  class space    used 5039K, committed 5184K, reserved 1048576K
}
Event: 7.381 GC heap after
{Heap after GC invocations=14 (full 0):
 garbage-first heap   total 81920K, used 30432K [0x0000000081c00000, 0x0000000100000000)
  region size 1024K, 4 young (4096K), 4 survivors (4096K)
 Metaspace       used 41662K, committed 41920K, reserved 1089536K
  class space    used 5039K, committed 5184K, reserved 1048576K
}
Event: 7.404 GC heap before
{Heap before GC invocations=14 (full 0):
 garbage-first heap   total 81920K, used 31456K [0x0000000081c00000, 0x0000000100000000)
  region size 1024K, 5 young (5120K), 4 survivors (4096K)
 Metaspace       used 41941K, committed 42176K, reserved 1089536K
  class space    used 5060K, committed 5184K, reserved 1048576K
}
Event: 7.415 GC heap after
{Heap after GC invocations=15 (full 0):
 garbage-first heap   total 81920K, used 30887K [0x0000000081c00000, 0x0000000100000000)
  region size 1024K, 1 young (1024K), 1 survivors (1024K)
 Metaspace       used 41941K, committed 42176K, reserved 1089536K
  class space    used 5060K, committed 5184K, reserved 1048576K
}
Event: 8.434 GC heap before
{Heap before GC invocations=15 (full 0):
 garbage-first heap   total 81920K, used 58535K [0x0000000081c00000, 0x0000000100000000)
  region size 1024K, 28 young (28672K), 1 survivors (1024K)
 Metaspace       used 46228K, committed 46528K, reserved 1097728K
  class space    used 5491K, committed 5632K, reserved 1048576K
}
Event: 8.445 GC heap after
{Heap after GC invocations=16 (full 0):
 garbage-first heap   total 81920K, used 35840K [0x0000000081c00000, 0x0000000100000000)
  region size 1024K, 4 young (4096K), 4 survivors (4096K)
 Metaspace       used 46228K, committed 46528K, reserved 1097728K
  class space    used 5491K, committed 5632K, reserved 1048576K
}
Event: 9.285 GC heap before
{Heap before GC invocations=16 (full 0):
 garbage-first heap   total 81920K, used 63488K [0x0000000081c00000, 0x0000000100000000)
  region size 1024K, 29 young (29696K), 4 survivors (4096K)
 Metaspace       used 50456K, committed 50752K, reserved 1097728K
  class space    used 5995K, committed 6144K, reserved 1048576K
}
Event: 9.305 GC heap after
{Heap after GC invocations=17 (full 0):
 garbage-first heap   total 81920K, used 42178K [0x0000000081c00000, 0x0000000100000000)
  region size 1024K, 4 young (4096K), 4 survivors (4096K)
 Metaspace       used 50456K, committed 50752K, reserved 1097728K
  class space    used 5995K, committed 6144K, reserved 1048576K
}
Event: 9.427 GC heap before
{Heap before GC invocations=17 (full 0):
 garbage-first heap   total 81920K, used 62658K [0x0000000081c00000, 0x0000000100000000)
  region size 1024K, 24 young (24576K), 4 survivors (4096K)
 Metaspace       used 50802K, committed 51072K, reserved 1097728K
  class space    used 6018K, committed 6144K, reserved 1048576K
}

