# JRE version: OpenJDK Runtime Environment (17.0.6) (build 17.0.6+0-b2043.56-10027231)
# Java VM: OpenJDK 64-Bit Server VM (17.0.6+0-b2043.56-10027231, mixed mode, tiered, compressed oops, compressed class ptrs, g1 gc, windows-amd64)
GC Precious Log:
 CPUs: 4 total, 4 available
 Memory: 8058M
 Large Page Support: Disabled
 NUMA Support: Disabled
 Compressed Oops: Enabled (32-bit)
 Heap Region Size: 1M
 Heap Min Capacity: 8M
 Heap Initial Capacity: 126M
 Heap Max Capacity: 2016M
 Pre-touch: Disabled
 Parallel Workers: 4
 Concurrent Workers: 1
 Concurrent Refinement Workers: 4
 Periodic GC: Disabled
Heap:
 garbage-first heap   total 499712K, used 330752K [0x0000000082000000, 0x0000000100000000)
  region size 1024K, 81 young (82944K), 10 survivors (10240K)
 Metaspace       used 94807K, committed 95168K, reserved 1138688K
  class space    used 9725K, committed 9920K, reserved 1048576K
GC Heap History (20 events):
Event: 43.553 GC heap before
{Heap before GC invocations=57 (full 0):
 garbage-first heap   total 249856K, used 199168K [0x0000000082000000, 0x0000000100000000)
  region size 1024K, 27 young (27648K), 5 survivors (5120K)
 Metaspace       used 76591K, committed 76928K, reserved 1122304K
  class space    used 8238K, committed 8384K, reserved 1048576K
}
Event: 43.574 GC heap after
{Heap after GC invocations=58 (full 0):
 garbage-first heap   total 499712K, used 181184K [0x0000000082000000, 0x0000000100000000)
  region size 1024K, 4 young (4096K), 4 survivors (4096K)
 Metaspace       used 76591K, committed 76928K, reserved 1122304K
  class space    used 8238K, committed 8384K, reserved 1048576K
}
Event: 50.773 GC heap before
{Heap before GC invocations=58 (full 0):
 garbage-first heap   total 499712K, used 324544K [0x0000000082000000, 0x0000000100000000)
  region size 1024K, 144 young (147456K), 4 survivors (4096K)
 Metaspace       used 86864K, committed 87232K, reserved 1130496K
  class space    used 9254K, committed 9408K, reserved 1048576K
}
Event: 50.809 GC heap after
{Heap after GC invocations=59 (full 0):
 garbage-first heap   total 499712K, used 188072K [0x0000000082000000, 0x0000000100000000)
  region size 1024K, 11 young (11264K), 11 survivors (11264K)
 Metaspace       used 86864K, committed 87232K, reserved 1130496K
  class space    used 9254K, committed 9408K, reserved 1048576K
}
Event: 57.851 GC heap before
{Heap before GC invocations=59 (full 0):
 garbage-first heap   total 499712K, used 370344K [0x0000000082000000, 0x0000000100000000)
  region size 1024K, 189 young (193536K), 11 survivors (11264K)
 Metaspace       used 89891K, committed 90240K, reserved 1130496K
  class space    used 9453K, committed 9600K, reserved 1048576K
}
Event: 57.894 GC heap after
{Heap after GC invocations=60 (full 0):
 garbage-first heap   total 499712K, used 194048K [0x0000000082000000, 0x0000000100000000)
  region size 1024K, 16 young (16384K), 16 survivors (16384K)
 Metaspace       used 89891K, committed 90240K, reserved 1130496K
  class space    used 9453K, committed 9600K, reserved 1048576K
}
Event: 61.919 GC heap before
{Heap before GC invocations=60 (full 0):
 garbage-first heap   total 499712K, used 392704K [0x0000000082000000, 0x0000000100000000)
  region size 1024K, 210 young (215040K), 16 survivors (16384K)
 Metaspace       used 93543K, committed 93952K, reserved 1138688K
  class space    used 9651K, committed 9856K, reserved 1048576K
}
Event: 61.978 GC heap after
{Heap after GC invocations=61 (full 0):
 garbage-first heap   total 499712K, used 203323K [0x0000000082000000, 0x0000000100000000)
  region size 1024K, 22 young (22528K), 22 survivors (22528K)
 Metaspace       used 93543K, committed 93952K, reserved 1138688K
  class space    used 9651K, committed 9856K, reserved 1048576K
}
Event: 64.580 GC heap before
{Heap before GC invocations=61 (full 0):
 garbage-first heap   total 499712K, used 395835K [0x0000000082000000, 0x0000000100000000)
  region size 1024K, 210 young (215040K), 22 survivors (22528K)
 Metaspace       used 93771K, committed 94144K, reserved 1138688K
  class space    used 9658K, committed 9856K, reserved 1048576K
}
Event: 64.643 GC heap after
{Heap after GC invocations=62 (full 0):
 garbage-first heap   total 499712K, used 210784K [0x0000000082000000, 0x0000000100000000)
  region size 1024K, 17 young (17408K), 17 survivors (17408K)
 Metaspace       used 93771K, committed 94144K, reserved 1138688K
  class space    used 9658K, committed 9856K, reserved 1048576K
}
Event: 67.287 GC heap before
{Heap before GC invocations=62 (full 0):
 garbage-first heap   total 499712K, used 402272K [0x0000000082000000, 0x0000000100000000)
  region size 1024K, 204 young (208896K), 17 survivors (17408K)
 Metaspace       used 94254K, committed 94592K, reserved 1138688K
  class space    used 9696K, committed 9856K, reserved 1048576K
}
Event: 67.317 GC heap after
{Heap after GC invocations=63 (full 0):
 garbage-first heap   total 499712K, used 219624K [0x0000000082000000, 0x0000000100000000)
  region size 1024K, 18 young (18432K), 18 survivors (18432K)
 Metaspace       used 94254K, committed 94592K, reserved 1138688K
  class space    used 9696K, committed 9856K, reserved 1048576K
}
Event: 69.893 GC heap before
{Heap before GC invocations=63 (full 0):
 garbage-first heap   total 499712K, used 407016K [0x0000000082000000, 0x0000000100000000)
  region size 1024K, 201 young (205824K), 18 survivors (18432K)
 Metaspace       used 94406K, committed 94784K, reserved 1138688K
  class space    used 9700K, committed 9856K, reserved 1048576K
}
Event: 69.923 GC heap after
{Heap after GC invocations=64 (full 0):
 garbage-first heap   total 499712K, used 226164K [0x0000000082000000, 0x0000000100000000)
  region size 1024K, 17 young (17408K), 17 survivors (17408K)
 Metaspace       used 94406K, committed 94784K, reserved 1138688K
  class space    used 9700K, committed 9856K, reserved 1048576K
}
Event: 72.140 GC heap before
{Heap before GC invocations=64 (full 0):
 garbage-first heap   total 499712K, used 410484K [0x0000000082000000, 0x0000000100000000)
  region size 1024K, 197 young (201728K), 17 survivors (17408K)
 Metaspace       used 94449K, committed 94784K, reserved 1138688K
  class space    used 9700K, committed 9856K, reserved 1048576K
}
Event: 72.169 GC heap after
{Heap after GC invocations=65 (full 0):
 garbage-first heap   total 499712K, used 236408K [0x0000000082000000, 0x0000000100000000)
  region size 1024K, 18 young (18432K), 18 survivors (18432K)
 Metaspace       used 94449K, committed 94784K, reserved 1138688K
  class space    used 9700K, committed 9856K, reserved 1048576K
}
Event: 75.343 GC heap before
{Heap before GC invocations=65 (full 0):
 garbage-first heap   total 499712K, used 410488K [0x0000000082000000, 0x0000000100000000)
  region size 1024K, 188 young (192512K), 18 survivors (18432K)
 Metaspace       used 94716K, committed 95104K, reserved 1138688K
  class space    used 9719K, committed 9920K, reserved 1048576K
}
Event: 75.379 GC heap after
{Heap after GC invocations=66 (full 0):
 garbage-first heap   total 499712K, used 250666K [0x0000000082000000, 0x0000000100000000)
  region size 1024K, 24 young (24576K), 24 survivors (24576K)
 Metaspace       used 94716K, committed 95104K, reserved 1138688K
  class space    used 9719K, committed 9920K, reserved 1048576K
}
Event: 76.604 GC heap before
{Heap before GC invocations=66 (full 0):
 garbage-first heap   total 499712K, used 404266K [0x0000000082000000, 0x0000000100000000)
  region size 1024K, 174 young (178176K), 24 survivors (24576K)
 Metaspace       used 94763K, committed 95168K, reserved 1138688K
  class space    used 9721K, committed 9920K, reserved 1048576K
}
Event: 76.660 GC heap after
{Heap after GC invocations=67 (full 0):
 garbage-first heap   total 499712K, used 259072K [0x0000000082000000, 0x0000000100000000)
  region size 1024K, 10 young (10240K), 10 survivors (10240K)
 Metaspace       used 94763K, committed 95168K, reserved 1138688K
  class space    used 9721K, committed 9920K, reserved 1048576K
}

