# JRE version: OpenJDK Runtime Environment (17.0.6) (build 17.0.6+0-b2043.56-9586694)
# Java VM: OpenJDK 64-Bit Server VM (17.0.6+0-b2043.56-9586694, mixed mode, tiered, compressed oops, compressed class ptrs, g1 gc, windows-amd64)
GC Precious Log:
 CPUs: 4 total, 4 available
 Memory: 8076M
 Large Page Support: Disabled
 NUMA Support: Disabled
 Compressed Oops: Enabled (32-bit)
 Heap Region Size: 1M
 Heap Min Capacity: 8M
 Heap Initial Capacity: 128M
 Heap Max Capacity: 2020M
 Pre-touch: Disabled
 Parallel Workers: 4
 Concurrent Workers: 1
 Concurrent Refinement Workers: 4
 Periodic GC: Disabled
Heap:
 garbage-first heap   total 526336K, used 438396K [0x0000000081c00000, 0x0000000100000000)
  region size 1024K, 3 young (3072K), 3 survivors (3072K)
 Metaspace       used 97098K, committed 97472K, reserved 1138688K
  class space    used 9805K, committed 9984K, reserved 1048576K
GC Heap History (20 events):
Event: 137.448 GC heap after
{Heap after GC invocations=74 (full 0):
 garbage-first heap   total 526336K, used 413027K [0x0000000081c00000, 0x0000000100000000)
  region size 1024K, 6 young (6144K), 6 survivors (6144K)
 Metaspace       used 96940K, committed 97344K, reserved 1138688K
  class space    used 9803K, committed 9984K, reserved 1048576K
}
Event: 138.094 GC heap before
{Heap before GC invocations=74 (full 0):
 garbage-first heap   total 526336K, used 459107K [0x0000000081c00000, 0x0000000100000000)
  region size 1024K, 51 young (52224K), 6 survivors (6144K)
 Metaspace       used 96954K, committed 97344K, reserved 1138688K
  class space    used 9803K, committed 9984K, reserved 1048576K
}
Event: 138.106 GC heap after
{Heap after GC invocations=75 (full 0):
 garbage-first heap   total 526336K, used 414912K [0x0000000081c00000, 0x0000000100000000)
  region size 1024K, 6 young (6144K), 6 survivors (6144K)
 Metaspace       used 96954K, committed 97344K, reserved 1138688K
  class space    used 9803K, committed 9984K, reserved 1048576K
}
Event: 139.096 GC heap before
{Heap before GC invocations=75 (full 0):
 garbage-first heap   total 526336K, used 459968K [0x0000000081c00000, 0x0000000100000000)
  region size 1024K, 50 young (51200K), 6 survivors (6144K)
 Metaspace       used 96997K, committed 97344K, reserved 1138688K
  class space    used 9803K, committed 9984K, reserved 1048576K
}
Event: 139.106 GC heap after
{Heap after GC invocations=76 (full 0):
 garbage-first heap   total 526336K, used 417342K [0x0000000081c00000, 0x0000000100000000)
  region size 1024K, 6 young (6144K), 6 survivors (6144K)
 Metaspace       used 96997K, committed 97344K, reserved 1138688K
  class space    used 9803K, committed 9984K, reserved 1048576K
}
Event: 139.386 GC heap before
{Heap before GC invocations=76 (full 0):
 garbage-first heap   total 526336K, used 461374K [0x0000000081c00000, 0x0000000100000000)
  region size 1024K, 49 young (50176K), 6 survivors (6144K)
 Metaspace       used 97004K, committed 97408K, reserved 1138688K
  class space    used 9803K, committed 9984K, reserved 1048576K
}
Event: 139.403 GC heap after
{Heap after GC invocations=77 (full 0):
 garbage-first heap   total 526336K, used 423120K [0x0000000081c00000, 0x0000000100000000)
  region size 1024K, 7 young (7168K), 7 survivors (7168K)
 Metaspace       used 97004K, committed 97408K, reserved 1138688K
  class space    used 9803K, committed 9984K, reserved 1048576K
}
Event: 139.512 GC heap before
{Heap before GC invocations=77 (full 0):
 garbage-first heap   total 526336K, used 458960K [0x0000000081c00000, 0x0000000100000000)
  region size 1024K, 42 young (43008K), 7 survivors (7168K)
 Metaspace       used 97005K, committed 97408K, reserved 1138688K
  class space    used 9803K, committed 9984K, reserved 1048576K
}
Event: 139.530 GC heap after
{Heap after GC invocations=78 (full 0):
 garbage-first heap   total 526336K, used 426421K [0x0000000081c00000, 0x0000000100000000)
  region size 1024K, 3 young (3072K), 3 survivors (3072K)
 Metaspace       used 97005K, committed 97408K, reserved 1138688K
  class space    used 9803K, committed 9984K, reserved 1048576K
}
Event: 140.035 GC heap before
{Heap before GC invocations=78 (full 0):
 garbage-first heap   total 526336K, used 460213K [0x0000000081c00000, 0x0000000100000000)
  region size 1024K, 36 young (36864K), 3 survivors (3072K)
 Metaspace       used 97048K, committed 97408K, reserved 1138688K
  class space    used 9804K, committed 9984K, reserved 1048576K
}
Event: 140.045 GC heap after
{Heap after GC invocations=79 (full 0):
 garbage-first heap   total 526336K, used 428935K [0x0000000081c00000, 0x0000000100000000)
  region size 1024K, 5 young (5120K), 5 survivors (5120K)
 Metaspace       used 97048K, committed 97408K, reserved 1138688K
  class space    used 9804K, committed 9984K, reserved 1048576K
}
Event: 140.302 GC heap before
{Heap before GC invocations=79 (full 0):
 garbage-first heap   total 526336K, used 461703K [0x0000000081c00000, 0x0000000100000000)
  region size 1024K, 37 young (37888K), 5 survivors (5120K)
 Metaspace       used 97058K, committed 97408K, reserved 1138688K
  class space    used 9804K, committed 9984K, reserved 1048576K
}
Event: 140.314 GC heap after
{Heap after GC invocations=80 (full 0):
 garbage-first heap   total 526336K, used 431405K [0x0000000081c00000, 0x0000000100000000)
  region size 1024K, 4 young (4096K), 4 survivors (4096K)
 Metaspace       used 97058K, committed 97408K, reserved 1138688K
  class space    used 9804K, committed 9984K, reserved 1048576K
}
Event: 140.687 GC heap before
{Heap before GC invocations=80 (full 0):
 garbage-first heap   total 526336K, used 461101K [0x0000000081c00000, 0x0000000100000000)
  region size 1024K, 33 young (33792K), 4 survivors (4096K)
 Metaspace       used 97065K, committed 97408K, reserved 1138688K
  class space    used 9804K, committed 9984K, reserved 1048576K
}
Event: 140.695 GC heap after
{Heap after GC invocations=81 (full 0):
 garbage-first heap   total 526336K, used 432833K [0x0000000081c00000, 0x0000000100000000)
  region size 1024K, 3 young (3072K), 3 survivors (3072K)
 Metaspace       used 97065K, committed 97408K, reserved 1138688K
  class space    used 9804K, committed 9984K, reserved 1048576K
}
Event: 141.106 GC heap before
{Heap before GC invocations=81 (full 0):
 garbage-first heap   total 526336K, used 462529K [0x0000000081c00000, 0x0000000100000000)
  region size 1024K, 32 young (32768K), 3 survivors (3072K)
 Metaspace       used 97095K, committed 97472K, reserved 1138688K
  class space    used 9805K, committed 9984K, reserved 1048576K
}
Event: 141.114 GC heap after
{Heap after GC invocations=82 (full 0):
 garbage-first heap   total 526336K, used 434199K [0x0000000081c00000, 0x0000000100000000)
  region size 1024K, 3 young (3072K), 3 survivors (3072K)
 Metaspace       used 97095K, committed 97472K, reserved 1138688K
  class space    used 9805K, committed 9984K, reserved 1048576K
}
Event: 141.192 GC heap before
{Heap before GC invocations=82 (full 0):
 garbage-first heap   total 526336K, used 462871K [0x0000000081c00000, 0x0000000100000000)
  region size 1024K, 31 young (31744K), 3 survivors (3072K)
 Metaspace       used 97097K, committed 97472K, reserved 1138688K
  class space    used 9805K, committed 9984K, reserved 1048576K
}
Event: 141.202 GC heap after
{Heap after GC invocations=83 (full 0):
 garbage-first heap   total 526336K, used 437099K [0x0000000081c00000, 0x0000000100000000)
  region size 1024K, 4 young (4096K), 4 survivors (4096K)
 Metaspace       used 97097K, committed 97472K, reserved 1138688K
  class space    used 9805K, committed 9984K, reserved 1048576K
}
Event: 141.252 GC heap before
{Heap before GC invocations=83 (full 0):
 garbage-first heap   total 526336K, used 462699K [0x0000000081c00000, 0x0000000100000000)
  region size 1024K, 29 young (29696K), 4 survivors (4096K)
 Metaspace       used 97098K, committed 97472K, reserved 1138688K
  class space    used 9805K, committed 9984K, reserved 1048576K
}

