# JRE version: OpenJDK Runtime Environment (17.0.6) (build 17.0.6+0-b2043.56-9586694)
# Java VM: OpenJDK 64-Bit Server VM (17.0.6+0-b2043.56-9586694, mixed mode, tiered, compressed oops, compressed class ptrs, g1 gc, windows-amd64)
GC Precious Log:
 CPUs: 4 total, 4 available
 Memory: 8076M
 Large Page Support: Disabled
 NUMA Support: Disabled
 Compressed Oops: Enabled (32-bit)
 Heap Region Size: 1M
 Heap Min Capacity: 8M
 Heap Initial Capacity: 128M
 Heap Max Capacity: 2G
 Pre-touch: Disabled
 Parallel Workers: 4
 Concurrent Workers: 1
 Concurrent Refinement Workers: 4
 Periodic GC: Disabled
Heap:
 garbage-first heap   total 196608K, used 117504K [0x0000000080000000, 0x0000000100000000)
  region size 1024K, 6 young (6144K), 6 survivors (6144K)
 Metaspace       used 96478K, committed 97152K, reserved 1138688K
  class space    used 13153K, committed 13440K, reserved 1048576K
GC Heap History (20 events):
Event: 28.973 GC heap after
{Heap after GC invocations=22 (full 0):
 garbage-first heap   total 143360K, used 76092K [0x0000000080000000, 0x0000000100000000)
  region size 1024K, 4 young (4096K), 4 survivors (4096K)
 Metaspace       used 83222K, committed 83840K, reserved 1122304K
  class space    used 11294K, committed 11584K, reserved 1048576K
}
Event: 30.030 GC heap before
{Heap before GC invocations=23 (full 0):
 garbage-first heap   total 147456K, used 116028K [0x0000000080000000, 0x0000000100000000)
  region size 1024K, 43 young (44032K), 4 survivors (4096K)
 Metaspace       used 85352K, committed 86016K, reserved 1130496K
  class space    used 11621K, committed 11904K, reserved 1048576K
}
Event: 30.045 GC heap after
{Heap after GC invocations=24 (full 0):
 garbage-first heap   total 147456K, used 80096K [0x0000000080000000, 0x0000000100000000)
  region size 1024K, 4 young (4096K), 4 survivors (4096K)
 Metaspace       used 85352K, committed 86016K, reserved 1130496K
  class space    used 11621K, committed 11904K, reserved 1048576K
}
Event: 30.144 GC heap before
{Heap before GC invocations=24 (full 0):
 garbage-first heap   total 147456K, used 83168K [0x0000000080000000, 0x0000000100000000)
  region size 1024K, 7 young (7168K), 4 survivors (4096K)
 Metaspace       used 85654K, committed 86336K, reserved 1130496K
  class space    used 11670K, committed 11968K, reserved 1048576K
}
Event: 30.155 GC heap after
{Heap after GC invocations=25 (full 0):
 garbage-first heap   total 147456K, used 79915K [0x0000000080000000, 0x0000000100000000)
  region size 1024K, 1 young (1024K), 1 survivors (1024K)
 Metaspace       used 85654K, committed 86336K, reserved 1130496K
  class space    used 11670K, committed 11968K, reserved 1048576K
}
Event: 31.431 GC heap before
{Heap before GC invocations=25 (full 0):
 garbage-first heap   total 147456K, used 118827K [0x0000000080000000, 0x0000000100000000)
  region size 1024K, 39 young (39936K), 1 survivors (1024K)
 Metaspace       used 90644K, committed 91328K, reserved 1130496K
  class space    used 12389K, committed 12672K, reserved 1048576K
}
Event: 31.440 GC heap after
{Heap after GC invocations=26 (full 0):
 garbage-first heap   total 196608K, used 81982K [0x0000000080000000, 0x0000000100000000)
  region size 1024K, 3 young (3072K), 3 survivors (3072K)
 Metaspace       used 90644K, committed 91328K, reserved 1130496K
  class space    used 12389K, committed 12672K, reserved 1048576K
}
Event: 33.201 GC heap before
{Heap before GC invocations=27 (full 0):
 garbage-first heap   total 196608K, used 154686K [0x0000000080000000, 0x0000000100000000)
  region size 1024K, 74 young (75776K), 3 survivors (3072K)
 Metaspace       used 93206K, committed 93888K, reserved 1130496K
  class space    used 12739K, committed 13056K, reserved 1048576K
}
Event: 33.229 GC heap after
{Heap after GC invocations=28 (full 0):
 garbage-first heap   total 196608K, used 91550K [0x0000000080000000, 0x0000000100000000)
  region size 1024K, 10 young (10240K), 10 survivors (10240K)
 Metaspace       used 93206K, committed 93888K, reserved 1130496K
  class space    used 12739K, committed 13056K, reserved 1048576K
}
Event: 33.246 GC heap before
{Heap before GC invocations=28 (full 0):
 garbage-first heap   total 196608K, used 92574K [0x0000000080000000, 0x0000000100000000)
  region size 1024K, 11 young (11264K), 10 survivors (10240K)
 Metaspace       used 93206K, committed 93888K, reserved 1130496K
  class space    used 12739K, committed 13056K, reserved 1048576K
}
Event: 33.270 GC heap after
{Heap after GC invocations=29 (full 0):
 garbage-first heap   total 196608K, used 92326K [0x0000000080000000, 0x0000000100000000)
  region size 1024K, 2 young (2048K), 2 survivors (2048K)
 Metaspace       used 93206K, committed 93888K, reserved 1130496K
  class space    used 12739K, committed 13056K, reserved 1048576K
}
Event: 35.305 GC heap before
{Heap before GC invocations=29 (full 0):
 garbage-first heap   total 196608K, used 154790K [0x0000000080000000, 0x0000000100000000)
  region size 1024K, 64 young (65536K), 2 survivors (2048K)
 Metaspace       used 95303K, committed 96000K, reserved 1138688K
  class space    used 13060K, committed 13376K, reserved 1048576K
}
Event: 35.323 GC heap after
{Heap after GC invocations=30 (full 0):
 garbage-first heap   total 196608K, used 100761K [0x0000000080000000, 0x0000000100000000)
  region size 1024K, 8 young (8192K), 8 survivors (8192K)
 Metaspace       used 95303K, committed 96000K, reserved 1138688K
  class space    used 13060K, committed 13376K, reserved 1048576K
}
Event: 36.526 GC heap before
{Heap before GC invocations=30 (full 0):
 garbage-first heap   total 196608K, used 155033K [0x0000000080000000, 0x0000000100000000)
  region size 1024K, 62 young (63488K), 8 survivors (8192K)
 Metaspace       used 95586K, committed 96256K, reserved 1138688K
  class space    used 13060K, committed 13376K, reserved 1048576K
}
Event: 36.546 GC heap after
{Heap after GC invocations=31 (full 0):
 garbage-first heap   total 196608K, used 104473K [0x0000000080000000, 0x0000000100000000)
  region size 1024K, 6 young (6144K), 6 survivors (6144K)
 Metaspace       used 95586K, committed 96256K, reserved 1138688K
  class space    used 13060K, committed 13376K, reserved 1048576K
}
Event: 38.004 GC heap before
{Heap before GC invocations=31 (full 0):
 garbage-first heap   total 196608K, used 156697K [0x0000000080000000, 0x0000000100000000)
  region size 1024K, 58 young (59392K), 6 survivors (6144K)
 Metaspace       used 96081K, committed 96832K, reserved 1138688K
  class space    used 13114K, committed 13440K, reserved 1048576K
}
Event: 38.021 GC heap after
{Heap after GC invocations=32 (full 0):
 garbage-first heap   total 196608K, used 109560K [0x0000000080000000, 0x0000000100000000)
  region size 1024K, 8 young (8192K), 8 survivors (8192K)
 Metaspace       used 96081K, committed 96832K, reserved 1138688K
  class space    used 13114K, committed 13440K, reserved 1048576K
}
Event: 38.864 GC heap before
{Heap before GC invocations=32 (full 0):
 garbage-first heap   total 196608K, used 156664K [0x0000000080000000, 0x0000000100000000)
  region size 1024K, 55 young (56320K), 8 survivors (8192K)
 Metaspace       used 96185K, committed 96896K, reserved 1138688K
  class space    used 13128K, committed 13440K, reserved 1048576K
}
Event: 38.882 GC heap after
{Heap after GC invocations=33 (full 0):
 garbage-first heap   total 196608K, used 113142K [0x0000000080000000, 0x0000000100000000)
  region size 1024K, 6 young (6144K), 6 survivors (6144K)
 Metaspace       used 96185K, committed 96896K, reserved 1138688K
  class space    used 13128K, committed 13440K, reserved 1048576K
}
Event: 39.868 GC heap before
{Heap before GC invocations=33 (full 0):
 garbage-first heap   total 196608K, used 158198K [0x0000000080000000, 0x0000000100000000)
  region size 1024K, 51 young (52224K), 6 survivors (6144K)
 Metaspace       used 96478K, committed 97152K, reserved 1138688K
  class space    used 13153K, committed 13440K, reserved 1048576K
}

