# JRE version: OpenJDK Runtime Environment (17.0.6) (build 17.0.6+0-b2043.56-9586694)
# Java VM: OpenJDK 64-Bit Server VM (17.0.6+0-b2043.56-9586694, mixed mode, tiered, compressed oops, compressed class ptrs, g1 gc, windows-amd64)
GC Precious Log:
 CPUs: 4 total, 4 available
 Memory: 8076M
 Large Page Support: Disabled
 NUMA Support: Disabled
 Compressed Oops: Enabled (32-bit)
 Heap Region Size: 1M
 Heap Min Capacity: 8M
 Heap Initial Capacity: 128M
 Heap Max Capacity: 2G
 Pre-touch: Disabled
 Parallel Workers: 4
 Concurrent Workers: 1
 Concurrent Refinement Workers: 4
 Periodic GC: Disabled
Heap:
 garbage-first heap   total 534528K, used 167633K [0x0000000080000000, 0x0000000100000000)
  region size 1024K, 19 young (19456K), 18 survivors (18432K)
 Metaspace       used 125563K, committed 126528K, reserved 1163264K
  class space    used 16815K, committed 17280K, reserved 1048576K
GC Heap History (20 events):
Event: 4055.123 GC heap before
{Heap before GC invocations=59 (full 1):
 garbage-first heap   total 358400K, used 297827K [0x0000000080000000, 0x0000000100000000)
  region size 1024K, 188 young (192512K), 0 survivors (0K)
 Metaspace       used 124677K, committed 125632K, reserved 1163264K
  class space    used 16759K, committed 17216K, reserved 1048576K
}
Event: 4055.183 GC heap after
{Heap after GC invocations=60 (full 1):
 garbage-first heap   total 358400K, used 121540K [0x0000000080000000, 0x0000000100000000)
  region size 1024K, 16 young (16384K), 16 survivors (16384K)
 Metaspace       used 124677K, committed 125632K, reserved 1163264K
  class space    used 16759K, committed 17216K, reserved 1048576K
}
Event: 4056.672 GC heap before
{Heap before GC invocations=60 (full 1):
 garbage-first heap   total 358400K, used 290500K [0x0000000080000000, 0x0000000100000000)
  region size 1024K, 182 young (186368K), 16 survivors (16384K)
 Metaspace       used 124770K, committed 125696K, reserved 1163264K
  class space    used 16766K, committed 17216K, reserved 1048576K
}
Event: 4056.766 GC heap after
{Heap after GC invocations=61 (full 1):
 garbage-first heap   total 358400K, used 130878K [0x0000000080000000, 0x0000000100000000)
  region size 1024K, 10 young (10240K), 10 survivors (10240K)
 Metaspace       used 124770K, committed 125696K, reserved 1163264K
  class space    used 16766K, committed 17216K, reserved 1048576K
}
Event: 4058.282 GC heap before
{Heap before GC invocations=61 (full 1):
 garbage-first heap   total 358400K, used 289598K [0x0000000080000000, 0x0000000100000000)
  region size 1024K, 166 young (169984K), 10 survivors (10240K)
 Metaspace       used 124798K, committed 125696K, reserved 1163264K
  class space    used 16767K, committed 17216K, reserved 1048576K
}
Event: 4058.302 GC heap after
{Heap after GC invocations=62 (full 1):
 garbage-first heap   total 358400K, used 132263K [0x0000000080000000, 0x0000000100000000)
  region size 1024K, 11 young (11264K), 11 survivors (11264K)
 Metaspace       used 124798K, committed 125696K, reserved 1163264K
  class space    used 16767K, committed 17216K, reserved 1048576K
}
Event: 4060.112 GC heap before
{Heap before GC invocations=62 (full 1):
 garbage-first heap   total 358400K, used 290983K [0x0000000080000000, 0x0000000100000000)
  region size 1024K, 167 young (171008K), 11 survivors (11264K)
 Metaspace       used 124841K, committed 125824K, reserved 1163264K
  class space    used 16767K, committed 17216K, reserved 1048576K
}
Event: 4060.125 GC heap after
{Heap after GC invocations=63 (full 1):
 garbage-first heap   total 358400K, used 126673K [0x0000000080000000, 0x0000000100000000)
  region size 1024K, 6 young (6144K), 6 survivors (6144K)
 Metaspace       used 124841K, committed 125824K, reserved 1163264K
  class space    used 16767K, committed 17216K, reserved 1048576K
}
Event: 4061.803 GC heap before
{Heap before GC invocations=63 (full 1):
 garbage-first heap   total 358400K, used 286417K [0x0000000080000000, 0x0000000100000000)
  region size 1024K, 133 young (136192K), 6 survivors (6144K)
 Metaspace       used 124994K, committed 125952K, reserved 1163264K
  class space    used 16772K, committed 17216K, reserved 1048576K
}
Event: 4061.810 GC heap after
{Heap after GC invocations=64 (full 1):
 garbage-first heap   total 358400K, used 131281K [0x0000000080000000, 0x0000000100000000)
  region size 1024K, 2 young (2048K), 2 survivors (2048K)
 Metaspace       used 124994K, committed 125952K, reserved 1163264K
  class space    used 16772K, committed 17216K, reserved 1048576K
}
Event: 4061.893 GC heap before
{Heap before GC invocations=64 (full 1):
 garbage-first heap   total 358400K, used 157905K [0x0000000080000000, 0x0000000100000000)
  region size 1024K, 3 young (3072K), 2 survivors (2048K)
 Metaspace       used 124994K, committed 125952K, reserved 1163264K
  class space    used 16772K, committed 17216K, reserved 1048576K
}
Event: 4061.897 GC heap after
{Heap after GC invocations=65 (full 1):
 garbage-first heap   total 358400K, used 129011K [0x0000000080000000, 0x0000000100000000)
  region size 1024K, 2 young (2048K), 2 survivors (2048K)
 Metaspace       used 124994K, committed 125952K, reserved 1163264K
  class space    used 16772K, committed 17216K, reserved 1048576K
}
Event: 4061.955 GC heap before
{Heap before GC invocations=65 (full 1):
 garbage-first heap   total 358400K, used 151539K [0x0000000080000000, 0x0000000100000000)
  region size 1024K, 3 young (3072K), 2 survivors (2048K)
 Metaspace       used 124994K, committed 125952K, reserved 1163264K
  class space    used 16772K, committed 17216K, reserved 1048576K
}
Event: 4061.958 GC heap after
{Heap after GC invocations=66 (full 1):
 garbage-first heap   total 358400K, used 131038K [0x0000000080000000, 0x0000000100000000)
  region size 1024K, 2 young (2048K), 2 survivors (2048K)
 Metaspace       used 124994K, committed 125952K, reserved 1163264K
  class space    used 16772K, committed 17216K, reserved 1048576K
}
Event: 4061.986 GC heap before
{Heap before GC invocations=66 (full 1):
 garbage-first heap   total 358400K, used 137182K [0x0000000080000000, 0x0000000100000000)
  region size 1024K, 3 young (3072K), 2 survivors (2048K)
 Metaspace       used 124994K, committed 125952K, reserved 1163264K
  class space    used 16772K, committed 17216K, reserved 1048576K
}
Event: 4061.990 GC heap after
{Heap after GC invocations=67 (full 1):
 garbage-first heap   total 358400K, used 128971K [0x0000000080000000, 0x0000000100000000)
  region size 1024K, 2 young (2048K), 2 survivors (2048K)
 Metaspace       used 124994K, committed 125952K, reserved 1163264K
  class space    used 16772K, committed 17216K, reserved 1048576K
}
Event: 4062.001 GC heap before
{Heap before GC invocations=67 (full 1):
 garbage-first heap   total 358400K, used 133067K [0x0000000080000000, 0x0000000100000000)
  region size 1024K, 3 young (3072K), 2 survivors (2048K)
 Metaspace       used 124994K, committed 125952K, reserved 1163264K
  class space    used 16772K, committed 17216K, reserved 1048576K
}
Event: 4062.058 GC heap after
{Heap after GC invocations=68 (full 1):
 garbage-first heap   total 534528K, used 128970K [0x0000000080000000, 0x0000000100000000)
  region size 1024K, 2 young (2048K), 2 survivors (2048K)
 Metaspace       used 124994K, committed 125952K, reserved 1163264K
  class space    used 16772K, committed 17216K, reserved 1048576K
}
Event: 4099.882 GC heap before
{Heap before GC invocations=68 (full 1):
 garbage-first heap   total 534528K, used 453578K [0x0000000080000000, 0x0000000100000000)
  region size 1024K, 286 young (292864K), 2 survivors (2048K)
 Metaspace       used 125562K, committed 126528K, reserved 1163264K
  class space    used 16815K, committed 17280K, reserved 1048576K
}
Event: 4099.981 GC heap after
{Heap after GC invocations=69 (full 1):
 garbage-first heap   total 534528K, used 144082K [0x0000000080000000, 0x0000000100000000)
  region size 1024K, 17 young (17408K), 17 survivors (17408K)
 Metaspace       used 125562K, committed 126528K, reserved 1163264K
  class space    used 16815K, committed 17280K, reserved 1048576K
}

