# JRE version: OpenJDK Runtime Environment (17.0.6) (build 17.0.6+0-b2043.56-9586694)
# Java VM: OpenJDK 64-Bit Server VM (17.0.6+0-b2043.56-9586694, mixed mode, tiered, compressed oops, compressed class ptrs, g1 gc, windows-amd64)
GC Precious Log:
 CPUs: 4 total, 4 available
 Memory: 8076M
 Large Page Support: Disabled
 NUMA Support: Disabled
 Compressed Oops: Enabled (32-bit)
 Heap Region Size: 1M
 Heap Min Capacity: 8M
 Heap Initial Capacity: 128M
 Heap Max Capacity: 2020M
 Pre-touch: Disabled
 Parallel Workers: 4
 Concurrent Workers: 1
 Concurrent Refinement Workers: 4
 Periodic GC: Disabled
Heap:
 garbage-first heap   total 336896K, used 267264K [0x0000000081c00000, 0x0000000100000000)
  region size 1024K, 5 young (5120K), 5 survivors (5120K)
 Metaspace       used 77898K, committed 78272K, reserved 1122304K
  class space    used 8284K, committed 8448K, reserved 1048576K
GC Heap History (20 events):
Event: 62.609 GC heap after
{Heap after GC invocations=41 (full 0):
 garbage-first heap   total 336896K, used 167846K [0x0000000081c00000, 0x0000000100000000)
  region size 1024K, 17 young (17408K), 17 survivors (17408K)
 Metaspace       used 67340K, committed 67712K, reserved 1114112K
  class space    used 7301K, committed 7488K, reserved 1048576K
}
Event: 69.476 GC heap before
{Heap before GC invocations=41 (full 0):
 garbage-first heap   total 336896K, used 283558K [0x0000000081c00000, 0x0000000100000000)
  region size 1024K, 130 young (133120K), 17 survivors (17408K)
 Metaspace       used 68064K, committed 68416K, reserved 1114112K
  class space    used 7349K, committed 7488K, reserved 1048576K
}
Event: 69.526 GC heap after
{Heap after GC invocations=42 (full 0):
 garbage-first heap   total 336896K, used 173431K [0x0000000081c00000, 0x0000000100000000)
  region size 1024K, 14 young (14336K), 14 survivors (14336K)
 Metaspace       used 68064K, committed 68416K, reserved 1114112K
  class space    used 7349K, committed 7488K, reserved 1048576K
}
Event: 71.491 GC heap before
{Heap before GC invocations=42 (full 0):
 garbage-first heap   total 336896K, used 284023K [0x0000000081c00000, 0x0000000100000000)
  region size 1024K, 122 young (124928K), 14 survivors (14336K)
 Metaspace       used 68146K, committed 68480K, reserved 1114112K
  class space    used 7353K, committed 7488K, reserved 1048576K
}
Event: 71.526 GC heap after
{Heap after GC invocations=43 (full 0):
 garbage-first heap   total 336896K, used 176502K [0x0000000081c00000, 0x0000000100000000)
  region size 1024K, 9 young (9216K), 9 survivors (9216K)
 Metaspace       used 68146K, committed 68480K, reserved 1114112K
  class space    used 7353K, committed 7488K, reserved 1048576K
}
Event: 75.409 GC heap before
{Heap before GC invocations=43 (full 0):
 garbage-first heap   total 336896K, used 286070K [0x0000000081c00000, 0x0000000100000000)
  region size 1024K, 116 young (118784K), 9 survivors (9216K)
 Metaspace       used 74609K, committed 74944K, reserved 1122304K
  class space    used 7958K, committed 8128K, reserved 1048576K
}
Event: 75.443 GC heap after
{Heap after GC invocations=44 (full 0):
 garbage-first heap   total 336896K, used 183151K [0x0000000081c00000, 0x0000000100000000)
  region size 1024K, 10 young (10240K), 10 survivors (10240K)
 Metaspace       used 74609K, committed 74944K, reserved 1122304K
  class space    used 7958K, committed 8128K, reserved 1048576K
}
Event: 78.548 GC heap before
{Heap before GC invocations=44 (full 0):
 garbage-first heap   total 336896K, used 284527K [0x0000000081c00000, 0x0000000100000000)
  region size 1024K, 109 young (111616K), 10 survivors (10240K)
 Metaspace       used 76340K, committed 76736K, reserved 1122304K
  class space    used 8126K, committed 8320K, reserved 1048576K
}
Event: 78.627 GC heap after
{Heap after GC invocations=45 (full 0):
 garbage-first heap   total 336896K, used 209811K [0x0000000081c00000, 0x0000000100000000)
  region size 1024K, 14 young (14336K), 14 survivors (14336K)
 Metaspace       used 76340K, committed 76736K, reserved 1122304K
  class space    used 8126K, committed 8320K, reserved 1048576K
}
Event: 79.216 GC heap before
{Heap before GC invocations=45 (full 0):
 garbage-first heap   total 336896K, used 272275K [0x0000000081c00000, 0x0000000100000000)
  region size 1024K, 75 young (76800K), 14 survivors (14336K)
 Metaspace       used 76916K, committed 77248K, reserved 1122304K
  class space    used 8210K, committed 8384K, reserved 1048576K
}
Event: 79.269 GC heap after
{Heap after GC invocations=46 (full 0):
 garbage-first heap   total 336896K, used 229376K [0x0000000081c00000, 0x0000000100000000)
  region size 1024K, 10 young (10240K), 10 survivors (10240K)
 Metaspace       used 76916K, committed 77248K, reserved 1122304K
  class space    used 8210K, committed 8384K, reserved 1048576K
}
Event: 79.406 GC heap before
{Heap before GC invocations=46 (full 0):
 garbage-first heap   total 336896K, used 273408K [0x0000000081c00000, 0x0000000100000000)
  region size 1024K, 53 young (54272K), 10 survivors (10240K)
 Metaspace       used 76928K, committed 77248K, reserved 1122304K
  class space    used 8211K, committed 8384K, reserved 1048576K
}
Event: 79.435 GC heap after
{Heap after GC invocations=47 (full 0):
 garbage-first heap   total 336896K, used 235520K [0x0000000081c00000, 0x0000000100000000)
  region size 1024K, 6 young (6144K), 6 survivors (6144K)
 Metaspace       used 76928K, committed 77248K, reserved 1122304K
  class space    used 8211K, committed 8384K, reserved 1048576K
}
Event: 79.528 GC heap before
{Heap before GC invocations=47 (full 0):
 garbage-first heap   total 336896K, used 278528K [0x0000000081c00000, 0x0000000100000000)
  region size 1024K, 48 young (49152K), 6 survivors (6144K)
 Metaspace       used 76937K, committed 77312K, reserved 1122304K
  class space    used 8211K, committed 8384K, reserved 1048576K
}
Event: 79.557 GC heap after
{Heap after GC invocations=48 (full 0):
 garbage-first heap   total 336896K, used 239387K [0x0000000081c00000, 0x0000000100000000)
  region size 1024K, 5 young (5120K), 5 survivors (5120K)
 Metaspace       used 76937K, committed 77312K, reserved 1122304K
  class space    used 8211K, committed 8384K, reserved 1048576K
}
Event: 80.119 GC heap before
{Heap before GC invocations=48 (full 0):
 garbage-first heap   total 336896K, used 281371K [0x0000000081c00000, 0x0000000100000000)
  region size 1024K, 46 young (47104K), 5 survivors (5120K)
 Metaspace       used 77285K, committed 77632K, reserved 1122304K
  class space    used 8231K, committed 8384K, reserved 1048576K
}
Event: 80.132 GC heap after
{Heap after GC invocations=49 (full 0):
 garbage-first heap   total 336896K, used 243223K [0x0000000081c00000, 0x0000000100000000)
  region size 1024K, 4 young (4096K), 4 survivors (4096K)
 Metaspace       used 77285K, committed 77632K, reserved 1122304K
  class space    used 8231K, committed 8384K, reserved 1048576K
}
Event: 81.068 GC heap before
{Heap before GC invocations=49 (full 0):
 garbage-first heap   total 336896K, used 285207K [0x0000000081c00000, 0x0000000100000000)
  region size 1024K, 45 young (46080K), 4 survivors (4096K)
 Metaspace       used 77790K, committed 78208K, reserved 1122304K
  class space    used 8278K, committed 8448K, reserved 1048576K
}
Event: 81.094 GC heap after
{Heap after GC invocations=50 (full 0):
 garbage-first heap   total 336896K, used 253143K [0x0000000081c00000, 0x0000000100000000)
  region size 1024K, 6 young (6144K), 6 survivors (6144K)
 Metaspace       used 77790K, committed 78208K, reserved 1122304K
  class space    used 8278K, committed 8448K, reserved 1048576K
}
Event: 81.462 GC heap before
{Heap before GC invocations=50 (full 0):
 garbage-first heap   total 336896K, used 283863K [0x0000000081c00000, 0x0000000100000000)
  region size 1024K, 36 young (36864K), 6 survivors (6144K)
 Metaspace       used 77898K, committed 78272K, reserved 1122304K
  class space    used 8284K, committed 8448K, reserved 1048576K
}

