# JRE version: OpenJDK Runtime Environment (17.0.6) (build 17.0.6+0-b2043.56-9586694)
# Java VM: OpenJDK 64-Bit Server VM (17.0.6+0-b2043.56-9586694, mixed mode, tiered, compressed oops, compressed class ptrs, g1 gc, windows-amd64)
GC Precious Log:
 CPUs: 4 total, 4 available
 Memory: 8076M
 Large Page Support: Disabled
 NUMA Support: Disabled
 Compressed Oops: Enabled (32-bit)
 Heap Region Size: 1M
 Heap Min Capacity: 8M
 Heap Initial Capacity: 128M
 Heap Max Capacity: 2G
 Pre-touch: Disabled
 Parallel Workers: 4
 Concurrent Workers: 1
 Concurrent Refinement Workers: 4
 Periodic GC: Disabled
Heap:
 garbage-first heap   total 330752K, used 148500K [0x0000000080000000, 0x0000000100000000)
  region size 1024K, 11 young (11264K), 1 survivors (1024K)
 Metaspace       used 123027K, committed 123968K, reserved 1163264K
  class space    used 16667K, committed 17088K, reserved 1048576K
GC Heap History (20 events):
Event: 183.496 GC heap before
{Heap before GC invocations=54 (full 0):
 garbage-first heap   total 211968K, used 180401K [0x0000000080000000, 0x0000000100000000)
  region size 1024K, 34 young (34816K), 2 survivors (2048K)
 Metaspace       used 103493K, committed 104320K, reserved 1146880K
  class space    used 14052K, committed 14464K, reserved 1048576K
}
Event: 183.505 GC heap after
{Heap after GC invocations=55 (full 0):
 garbage-first heap   total 211968K, used 152533K [0x0000000080000000, 0x0000000100000000)
  region size 1024K, 5 young (5120K), 5 survivors (5120K)
 Metaspace       used 103493K, committed 104320K, reserved 1146880K
  class space    used 14052K, committed 14464K, reserved 1048576K
}
Event: 184.438 GC heap before
{Heap before GC invocations=55 (full 0):
 garbage-first heap   total 211968K, used 180181K [0x0000000080000000, 0x0000000100000000)
  region size 1024K, 33 young (33792K), 5 survivors (5120K)
 Metaspace       used 104523K, committed 105408K, reserved 1146880K
  class space    used 14135K, committed 14592K, reserved 1048576K
}
Event: 184.451 GC heap after
{Heap after GC invocations=56 (full 0):
 garbage-first heap   total 211968K, used 155319K [0x0000000080000000, 0x0000000100000000)
  region size 1024K, 3 young (3072K), 3 survivors (3072K)
 Metaspace       used 104523K, committed 105408K, reserved 1146880K
  class space    used 14135K, committed 14592K, reserved 1048576K
}
Event: 184.690 GC heap before
{Heap before GC invocations=56 (full 0):
 garbage-first heap   total 211968K, used 180919K [0x0000000080000000, 0x0000000100000000)
  region size 1024K, 29 young (29696K), 3 survivors (3072K)
 Metaspace       used 105185K, committed 106112K, reserved 1146880K
  class space    used 14229K, committed 14656K, reserved 1048576K
}
Event: 184.699 GC heap after
{Heap after GC invocations=57 (full 0):
 garbage-first heap   total 211968K, used 155837K [0x0000000080000000, 0x0000000100000000)
  region size 1024K, 1 young (1024K), 1 survivors (1024K)
 Metaspace       used 105185K, committed 106112K, reserved 1146880K
  class space    used 14229K, committed 14656K, reserved 1048576K
}
Event: 185.190 GC heap before
{Heap before GC invocations=57 (full 0):
 garbage-first heap   total 211968K, used 161981K [0x0000000080000000, 0x0000000100000000)
  region size 1024K, 8 young (8192K), 1 survivors (1024K)
 Metaspace       used 106591K, committed 107456K, reserved 1146880K
  class space    used 14423K, committed 14848K, reserved 1048576K
}
Event: 185.194 GC heap after
{Heap after GC invocations=58 (full 0):
 garbage-first heap   total 211968K, used 156130K [0x0000000080000000, 0x0000000100000000)
  region size 1024K, 1 young (1024K), 1 survivors (1024K)
 Metaspace       used 106591K, committed 107456K, reserved 1146880K
  class space    used 14423K, committed 14848K, reserved 1048576K
}
Event: 186.627 GC heap before
{Heap before GC invocations=59 (full 0):
 garbage-first heap   total 271360K, used 178658K [0x0000000080000000, 0x0000000100000000)
  region size 1024K, 23 young (23552K), 1 survivors (1024K)
 Metaspace       used 111541K, committed 112448K, reserved 1146880K
  class space    used 15112K, committed 15552K, reserved 1048576K
}
Event: 186.635 GC heap after
{Heap after GC invocations=60 (full 0):
 garbage-first heap   total 271360K, used 157586K [0x0000000080000000, 0x0000000100000000)
  region size 1024K, 3 young (3072K), 3 survivors (3072K)
 Metaspace       used 111541K, committed 112448K, reserved 1146880K
  class space    used 15112K, committed 15552K, reserved 1048576K
}
Event: 186.897 GC heap before
{Heap before GC invocations=60 (full 0):
 garbage-first heap   total 271360K, used 167826K [0x0000000080000000, 0x0000000100000000)
  region size 1024K, 13 young (13312K), 3 survivors (3072K)
 Metaspace       used 112555K, committed 113472K, reserved 1155072K
  class space    used 15247K, committed 15680K, reserved 1048576K
}
Event: 186.924 GC heap after
{Heap after GC invocations=61 (full 0):
 garbage-first heap   total 271360K, used 139041K [0x0000000080000000, 0x0000000100000000)
  region size 1024K, 1 young (1024K), 1 survivors (1024K)
 Metaspace       used 112555K, committed 113472K, reserved 1155072K
  class space    used 15247K, committed 15680K, reserved 1048576K
}
Event: 187.532 GC heap before
{Heap before GC invocations=61 (full 0):
 garbage-first heap   total 271360K, used 151329K [0x0000000080000000, 0x0000000100000000)
  region size 1024K, 13 young (13312K), 1 survivors (1024K)
 Metaspace       used 115130K, committed 116032K, reserved 1155072K
  class space    used 15638K, committed 16064K, reserved 1048576K
}
Event: 187.542 GC heap after
{Heap after GC invocations=62 (full 0):
 garbage-first heap   total 271360K, used 136650K [0x0000000080000000, 0x0000000100000000)
  region size 1024K, 2 young (2048K), 2 survivors (2048K)
 Metaspace       used 115130K, committed 116032K, reserved 1155072K
  class space    used 15638K, committed 16064K, reserved 1048576K
}
Event: 190.172 GC heap before
{Heap before GC invocations=62 (full 0):
 garbage-first heap   total 271360K, used 223690K [0x0000000080000000, 0x0000000100000000)
  region size 1024K, 87 young (89088K), 2 survivors (2048K)
 Metaspace       used 117190K, committed 118080K, reserved 1155072K
  class space    used 15854K, committed 16320K, reserved 1048576K
}
Event: 190.179 GC heap after
{Heap after GC invocations=63 (full 0):
 garbage-first heap   total 271360K, used 137123K [0x0000000080000000, 0x0000000100000000)
  region size 1024K, 2 young (2048K), 2 survivors (2048K)
 Metaspace       used 117190K, committed 118080K, reserved 1155072K
  class space    used 15854K, committed 16320K, reserved 1048576K
}
Event: 193.300 GC heap before
{Heap before GC invocations=64 (full 0):
 garbage-first heap   total 330752K, used 320419K [0x0000000080000000, 0x0000000100000000)
  region size 1024K, 80 young (81920K), 2 survivors (2048K)
 Metaspace       used 122799K, committed 123712K, reserved 1163264K
  class space    used 16645K, committed 17088K, reserved 1048576K
}
Event: 193.313 GC heap after
{Heap after GC invocations=65 (full 0):
 garbage-first heap   total 330752K, used 140561K [0x0000000080000000, 0x0000000100000000)
  region size 1024K, 5 young (5120K), 5 survivors (5120K)
 Metaspace       used 122799K, committed 123712K, reserved 1163264K
  class space    used 16645K, committed 17088K, reserved 1048576K
}
Event: 331.646 GC heap before
{Heap before GC invocations=65 (full 0):
 garbage-first heap   total 330752K, used 151825K [0x0000000080000000, 0x0000000100000000)
  region size 1024K, 16 young (16384K), 5 survivors (5120K)
 Metaspace       used 123021K, committed 123968K, reserved 1163264K
  class space    used 16666K, committed 17088K, reserved 1048576K
}
Event: 331.673 GC heap after
{Heap after GC invocations=66 (full 0):
 garbage-first heap   total 330752K, used 139284K [0x0000000080000000, 0x0000000100000000)
  region size 1024K, 1 young (1024K), 1 survivors (1024K)
 Metaspace       used 123021K, committed 123968K, reserved 1163264K
  class space    used 16666K, committed 17088K, reserved 1048576K
}

