# JRE version: OpenJDK Runtime Environment (17.0.6) (build 17.0.6+0-b2043.56-9586694)
# Java VM: OpenJDK 64-Bit Server VM (17.0.6+0-b2043.56-9586694, mixed mode, tiered, compressed oops, compressed class ptrs, g1 gc, windows-amd64)
GC Precious Log:
 CPUs: 4 total, 4 available
 Memory: 8076M
 Large Page Support: Disabled
 NUMA Support: Disabled
 Compressed Oops: Enabled (32-bit)
 Heap Region Size: 1M
 Heap Min Capacity: 8M
 Heap Initial Capacity: 128M
 Heap Max Capacity: 2G
 Pre-touch: Disabled
 Parallel Workers: 4
 Concurrent Workers: 1
 Concurrent Refinement Workers: 4
 Periodic GC: Disabled
Heap:
 garbage-first heap   total 342016K, used 149552K [0x0000000080000000, 0x0000000100000000)
  region size 1024K, 3 young (3072K), 3 survivors (3072K)
 Metaspace       used 126258K, committed 127360K, reserved 1163264K
  class space    used 16926K, committed 17472K, reserved 1048576K
GC Heap History (20 events):
Event: 952.599 GC heap after
{Heap after GC invocations=59 (full 0):
 garbage-first heap   total 342016K, used 142283K [0x0000000080000000, 0x0000000100000000)
  region size 1024K, 1 young (1024K), 1 survivors (1024K)
 Metaspace       used 125146K, committed 126208K, reserved 1163264K
  class space    used 16899K, committed 17408K, reserved 1048576K
}
Event: 1007.622 GC heap before
{Heap before GC invocations=59 (full 0):
 garbage-first heap   total 342016K, used 281547K [0x0000000080000000, 0x0000000100000000)
  region size 1024K, 138 young (141312K), 1 survivors (1024K)
 Metaspace       used 125373K, committed 126400K, reserved 1163264K
  class space    used 16904K, committed 17408K, reserved 1048576K
}
Event: 1007.670 GC heap after
{Heap after GC invocations=60 (full 0):
 garbage-first heap   total 342016K, used 154030K [0x0000000080000000, 0x0000000100000000)
  region size 1024K, 13 young (13312K), 13 survivors (13312K)
 Metaspace       used 125373K, committed 126400K, reserved 1163264K
  class space    used 16904K, committed 17408K, reserved 1048576K
}
Event: 1027.540 GC heap before
{Heap before GC invocations=61 (full 0):
 garbage-first heap   total 342016K, used 278958K [0x0000000080000000, 0x0000000100000000)
  region size 1024K, 136 young (139264K), 13 survivors (13312K)
 Metaspace       used 125643K, committed 126720K, reserved 1163264K
  class space    used 16908K, committed 17408K, reserved 1048576K
}
Event: 1027.580 GC heap after
{Heap after GC invocations=62 (full 0):
 garbage-first heap   total 342016K, used 158090K [0x0000000080000000, 0x0000000100000000)
  region size 1024K, 5 young (5120K), 5 survivors (5120K)
 Metaspace       used 125643K, committed 126720K, reserved 1163264K
  class space    used 16908K, committed 17408K, reserved 1048576K
}
Event: 1027.849 GC heap before
{Heap before GC invocations=62 (full 0):
 garbage-first heap   total 342016K, used 168330K [0x0000000080000000, 0x0000000100000000)
  region size 1024K, 16 young (16384K), 5 survivors (5120K)
 Metaspace       used 125657K, committed 126720K, reserved 1163264K
  class space    used 16908K, committed 17408K, reserved 1048576K
}
Event: 1027.870 GC heap after
{Heap after GC invocations=63 (full 0):
 garbage-first heap   total 342016K, used 158161K [0x0000000080000000, 0x0000000100000000)
  region size 1024K, 2 young (2048K), 2 survivors (2048K)
 Metaspace       used 125657K, committed 126720K, reserved 1163264K
  class space    used 16908K, committed 17408K, reserved 1048576K
}
Event: 1028.186 GC heap before
{Heap before GC invocations=63 (full 0):
 garbage-first heap   total 342016K, used 181713K [0x0000000080000000, 0x0000000100000000)
  region size 1024K, 26 young (26624K), 2 survivors (2048K)
 Metaspace       used 125685K, committed 126784K, reserved 1163264K
  class space    used 16908K, committed 17408K, reserved 1048576K
}
Event: 1028.200 GC heap after
{Heap after GC invocations=64 (full 0):
 garbage-first heap   total 342016K, used 163345K [0x0000000080000000, 0x0000000100000000)
  region size 1024K, 8 young (8192K), 8 survivors (8192K)
 Metaspace       used 125685K, committed 126784K, reserved 1163264K
  class space    used 16908K, committed 17408K, reserved 1048576K
}
Event: 1325.750 GC heap before
{Heap before GC invocations=65 (full 0):
 garbage-first heap   total 342016K, used 322624K [0x0000000080000000, 0x0000000100000000)
  region size 1024K, 64 young (65536K), 8 survivors (8192K)
 Metaspace       used 125804K, committed 126848K, reserved 1163264K
  class space    used 16911K, committed 17408K, reserved 1048576K
}
Event: 1325.765 GC heap after
{Heap after GC invocations=66 (full 0):
 garbage-first heap   total 342016K, used 157174K [0x0000000080000000, 0x0000000100000000)
  region size 1024K, 5 young (5120K), 5 survivors (5120K)
 Metaspace       used 125804K, committed 126848K, reserved 1163264K
  class space    used 16911K, committed 17408K, reserved 1048576K
}
Event: 1326.440 GC heap before
{Heap before GC invocations=66 (full 0):
 garbage-first heap   total 342016K, used 168438K [0x0000000080000000, 0x0000000100000000)
  region size 1024K, 16 young (16384K), 5 survivors (5120K)
 Metaspace       used 125860K, committed 126912K, reserved 1163264K
  class space    used 16917K, committed 17408K, reserved 1048576K
}
Event: 1326.459 GC heap after
{Heap after GC invocations=67 (full 0):
 garbage-first heap   total 342016K, used 146124K [0x0000000080000000, 0x0000000100000000)
  region size 1024K, 2 young (2048K), 2 survivors (2048K)
 Metaspace       used 125860K, committed 126912K, reserved 1163264K
  class space    used 16917K, committed 17408K, reserved 1048576K
}
Event: 1337.995 GC heap before
{Heap before GC invocations=67 (full 0):
 garbage-first heap   total 342016K, used 273100K [0x0000000080000000, 0x0000000100000000)
  region size 1024K, 127 young (130048K), 2 survivors (2048K)
 Metaspace       used 126070K, committed 127168K, reserved 1163264K
  class space    used 16924K, committed 17472K, reserved 1048576K
}
Event: 1338.030 GC heap after
{Heap after GC invocations=68 (full 0):
 garbage-first heap   total 342016K, used 157183K [0x0000000080000000, 0x0000000100000000)
  region size 1024K, 13 young (13312K), 13 survivors (13312K)
 Metaspace       used 126070K, committed 127168K, reserved 1163264K
  class space    used 16924K, committed 17472K, reserved 1048576K
}
Event: 1339.579 GC heap before
{Heap before GC invocations=69 (full 0):
 garbage-first heap   total 342016K, used 273919K [0x0000000080000000, 0x0000000100000000)
  region size 1024K, 129 young (132096K), 13 survivors (13312K)
 Metaspace       used 126254K, committed 127360K, reserved 1163264K
  class space    used 16926K, committed 17472K, reserved 1048576K
}
Event: 1339.618 GC heap after
{Heap after GC invocations=70 (full 0):
 garbage-first heap   total 342016K, used 164459K [0x0000000080000000, 0x0000000100000000)
  region size 1024K, 9 young (9216K), 9 survivors (9216K)
 Metaspace       used 126254K, committed 127360K, reserved 1163264K
  class space    used 16926K, committed 17472K, reserved 1048576K
}
Event: 1339.699 GC heap before
{Heap before GC invocations=70 (full 0):
 garbage-first heap   total 342016K, used 170603K [0x0000000080000000, 0x0000000100000000)
  region size 1024K, 16 young (16384K), 9 survivors (9216K)
 Metaspace       used 126258K, committed 127360K, reserved 1163264K
  class space    used 16926K, committed 17472K, reserved 1048576K
}
Event: 1339.716 GC heap after
{Heap after GC invocations=71 (full 0):
 garbage-first heap   total 342016K, used 149199K [0x0000000080000000, 0x0000000100000000)
  region size 1024K, 2 young (2048K), 2 survivors (2048K)
 Metaspace       used 126258K, committed 127360K, reserved 1163264K
  class space    used 16926K, committed 17472K, reserved 1048576K
}
Event: 1339.757 GC heap before
{Heap before GC invocations=71 (full 0):
 garbage-first heap   total 342016K, used 152271K [0x0000000080000000, 0x0000000100000000)
  region size 1024K, 6 young (6144K), 2 survivors (2048K)
 Metaspace       used 126258K, committed 127360K, reserved 1163264K
  class space    used 16926K, committed 17472K, reserved 1048576K
}

