# JRE version: OpenJDK Runtime Environment (17.0.6) (build 17.0.6+0-b2043.56-9586694)
# Java VM: OpenJDK 64-Bit Server VM (17.0.6+0-b2043.56-9586694, mixed mode, tiered, compressed oops, compressed class ptrs, g1 gc, windows-amd64)
GC Precious Log:
 CPUs: 4 total, 4 available
 Memory: 8076M
 Large Page Support: Disabled
 NUMA Support: Disabled
 Compressed Oops: Enabled (32-bit)
 Heap Region Size: 1M
 Heap Min Capacity: 8M
 Heap Initial Capacity: 128M
 Heap Max Capacity: 2G
 Pre-touch: Disabled
 Parallel Workers: 4
 Concurrent Workers: 1
 Concurrent Refinement Workers: 4
 Periodic GC: Disabled
Heap:
 garbage-first heap   total 465920K, used 191160K [0x0000000080000000, 0x0000000100000000)
  region size 1024K, 35 young (35840K), 10 survivors (10240K)
 Metaspace       used 123886K, committed 124864K, reserved 1163264K
  class space    used 16659K, committed 17088K, reserved 1048576K
GC Heap History (20 events):
Event: 34.042 GC heap before
{Heap before GC invocations=31 (full 0):
 garbage-first heap   total 229376K, used 185008K [0x0000000080000000, 0x0000000100000000)
  region size 1024K, 66 young (67584K), 5 survivors (5120K)
 Metaspace       used 100672K, committed 101440K, reserved 1138688K
  class space    used 13712K, committed 14080K, reserved 1048576K
}
Event: 34.062 GC heap after
{Heap after GC invocations=32 (full 0):
 garbage-first heap   total 229376K, used 128208K [0x0000000080000000, 0x0000000100000000)
  region size 1024K, 9 young (9216K), 9 survivors (9216K)
 Metaspace       used 100672K, committed 101440K, reserved 1138688K
  class space    used 13712K, committed 14080K, reserved 1048576K
}
Event: 35.084 GC heap before
{Heap before GC invocations=32 (full 0):
 garbage-first heap   total 229376K, used 186576K [0x0000000080000000, 0x0000000100000000)
  region size 1024K, 67 young (68608K), 9 survivors (9216K)
 Metaspace       used 101078K, committed 101888K, reserved 1138688K
  class space    used 13780K, committed 14144K, reserved 1048576K
}
Event: 35.108 GC heap after
{Heap after GC invocations=33 (full 0):
 garbage-first heap   total 229376K, used 131254K [0x0000000080000000, 0x0000000100000000)
  region size 1024K, 6 young (6144K), 6 survivors (6144K)
 Metaspace       used 101078K, committed 101888K, reserved 1138688K
  class space    used 13780K, committed 14144K, reserved 1048576K
}
Event: 41.570 GC heap before
{Heap before GC invocations=33 (full 0):
 garbage-first heap   total 229376K, used 187574K [0x0000000080000000, 0x0000000100000000)
  region size 1024K, 62 young (63488K), 6 survivors (6144K)
 Metaspace       used 101365K, committed 102144K, reserved 1138688K
  class space    used 13830K, committed 14208K, reserved 1048576K
}
Event: 41.595 GC heap after
{Heap after GC invocations=34 (full 0):
 garbage-first heap   total 465920K, used 134144K [0x0000000080000000, 0x0000000100000000)
  region size 1024K, 5 young (5120K), 5 survivors (5120K)
 Metaspace       used 101365K, committed 102144K, reserved 1138688K
  class space    used 13830K, committed 14208K, reserved 1048576K
}
Event: 43.568 GC heap before
{Heap before GC invocations=34 (full 0):
 garbage-first heap   total 465920K, used 230400K [0x0000000080000000, 0x0000000100000000)
  region size 1024K, 101 young (103424K), 5 survivors (5120K)
 Metaspace       used 109903K, committed 110720K, reserved 1146880K
  class space    used 14933K, committed 15360K, reserved 1048576K
}
Event: 43.590 GC heap after
{Heap after GC invocations=35 (full 0):
 garbage-first heap   total 465920K, used 138968K [0x0000000080000000, 0x0000000100000000)
  region size 1024K, 10 young (10240K), 10 survivors (10240K)
 Metaspace       used 109903K, committed 110720K, reserved 1146880K
  class space    used 14933K, committed 15360K, reserved 1048576K
}
Event: 147.804 GC heap before
{Heap before GC invocations=36 (full 0):
 garbage-first heap   total 465920K, used 434904K [0x0000000080000000, 0x0000000100000000)
  region size 1024K, 196 young (200704K), 10 survivors (10240K)
 Metaspace       used 121296K, committed 122176K, reserved 1155072K
  class space    used 16554K, committed 16960K, reserved 1048576K
}
Event: 147.842 GC heap after
{Heap after GC invocations=37 (full 0):
 garbage-first heap   total 465920K, used 142127K [0x0000000080000000, 0x0000000100000000)
  region size 1024K, 13 young (13312K), 13 survivors (13312K)
 Metaspace       used 121296K, committed 122176K, reserved 1155072K
  class space    used 16554K, committed 16960K, reserved 1048576K
}
Event: 148.129 GC heap before
{Heap before GC invocations=37 (full 0):
 garbage-first heap   total 465920K, used 150319K [0x0000000080000000, 0x0000000100000000)
  region size 1024K, 22 young (22528K), 13 survivors (13312K)
 Metaspace       used 121301K, committed 122176K, reserved 1155072K
  class space    used 16555K, committed 16960K, reserved 1048576K
}
Event: 148.161 GC heap after
{Heap after GC invocations=38 (full 0):
 garbage-first heap   total 465920K, used 139955K [0x0000000080000000, 0x0000000100000000)
  region size 1024K, 2 young (2048K), 2 survivors (2048K)
 Metaspace       used 121301K, committed 122176K, reserved 1155072K
  class space    used 16555K, committed 16960K, reserved 1048576K
}
Event: 171.535 GC heap before
{Heap before GC invocations=38 (full 0):
 garbage-first heap   total 465920K, used 386739K [0x0000000080000000, 0x0000000100000000)
  region size 1024K, 244 young (249856K), 2 survivors (2048K)
 Metaspace       used 122530K, committed 123392K, reserved 1163264K
  class space    used 16579K, committed 16960K, reserved 1048576K
}
Event: 171.570 GC heap after
{Heap after GC invocations=39 (full 0):
 garbage-first heap   total 465920K, used 158899K [0x0000000080000000, 0x0000000100000000)
  region size 1024K, 20 young (20480K), 20 survivors (20480K)
 Metaspace       used 122530K, committed 123392K, reserved 1163264K
  class space    used 16579K, committed 16960K, reserved 1048576K
}
Event: 286.485 GC heap before
{Heap before GC invocations=40 (full 0):
 garbage-first heap   total 465920K, used 436403K [0x0000000080000000, 0x0000000100000000)
  region size 1024K, 188 young (192512K), 20 survivors (20480K)
 Metaspace       used 123185K, committed 124160K, reserved 1163264K
  class space    used 16616K, committed 17088K, reserved 1048576K
}
Event: 286.550 GC heap after
{Heap after GC invocations=41 (full 0):
 garbage-first heap   total 465920K, used 164569K [0x0000000080000000, 0x0000000100000000)
  region size 1024K, 13 young (13312K), 13 survivors (13312K)
 Metaspace       used 123185K, committed 124160K, reserved 1163264K
  class space    used 16616K, committed 17088K, reserved 1048576K
}
Event: 286.817 GC heap before
{Heap before GC invocations=41 (full 0):
 garbage-first heap   total 465920K, used 172761K [0x0000000080000000, 0x0000000100000000)
  region size 1024K, 22 young (22528K), 13 survivors (13312K)
 Metaspace       used 123237K, committed 124224K, reserved 1163264K
  class space    used 16624K, committed 17088K, reserved 1048576K
}
Event: 286.866 GC heap after
{Heap after GC invocations=42 (full 0):
 garbage-first heap   total 465920K, used 160243K [0x0000000080000000, 0x0000000100000000)
  region size 1024K, 2 young (2048K), 2 survivors (2048K)
 Metaspace       used 123237K, committed 124224K, reserved 1163264K
  class space    used 16624K, committed 17088K, reserved 1048576K
}
Event: 298.595 GC heap before
{Heap before GC invocations=42 (full 0):
 garbage-first heap   total 465920K, used 371187K [0x0000000080000000, 0x0000000100000000)
  region size 1024K, 209 young (214016K), 2 survivors (2048K)
 Metaspace       used 123781K, committed 124672K, reserved 1163264K
  class space    used 16652K, committed 17088K, reserved 1048576K
}
Event: 298.614 GC heap after
{Heap after GC invocations=43 (full 0):
 garbage-first heap   total 465920K, used 167608K [0x0000000080000000, 0x0000000100000000)
  region size 1024K, 10 young (10240K), 10 survivors (10240K)
 Metaspace       used 123781K, committed 124672K, reserved 1163264K
  class space    used 16652K, committed 17088K, reserved 1048576K
}

