# JRE version: OpenJDK Runtime Environment (17.0.6) (build 17.0.6+0-b2043.56-9586694)
# Java VM: OpenJDK 64-Bit Server VM (17.0.6+0-b2043.56-9586694, mixed mode, tiered, compressed oops, compressed class ptrs, g1 gc, windows-amd64)
GC Precious Log:
 CPUs: 4 total, 4 available
 Memory: 8076M
 Large Page Support: Disabled
 NUMA Support: Disabled
 Compressed Oops: Enabled (32-bit)
 Heap Region Size: 1M
 Heap Min Capacity: 8M
 Heap Initial Capacity: 128M
 Heap Max Capacity: 2G
 Pre-touch: Disabled
 Parallel Workers: 4
 Concurrent Workers: 1
 Concurrent Refinement Workers: 4
 Periodic GC: Disabled
Heap:
 garbage-first heap   total 196608K, used 120650K [0x0000000080000000, 0x0000000100000000)
  region size 1024K, 56 young (57344K), 10 survivors (10240K)
 Metaspace       used 83581K, committed 84224K, reserved 1122304K
  class space    used 11351K, committed 11648K, reserved 1048576K
GC Heap History (20 events):
Event: 12.108 GC heap before
{Heap before GC invocations=16 (full 0):
 garbage-first heap   total 82944K, used 47025K [0x0000000080000000, 0x0000000100000000)
  region size 1024K, 6 young (6144K), 4 survivors (4096K)
 Metaspace       used 53674K, committed 54144K, reserved 1097728K
  class space    used 7155K, committed 7360K, reserved 1048576K
}
Event: 12.114 GC heap after
{Heap after GC invocations=17 (full 0):
 garbage-first heap   total 100352K, used 47786K [0x0000000080000000, 0x0000000100000000)
  region size 1024K, 2 young (2048K), 2 survivors (2048K)
 Metaspace       used 53674K, committed 54144K, reserved 1097728K
  class space    used 7155K, committed 7360K, reserved 1048576K
}
Event: 12.697 GC heap before
{Heap before GC invocations=18 (full 0):
 garbage-first heap   total 101376K, used 73386K [0x0000000080000000, 0x0000000100000000)
  region size 1024K, 23 young (23552K), 2 survivors (2048K)
 Metaspace       used 56070K, committed 56576K, reserved 1097728K
  class space    used 7492K, committed 7680K, reserved 1048576K
}
Event: 12.702 GC heap after
{Heap after GC invocations=19 (full 0):
 garbage-first heap   total 101376K, used 55110K [0x0000000080000000, 0x0000000100000000)
  region size 1024K, 3 young (3072K), 3 survivors (3072K)
 Metaspace       used 56070K, committed 56576K, reserved 1097728K
  class space    used 7492K, committed 7680K, reserved 1048576K
}
Event: 12.731 GC heap before
{Heap before GC invocations=19 (full 0):
 garbage-first heap   total 101376K, used 56134K [0x0000000080000000, 0x0000000100000000)
  region size 1024K, 4 young (4096K), 3 survivors (3072K)
 Metaspace       used 56219K, committed 56768K, reserved 1097728K
  class space    used 7516K, committed 7744K, reserved 1048576K
}
Event: 12.737 GC heap after
{Heap after GC invocations=20 (full 0):
 garbage-first heap   total 101376K, used 55379K [0x0000000080000000, 0x0000000100000000)
  region size 1024K, 1 young (1024K), 1 survivors (1024K)
 Metaspace       used 56219K, committed 56768K, reserved 1097728K
  class space    used 7516K, committed 7744K, reserved 1048576K
}
Event: 13.282 GC heap before
{Heap before GC invocations=20 (full 0):
 garbage-first heap   total 101376K, used 74835K [0x0000000080000000, 0x0000000100000000)
  region size 1024K, 20 young (20480K), 1 survivors (1024K)
 Metaspace       used 59429K, committed 59904K, reserved 1105920K
  class space    used 7895K, committed 8128K, reserved 1048576K
}
Event: 13.285 GC heap after
{Heap after GC invocations=21 (full 0):
 garbage-first heap   total 101376K, used 56001K [0x0000000080000000, 0x0000000100000000)
  region size 1024K, 1 young (1024K), 1 survivors (1024K)
 Metaspace       used 59429K, committed 59904K, reserved 1105920K
  class space    used 7895K, committed 8128K, reserved 1048576K
}
Event: 14.094 GC heap before
{Heap before GC invocations=22 (full 0):
 garbage-first heap   total 101376K, used 76481K [0x0000000080000000, 0x0000000100000000)
  region size 1024K, 21 young (21504K), 1 survivors (1024K)
 Metaspace       used 63492K, committed 64000K, reserved 1105920K
  class space    used 8450K, committed 8704K, reserved 1048576K
}
Event: 14.101 GC heap after
{Heap after GC invocations=23 (full 0):
 garbage-first heap   total 101376K, used 58279K [0x0000000080000000, 0x0000000100000000)
  region size 1024K, 3 young (3072K), 3 survivors (3072K)
 Metaspace       used 63492K, committed 64000K, reserved 1105920K
  class space    used 8450K, committed 8704K, reserved 1048576K
}
Event: 14.144 GC heap before
{Heap before GC invocations=23 (full 0):
 garbage-first heap   total 101376K, used 59303K [0x0000000080000000, 0x0000000100000000)
  region size 1024K, 4 young (4096K), 3 survivors (3072K)
 Metaspace       used 63786K, committed 64256K, reserved 1105920K
  class space    used 8486K, committed 8704K, reserved 1048576K
}
Event: 14.151 GC heap after
{Heap after GC invocations=24 (full 0):
 garbage-first heap   total 101376K, used 57453K [0x0000000080000000, 0x0000000100000000)
  region size 1024K, 1 young (1024K), 1 survivors (1024K)
 Metaspace       used 63786K, committed 64256K, reserved 1105920K
  class space    used 8486K, committed 8704K, reserved 1048576K
}
Event: 14.186 GC heap before
{Heap before GC invocations=24 (full 0):
 garbage-first heap   total 101376K, used 58477K [0x0000000080000000, 0x0000000100000000)
  region size 1024K, 3 young (3072K), 1 survivors (1024K)
 Metaspace       used 63837K, committed 64384K, reserved 1105920K
  class space    used 8493K, committed 8704K, reserved 1048576K
}
Event: 14.189 GC heap after
{Heap after GC invocations=25 (full 0):
 garbage-first heap   total 196608K, used 58114K [0x0000000080000000, 0x0000000100000000)
  region size 1024K, 2 young (2048K), 2 survivors (2048K)
 Metaspace       used 63837K, committed 64384K, reserved 1105920K
  class space    used 8493K, committed 8704K, reserved 1048576K
}
Event: 15.583 GC heap before
{Heap before GC invocations=25 (full 0):
 garbage-first heap   total 196608K, used 124674K [0x0000000080000000, 0x0000000100000000)
  region size 1024K, 61 young (62464K), 2 survivors (2048K)
 Metaspace       used 68426K, committed 68928K, reserved 1114112K
  class space    used 9056K, committed 9280K, reserved 1048576K
}
Event: 15.598 GC heap after
{Heap after GC invocations=26 (full 0):
 garbage-first heap   total 196608K, used 63747K [0x0000000080000000, 0x0000000100000000)
  region size 1024K, 7 young (7168K), 7 survivors (7168K)
 Metaspace       used 68426K, committed 68928K, reserved 1114112K
  class space    used 9056K, committed 9280K, reserved 1048576K
}
Event: 17.170 GC heap before
{Heap before GC invocations=26 (full 0):
 garbage-first heap   total 196608K, used 126211K [0x0000000080000000, 0x0000000100000000)
  region size 1024K, 68 young (69632K), 7 survivors (7168K)
 Metaspace       used 74633K, committed 75200K, reserved 1114112K
  class space    used 9910K, committed 10176K, reserved 1048576K
}
Event: 17.192 GC heap after
{Heap after GC invocations=27 (full 0):
 garbage-first heap   total 196608K, used 67814K [0x0000000080000000, 0x0000000100000000)
  region size 1024K, 5 young (5120K), 5 survivors (5120K)
 Metaspace       used 74633K, committed 75200K, reserved 1114112K
  class space    used 9910K, committed 10176K, reserved 1048576K
}
Event: 19.047 GC heap before
{Heap before GC invocations=27 (full 0):
 garbage-first heap   total 196608K, used 140518K [0x0000000080000000, 0x0000000100000000)
  region size 1024K, 76 young (77824K), 5 survivors (5120K)
 Metaspace       used 80939K, committed 81536K, reserved 1122304K
  class space    used 10969K, committed 11264K, reserved 1048576K
}
Event: 19.067 GC heap after
{Heap after GC invocations=28 (full 0):
 garbage-first heap   total 196608K, used 74570K [0x0000000080000000, 0x0000000100000000)
  region size 1024K, 10 young (10240K), 10 survivors (10240K)
 Metaspace       used 80939K, committed 81536K, reserved 1122304K
  class space    used 10969K, committed 11264K, reserved 1048576K
}

