# JRE version: OpenJDK Runtime Environment (17.0.6) (build 17.0.6+0-b2043.56-9586694)
# Java VM: OpenJDK 64-Bit Server VM (17.0.6+0-b2043.56-9586694, mixed mode, tiered, compressed oops, compressed class ptrs, g1 gc, windows-amd64)
GC Precious Log:
 CPUs: 4 total, 4 available
 Memory: 8076M
 Large Page Support: Disabled
 NUMA Support: Disabled
 Compressed Oops: Enabled (32-bit)
 Heap Region Size: 1M
 Heap Min Capacity: 8M
 Heap Initial Capacity: 128M
 Heap Max Capacity: 2G
 Pre-touch: Disabled
 Parallel Workers: 4
 Concurrent Workers: 1
 Concurrent Refinement Workers: 4
 Periodic GC: Disabled
Heap:
 garbage-first heap   total 144384K, used 78457K [0x0000000080000000, 0x0000000100000000)
  region size 1024K, 6 young (6144K), 6 survivors (6144K)
 Metaspace       used 83969K, committed 84608K, reserved 1122304K
  class space    used 11410K, committed 11712K, reserved 1048576K
GC Heap History (20 events):
Event: 13.553 GC heap after
{Heap after GC invocations=17 (full 0):
 garbage-first heap   total 82944K, used 43806K [0x0000000080000000, 0x0000000100000000)
  region size 1024K, 1 young (1024K), 1 survivors (1024K)
 Metaspace       used 53513K, committed 54016K, reserved 1097728K
  class space    used 7134K, committed 7360K, reserved 1048576K
}
Event: 13.972 GC heap before
{Heap before GC invocations=18 (full 0):
 garbage-first heap   total 97280K, used 67358K [0x0000000080000000, 0x0000000100000000)
  region size 1024K, 18 young (18432K), 1 survivors (1024K)
 Metaspace       used 55085K, committed 55616K, reserved 1097728K
  class space    used 7337K, committed 7552K, reserved 1048576K
}
Event: 13.977 GC heap after
{Heap after GC invocations=19 (full 0):
 garbage-first heap   total 97280K, used 54373K [0x0000000080000000, 0x0000000100000000)
  region size 1024K, 3 young (3072K), 3 survivors (3072K)
 Metaspace       used 55085K, committed 55616K, reserved 1097728K
  class space    used 7337K, committed 7552K, reserved 1048576K
}
Event: 14.015 GC heap before
{Heap before GC invocations=19 (full 0):
 garbage-first heap   total 97280K, used 55397K [0x0000000080000000, 0x0000000100000000)
  region size 1024K, 4 young (4096K), 3 survivors (3072K)
 Metaspace       used 55176K, committed 55680K, reserved 1097728K
  class space    used 7353K, committed 7552K, reserved 1048576K
}
Event: 14.021 GC heap after
{Heap after GC invocations=20 (full 0):
 garbage-first heap   total 97280K, used 54448K [0x0000000080000000, 0x0000000100000000)
  region size 1024K, 1 young (1024K), 1 survivors (1024K)
 Metaspace       used 55176K, committed 55680K, reserved 1097728K
  class space    used 7353K, committed 7552K, reserved 1048576K
}
Event: 14.650 GC heap before
{Heap before GC invocations=20 (full 0):
 garbage-first heap   total 97280K, used 71856K [0x0000000080000000, 0x0000000100000000)
  region size 1024K, 19 young (19456K), 1 survivors (1024K)
 Metaspace       used 57936K, committed 58432K, reserved 1105920K
  class space    used 7712K, committed 7936K, reserved 1048576K
}
Event: 14.655 GC heap after
{Heap after GC invocations=21 (full 0):
 garbage-first heap   total 144384K, used 55054K [0x0000000080000000, 0x0000000100000000)
  region size 1024K, 1 young (1024K), 1 survivors (1024K)
 Metaspace       used 57936K, committed 58432K, reserved 1105920K
  class space    used 7712K, committed 7936K, reserved 1048576K
}
Event: 16.205 GC heap before
{Heap before GC invocations=22 (full 0):
 garbage-first heap   total 144384K, used 112398K [0x0000000080000000, 0x0000000100000000)
  region size 1024K, 51 young (52224K), 1 survivors (1024K)
 Metaspace       used 65057K, committed 65600K, reserved 1114112K
  class space    used 8639K, committed 8896K, reserved 1048576K
}
Event: 16.214 GC heap after
{Heap after GC invocations=23 (full 0):
 garbage-first heap   total 144384K, used 59514K [0x0000000080000000, 0x0000000100000000)
  region size 1024K, 6 young (6144K), 6 survivors (6144K)
 Metaspace       used 65057K, committed 65600K, reserved 1114112K
  class space    used 8639K, committed 8896K, reserved 1048576K
}
Event: 16.233 GC heap before
{Heap before GC invocations=23 (full 0):
 garbage-first heap   total 144384K, used 60538K [0x0000000080000000, 0x0000000100000000)
  region size 1024K, 7 young (7168K), 6 survivors (6144K)
 Metaspace       used 65104K, committed 65664K, reserved 1114112K
  class space    used 8646K, committed 8896K, reserved 1048576K
}
Event: 16.242 GC heap after
{Heap after GC invocations=24 (full 0):
 garbage-first heap   total 144384K, used 59420K [0x0000000080000000, 0x0000000100000000)
  region size 1024K, 1 young (1024K), 1 survivors (1024K)
 Metaspace       used 65104K, committed 65664K, reserved 1114112K
  class space    used 8646K, committed 8896K, reserved 1048576K
}
Event: 17.574 GC heap before
{Heap before GC invocations=24 (full 0):
 garbage-first heap   total 144384K, used 109596K [0x0000000080000000, 0x0000000100000000)
  region size 1024K, 49 young (50176K), 1 survivors (1024K)
 Metaspace       used 69673K, committed 70208K, reserved 1114112K
  class space    used 9231K, committed 9472K, reserved 1048576K
}
Event: 17.584 GC heap after
{Heap after GC invocations=25 (full 0):
 garbage-first heap   total 144384K, used 62518K [0x0000000080000000, 0x0000000100000000)
  region size 1024K, 4 young (4096K), 4 survivors (4096K)
 Metaspace       used 69673K, committed 70208K, reserved 1114112K
  class space    used 9231K, committed 9472K, reserved 1048576K
}
Event: 18.799 GC heap before
{Heap before GC invocations=25 (full 0):
 garbage-first heap   total 144384K, used 110646K [0x0000000080000000, 0x0000000100000000)
  region size 1024K, 51 young (52224K), 4 survivors (4096K)
 Metaspace       used 74073K, committed 74624K, reserved 1114112K
  class space    used 9843K, committed 10112K, reserved 1048576K
}
Event: 18.813 GC heap after
{Heap after GC invocations=26 (full 0):
 garbage-first heap   total 144384K, used 66045K [0x0000000080000000, 0x0000000100000000)
  region size 1024K, 7 young (7168K), 7 survivors (7168K)
 Metaspace       used 74073K, committed 74624K, reserved 1114112K
  class space    used 9843K, committed 10112K, reserved 1048576K
}
Event: 19.956 GC heap before
{Heap before GC invocations=26 (full 0):
 garbage-first heap   total 144384K, used 113149K [0x0000000080000000, 0x0000000100000000)
  region size 1024K, 53 young (54272K), 7 survivors (7168K)
 Metaspace       used 77315K, committed 77952K, reserved 1122304K
  class space    used 10251K, committed 10560K, reserved 1048576K
}
Event: 19.978 GC heap after
{Heap after GC invocations=27 (full 0):
 garbage-first heap   total 144384K, used 71251K [0x0000000080000000, 0x0000000100000000)
  region size 1024K, 7 young (7168K), 7 survivors (7168K)
 Metaspace       used 77315K, committed 77952K, reserved 1122304K
  class space    used 10251K, committed 10560K, reserved 1048576K
}
Event: 21.292 GC heap before
{Heap before GC invocations=27 (full 0):
 garbage-first heap   total 144384K, used 113235K [0x0000000080000000, 0x0000000100000000)
  region size 1024K, 48 young (49152K), 7 survivors (7168K)
 Metaspace       used 82286K, committed 82944K, reserved 1122304K
  class space    used 11155K, committed 11456K, reserved 1048576K
}
Event: 21.310 GC heap after
{Heap after GC invocations=28 (full 0):
 garbage-first heap   total 144384K, used 74701K [0x0000000080000000, 0x0000000100000000)
  region size 1024K, 3 young (3072K), 3 survivors (3072K)
 Metaspace       used 82286K, committed 82944K, reserved 1122304K
  class space    used 11155K, committed 11456K, reserved 1048576K
}
Event: 22.082 GC heap before
{Heap before GC invocations=28 (full 0):
 garbage-first heap   total 144384K, used 115661K [0x0000000080000000, 0x0000000100000000)
  region size 1024K, 43 young (44032K), 3 survivors (3072K)
 Metaspace       used 83969K, committed 84608K, reserved 1122304K
  class space    used 11410K, committed 11712K, reserved 1048576K
}

