# JRE version: OpenJDK Runtime Environment (17.0.6) (build 17.0.6+0-b2043.56-9586694)
# Java VM: OpenJDK 64-Bit Server VM (17.0.6+0-b2043.56-9586694, mixed mode, tiered, compressed oops, compressed class ptrs, g1 gc, windows-amd64)
GC Precious Log:
 CPUs: 4 total, 4 available
 Memory: 8076M
 Large Page Support: Disabled
 NUMA Support: Disabled
 Compressed Oops: Enabled (32-bit)
 Heap Region Size: 1M
 Heap Min Capacity: 8M
 Heap Initial Capacity: 128M
 Heap Max Capacity: 2G
 Pre-touch: Disabled
 Parallel Workers: 4
 Concurrent Workers: 1
 Concurrent Refinement Workers: 4
 Periodic GC: Disabled
Heap:
 garbage-first heap   total 135168K, used 73535K [0x0000000080000000, 0x0000000100000000)
  region size 1024K, 1 young (1024K), 1 survivors (1024K)
 Metaspace       used 76465K, committed 77056K, reserved 1122304K
  class space    used 10154K, committed 10432K, reserved 1048576K
GC Heap History (20 events):
Event: 14.553 GC heap after
{Heap after GC invocations=17 (full 0):
 garbage-first heap   total 99328K, used 55162K [0x0000000080000000, 0x0000000100000000)
  region size 1024K, 3 young (3072K), 3 survivors (3072K)
 Metaspace       used 55468K, committed 55936K, reserved 1097728K
  class space    used 7411K, committed 7616K, reserved 1048576K
}
Event: 14.587 GC heap before
{Heap before GC invocations=17 (full 0):
 garbage-first heap   total 99328K, used 56186K [0x0000000080000000, 0x0000000100000000)
  region size 1024K, 4 young (4096K), 3 survivors (3072K)
 Metaspace       used 55588K, committed 56064K, reserved 1097728K
  class space    used 7431K, committed 7616K, reserved 1048576K
}
Event: 14.591 GC heap after
{Heap after GC invocations=18 (full 0):
 garbage-first heap   total 99328K, used 54844K [0x0000000080000000, 0x0000000100000000)
  region size 1024K, 1 young (1024K), 1 survivors (1024K)
 Metaspace       used 55588K, committed 56064K, reserved 1097728K
  class space    used 7431K, committed 7616K, reserved 1048576K
}
Event: 15.102 GC heap before
{Heap before GC invocations=18 (full 0):
 garbage-first heap   total 99328K, used 74300K [0x0000000080000000, 0x0000000100000000)
  region size 1024K, 20 young (20480K), 1 survivors (1024K)
 Metaspace       used 58692K, committed 59136K, reserved 1105920K
  class space    used 7810K, committed 8000K, reserved 1048576K
}
Event: 15.106 GC heap after
{Heap after GC invocations=19 (full 0):
 garbage-first heap   total 135168K, used 55287K [0x0000000080000000, 0x0000000100000000)
  region size 1024K, 1 young (1024K), 1 survivors (1024K)
 Metaspace       used 58692K, committed 59136K, reserved 1105920K
  class space    used 7810K, committed 8000K, reserved 1048576K
}
Event: 16.232 GC heap before
{Heap before GC invocations=20 (full 0):
 garbage-first heap   total 135168K, used 98295K [0x0000000080000000, 0x0000000100000000)
  region size 1024K, 37 young (37888K), 1 survivors (1024K)
 Metaspace       used 63836K, committed 64512K, reserved 1105920K
  class space    used 8499K, committed 8832K, reserved 1048576K
}
Event: 16.241 GC heap after
{Heap after GC invocations=21 (full 0):
 garbage-first heap   total 135168K, used 64600K [0x0000000080000000, 0x0000000100000000)
  region size 1024K, 5 young (5120K), 5 survivors (5120K)
 Metaspace       used 63836K, committed 64512K, reserved 1105920K
  class space    used 8499K, committed 8832K, reserved 1048576K
}
Event: 16.243 GC heap before
{Heap before GC invocations=21 (full 0):
 garbage-first heap   total 135168K, used 65624K [0x0000000080000000, 0x0000000100000000)
  region size 1024K, 6 young (6144K), 5 survivors (5120K)
 Metaspace       used 63836K, committed 64512K, reserved 1105920K
  class space    used 8499K, committed 8832K, reserved 1048576K
}
Event: 16.252 GC heap after
{Heap after GC invocations=22 (full 0):
 garbage-first heap   total 135168K, used 65611K [0x0000000080000000, 0x0000000100000000)
  region size 1024K, 1 young (1024K), 1 survivors (1024K)
 Metaspace       used 63836K, committed 64512K, reserved 1105920K
  class space    used 8499K, committed 8832K, reserved 1048576K
}
Event: 17.034 GC heap before
{Heap before GC invocations=22 (full 0):
 garbage-first heap   total 135168K, used 97355K [0x0000000080000000, 0x0000000100000000)
  region size 1024K, 32 young (32768K), 1 survivors (1024K)
 Metaspace       used 66640K, committed 67200K, reserved 1114112K
  class space    used 8846K, committed 9152K, reserved 1048576K
}
Event: 17.041 GC heap after
{Heap after GC invocations=23 (full 0):
 garbage-first heap   total 135168K, used 68247K [0x0000000080000000, 0x0000000100000000)
  region size 1024K, 4 young (4096K), 4 survivors (4096K)
 Metaspace       used 66640K, committed 67200K, reserved 1114112K
  class space    used 8846K, committed 9152K, reserved 1048576K
}
Event: 17.981 GC heap before
{Heap before GC invocations=24 (full 0):
 garbage-first heap   total 135168K, used 96919K [0x0000000080000000, 0x0000000100000000)
  region size 1024K, 35 young (35840K), 4 survivors (4096K)
 Metaspace       used 70174K, committed 70720K, reserved 1114112K
  class space    used 9315K, committed 9600K, reserved 1048576K
}
Event: 17.991 GC heap after
{Heap after GC invocations=25 (full 0):
 garbage-first heap   total 135168K, used 66019K [0x0000000080000000, 0x0000000100000000)
  region size 1024K, 2 young (2048K), 2 survivors (2048K)
 Metaspace       used 70174K, committed 70720K, reserved 1114112K
  class space    used 9315K, committed 9600K, reserved 1048576K
}
Event: 18.117 GC heap before
{Heap before GC invocations=25 (full 0):
 garbage-first heap   total 135168K, used 70115K [0x0000000080000000, 0x0000000100000000)
  region size 1024K, 6 young (6144K), 2 survivors (2048K)
 Metaspace       used 70657K, committed 71232K, reserved 1114112K
  class space    used 9383K, committed 9664K, reserved 1048576K
}
Event: 18.123 GC heap after
{Heap after GC invocations=26 (full 0):
 garbage-first heap   total 135168K, used 65784K [0x0000000080000000, 0x0000000100000000)
  region size 1024K, 1 young (1024K), 1 survivors (1024K)
 Metaspace       used 70657K, committed 71232K, reserved 1114112K
  class space    used 9383K, committed 9664K, reserved 1048576K
}
Event: 18.996 GC heap before
{Heap before GC invocations=26 (full 0):
 garbage-first heap   total 135168K, used 101624K [0x0000000080000000, 0x0000000100000000)
  region size 1024K, 36 young (36864K), 1 survivors (1024K)
 Metaspace       used 73376K, committed 73984K, reserved 1114112K
  class space    used 9769K, committed 10048K, reserved 1048576K
}
Event: 19.007 GC heap after
{Heap after GC invocations=27 (full 0):
 garbage-first heap   total 135168K, used 68630K [0x0000000080000000, 0x0000000100000000)
  region size 1024K, 4 young (4096K), 4 survivors (4096K)
 Metaspace       used 73376K, committed 73984K, reserved 1114112K
  class space    used 9769K, committed 10048K, reserved 1048576K
}
Event: 19.988 GC heap before
{Heap before GC invocations=28 (full 0):
 garbage-first heap   total 135168K, used 103446K [0x0000000080000000, 0x0000000100000000)
  region size 1024K, 38 young (38912K), 4 survivors (4096K)
 Metaspace       used 76465K, committed 77056K, reserved 1122304K
  class space    used 10154K, committed 10432K, reserved 1048576K
}
Event: 20.000 GC heap after
{Heap after GC invocations=29 (full 0):
 garbage-first heap   total 135168K, used 73582K [0x0000000080000000, 0x0000000100000000)
  region size 1024K, 5 young (5120K), 5 survivors (5120K)
 Metaspace       used 76465K, committed 77056K, reserved 1122304K
  class space    used 10154K, committed 10432K, reserved 1048576K
}
Event: 20.011 GC heap before
{Heap before GC invocations=29 (full 0):
 garbage-first heap   total 135168K, used 74606K [0x0000000080000000, 0x0000000100000000)
  region size 1024K, 6 young (6144K), 5 survivors (5120K)
 Metaspace       used 76465K, committed 77056K, reserved 1122304K
  class space    used 10154K, committed 10432K, reserved 1048576K
}

