# JRE version: OpenJDK Runtime Environment (17.0.6) (build 17.0.6+0-b2043.56-9586694)
# Java VM: OpenJDK 64-Bit Server VM (17.0.6+0-b2043.56-9586694, mixed mode, tiered, compressed oops, compressed class ptrs, g1 gc, windows-amd64)
GC Precious Log:
 CPUs: 4 total, 4 available
 Memory: 8076M
 Large Page Support: Disabled
 NUMA Support: Disabled
 Compressed Oops: Enabled (32-bit)
 Heap Region Size: 1M
 Heap Min Capacity: 8M
 Heap Initial Capacity: 128M
 Heap Max Capacity: 2020M
 Pre-touch: Disabled
 Parallel Workers: 4
 Concurrent Workers: 1
 Concurrent Refinement Workers: 4
 Periodic GC: Disabled
Heap:
 garbage-first heap   total 294912K, used 230601K [0x0000000081c00000, 0x0000000100000000)
  region size 1024K, 2 young (2048K), 2 survivors (2048K)
 Metaspace       used 76967K, committed 77312K, reserved 1122304K
  class space    used 8212K, committed 8384K, reserved 1048576K
GC Heap History (20 events):
Event: 77.413 GC heap after
{Heap after GC invocations=57 (full 0):
 garbage-first heap   total 243712K, used 172571K [0x0000000081c00000, 0x0000000100000000)
  region size 1024K, 5 young (5120K), 5 survivors (5120K)
 Metaspace       used 68095K, committed 68352K, reserved 1114112K
  class space    used 7352K, committed 7488K, reserved 1048576K
}
Event: 78.000 GC heap before
{Heap before GC invocations=57 (full 0):
 garbage-first heap   total 243712K, used 210459K [0x0000000081c00000, 0x0000000100000000)
  region size 1024K, 42 young (43008K), 5 survivors (5120K)
 Metaspace       used 68156K, committed 68416K, reserved 1114112K
  class space    used 7352K, committed 7488K, reserved 1048576K
}
Event: 78.025 GC heap after
{Heap after GC invocations=58 (full 0):
 garbage-first heap   total 243712K, used 173616K [0x0000000081c00000, 0x0000000100000000)
  region size 1024K, 4 young (4096K), 4 survivors (4096K)
 Metaspace       used 68156K, committed 68416K, reserved 1114112K
  class space    used 7352K, committed 7488K, reserved 1048576K
}
Event: 78.384 GC heap before
{Heap before GC invocations=58 (full 0):
 garbage-first heap   total 243712K, used 210480K [0x0000000081c00000, 0x0000000100000000)
  region size 1024K, 40 young (40960K), 4 survivors (4096K)
 Metaspace       used 68190K, committed 68480K, reserved 1114112K
  class space    used 7354K, committed 7488K, reserved 1048576K
}
Event: 78.399 GC heap after
{Heap after GC invocations=59 (full 0):
 garbage-first heap   total 243712K, used 174859K [0x0000000081c00000, 0x0000000100000000)
  region size 1024K, 3 young (3072K), 3 survivors (3072K)
 Metaspace       used 68190K, committed 68480K, reserved 1114112K
  class space    used 7354K, committed 7488K, reserved 1048576K
}
Event: 78.759 GC heap before
{Heap before GC invocations=59 (full 0):
 garbage-first heap   total 243712K, used 211723K [0x0000000081c00000, 0x0000000100000000)
  region size 1024K, 39 young (39936K), 3 survivors (3072K)
 Metaspace       used 68199K, committed 68480K, reserved 1114112K
  class space    used 7354K, committed 7488K, reserved 1048576K
}
Event: 78.773 GC heap after
{Heap after GC invocations=60 (full 0):
 garbage-first heap   total 243712K, used 174867K [0x0000000081c00000, 0x0000000100000000)
  region size 1024K, 3 young (3072K), 3 survivors (3072K)
 Metaspace       used 68199K, committed 68480K, reserved 1114112K
  class space    used 7354K, committed 7488K, reserved 1048576K
}
Event: 79.551 GC heap before
{Heap before GC invocations=60 (full 0):
 garbage-first heap   total 243712K, used 212755K [0x0000000081c00000, 0x0000000100000000)
  region size 1024K, 40 young (40960K), 3 survivors (3072K)
 Metaspace       used 68525K, committed 68928K, reserved 1114112K
  class space    used 7370K, committed 7552K, reserved 1048576K
}
Event: 79.566 GC heap after
{Heap after GC invocations=61 (full 0):
 garbage-first heap   total 294912K, used 175550K [0x0000000081c00000, 0x0000000100000000)
  region size 1024K, 3 young (3072K), 3 survivors (3072K)
 Metaspace       used 68525K, committed 68928K, reserved 1114112K
  class space    used 7370K, committed 7552K, reserved 1048576K
}
Event: 83.107 GC heap before
{Heap before GC invocations=61 (full 0):
 garbage-first heap   total 294912K, used 253374K [0x0000000081c00000, 0x0000000100000000)
  region size 1024K, 79 young (80896K), 3 survivors (3072K)
 Metaspace       used 74739K, committed 75136K, reserved 1122304K
  class space    used 7959K, committed 8128K, reserved 1048576K
}
Event: 83.137 GC heap after
{Heap after GC invocations=62 (full 0):
 garbage-first heap   total 294912K, used 181893K [0x0000000081c00000, 0x0000000100000000)
  region size 1024K, 9 young (9216K), 9 survivors (9216K)
 Metaspace       used 74739K, committed 75136K, reserved 1122304K
  class space    used 7959K, committed 8128K, reserved 1048576K
}
Event: 85.864 GC heap before
{Heap before GC invocations=62 (full 0):
 garbage-first heap   total 294912K, used 252549K [0x0000000081c00000, 0x0000000100000000)
  region size 1024K, 78 young (79872K), 9 survivors (9216K)
 Metaspace       used 76366K, committed 76736K, reserved 1122304K
  class space    used 8126K, committed 8320K, reserved 1048576K
}
Event: 85.931 GC heap after
{Heap after GC invocations=63 (full 0):
 garbage-first heap   total 294912K, used 195708K [0x0000000081c00000, 0x0000000100000000)
  region size 1024K, 10 young (10240K), 10 survivors (10240K)
 Metaspace       used 76366K, committed 76736K, reserved 1122304K
  class space    used 8126K, committed 8320K, reserved 1048576K
}
Event: 86.428 GC heap before
{Heap before GC invocations=63 (full 0):
 garbage-first heap   total 294912K, used 245884K [0x0000000081c00000, 0x0000000100000000)
  region size 1024K, 59 young (60416K), 10 survivors (10240K)
 Metaspace       used 76718K, committed 77056K, reserved 1122304K
  class space    used 8176K, committed 8320K, reserved 1048576K
}
Event: 86.498 GC heap after
{Heap after GC invocations=64 (full 0):
 garbage-first heap   total 294912K, used 223702K [0x0000000081c00000, 0x0000000100000000)
  region size 1024K, 8 young (8192K), 8 survivors (8192K)
 Metaspace       used 76718K, committed 77056K, reserved 1122304K
  class space    used 8176K, committed 8320K, reserved 1048576K
}
Event: 86.843 GC heap before
{Heap before GC invocations=64 (full 0):
 garbage-first heap   total 294912K, used 245206K [0x0000000081c00000, 0x0000000100000000)
  region size 1024K, 29 young (29696K), 8 survivors (8192K)
 Metaspace       used 76959K, committed 77312K, reserved 1122304K
  class space    used 8212K, committed 8384K, reserved 1048576K
}
Event: 86.972 GC heap after
{Heap after GC invocations=65 (full 0):
 garbage-first heap   total 294912K, used 226729K [0x0000000081c00000, 0x0000000100000000)
  region size 1024K, 3 young (3072K), 3 survivors (3072K)
 Metaspace       used 76959K, committed 77312K, reserved 1122304K
  class space    used 8212K, committed 8384K, reserved 1048576K
}
Event: 87.133 GC heap before
{Heap before GC invocations=65 (full 0):
 garbage-first heap   total 294912K, used 248233K [0x0000000081c00000, 0x0000000100000000)
  region size 1024K, 24 young (24576K), 3 survivors (3072K)
 Metaspace       used 76964K, committed 77312K, reserved 1122304K
  class space    used 8212K, committed 8384K, reserved 1048576K
}
Event: 87.151 GC heap after
{Heap after GC invocations=66 (full 0):
 garbage-first heap   total 294912K, used 228519K [0x0000000081c00000, 0x0000000100000000)
  region size 1024K, 3 young (3072K), 3 survivors (3072K)
 Metaspace       used 76964K, committed 77312K, reserved 1122304K
  class space    used 8212K, committed 8384K, reserved 1048576K
}
Event: 87.265 GC heap before
{Heap before GC invocations=66 (full 0):
 garbage-first heap   total 294912K, used 250023K [0x0000000081c00000, 0x0000000100000000)
  region size 1024K, 24 young (24576K), 3 survivors (3072K)
 Metaspace       used 76967K, committed 77312K, reserved 1122304K
  class space    used 8212K, committed 8384K, reserved 1048576K
}

