# JRE version: OpenJDK Runtime Environment (17.0.6) (build 17.0.6+0-b2043.56-9586694)
# Java VM: OpenJDK 64-Bit Server VM (17.0.6+0-b2043.56-9586694, mixed mode, tiered, compressed oops, compressed class ptrs, g1 gc, windows-amd64)
GC Precious Log:
 CPUs: 4 total, 4 available
 Memory: 8076M
 Large Page Support: Disabled
 NUMA Support: Disabled
 Compressed Oops: Enabled (32-bit)
 Heap Region Size: 1M
 Heap Min Capacity: 8M
 Heap Initial Capacity: 128M
 Heap Max Capacity: 2020M
 Pre-touch: Disabled
 Parallel Workers: 4
 Concurrent Workers: 1
 Concurrent Refinement Workers: 4
 Periodic GC: Disabled
Heap:
 garbage-first heap   total 444416K, used 318464K [0x0000000081c00000, 0x0000000100000000)
  region size 1024K, 3 young (3072K), 3 survivors (3072K)
 Metaspace       used 78409K, committed 78784K, reserved 1122304K
  class space    used 8314K, committed 8448K, reserved 1048576K
GC Heap History (20 events):
Event: 59.150 GC heap after
{Heap after GC invocations=58 (full 0):
 garbage-first heap   total 262144K, used 164949K [0x0000000081c00000, 0x0000000100000000)
  region size 1024K, 5 young (5120K), 5 survivors (5120K)
 Metaspace       used 68068K, committed 68352K, reserved 1114112K
  class space    used 7352K, committed 7488K, reserved 1048576K
}
Event: 61.034 GC heap before
{Heap before GC invocations=58 (full 0):
 garbage-first heap   total 262144K, used 227413K [0x0000000081c00000, 0x0000000100000000)
  region size 1024K, 66 young (67584K), 5 survivors (5120K)
 Metaspace       used 72882K, committed 73216K, reserved 1122304K
  class space    used 7847K, committed 8000K, reserved 1048576K
}
Event: 61.053 GC heap after
{Heap after GC invocations=59 (full 0):
 garbage-first heap   total 262144K, used 168124K [0x0000000081c00000, 0x0000000100000000)
  region size 1024K, 8 young (8192K), 8 survivors (8192K)
 Metaspace       used 72882K, committed 73216K, reserved 1122304K
  class space    used 7847K, committed 8000K, reserved 1048576K
}
Event: 63.551 GC heap before
{Heap before GC invocations=59 (full 0):
 garbage-first heap   total 262144K, used 226492K [0x0000000081c00000, 0x0000000100000000)
  region size 1024K, 65 young (66560K), 8 survivors (8192K)
 Metaspace       used 74823K, committed 75200K, reserved 1122304K
  class space    used 7978K, committed 8128K, reserved 1048576K
}
Event: 63.586 GC heap after
{Heap after GC invocations=60 (full 0):
 garbage-first heap   total 262144K, used 174891K [0x0000000081c00000, 0x0000000100000000)
  region size 1024K, 9 young (9216K), 9 survivors (9216K)
 Metaspace       used 74823K, committed 75200K, reserved 1122304K
  class space    used 7978K, committed 8128K, reserved 1048576K
}
Event: 64.994 GC heap before
{Heap before GC invocations=60 (full 0):
 garbage-first heap   total 262144K, used 224043K [0x0000000081c00000, 0x0000000100000000)
  region size 1024K, 57 young (58368K), 9 survivors (9216K)
 Metaspace       used 76238K, committed 76608K, reserved 1122304K
  class space    used 8126K, committed 8320K, reserved 1048576K
}
Event: 65.044 GC heap after
{Heap after GC invocations=61 (full 0):
 garbage-first heap   total 262144K, used 191308K [0x0000000081c00000, 0x0000000100000000)
  region size 1024K, 8 young (8192K), 8 survivors (8192K)
 Metaspace       used 76238K, committed 76608K, reserved 1122304K
  class space    used 8126K, committed 8320K, reserved 1048576K
}
Event: 65.288 GC heap before
{Heap before GC invocations=61 (full 0):
 garbage-first heap   total 262144K, used 217932K [0x0000000081c00000, 0x0000000100000000)
  region size 1024K, 34 young (34816K), 8 survivors (8192K)
 Metaspace       used 76252K, committed 76672K, reserved 1122304K
  class space    used 8126K, committed 8320K, reserved 1048576K
}
Event: 65.352 GC heap after
{Heap after GC invocations=62 (full 0):
 garbage-first heap   total 262144K, used 207360K [0x0000000081c00000, 0x0000000100000000)
  region size 1024K, 5 young (5120K), 5 survivors (5120K)
 Metaspace       used 76252K, committed 76672K, reserved 1122304K
  class space    used 8126K, committed 8320K, reserved 1048576K
}
Event: 65.658 GC heap before
{Heap before GC invocations=62 (full 0):
 garbage-first heap   total 262144K, used 220672K [0x0000000081c00000, 0x0000000100000000)
  region size 1024K, 18 young (18432K), 5 survivors (5120K)
 Metaspace       used 76789K, committed 77120K, reserved 1122304K
  class space    used 8210K, committed 8384K, reserved 1048576K
}
Event: 65.690 GC heap after
{Heap after GC invocations=63 (full 0):
 garbage-first heap   total 444416K, used 210295K [0x0000000081c00000, 0x0000000100000000)
  region size 1024K, 2 young (2048K), 2 survivors (2048K)
 Metaspace       used 76789K, committed 77120K, reserved 1122304K
  class space    used 8210K, committed 8384K, reserved 1048576K
}
Event: 66.147 GC heap before
{Heap before GC invocations=63 (full 0):
 garbage-first heap   total 444416K, used 304503K [0x0000000081c00000, 0x0000000100000000)
  region size 1024K, 94 young (96256K), 2 survivors (2048K)
 Metaspace       used 76825K, committed 77184K, reserved 1122304K
  class space    used 8211K, committed 8384K, reserved 1048576K
}
Event: 66.173 GC heap after
{Heap after GC invocations=64 (full 0):
 garbage-first heap   total 444416K, used 218418K [0x0000000081c00000, 0x0000000100000000)
  region size 1024K, 10 young (10240K), 10 survivors (10240K)
 Metaspace       used 76825K, committed 77184K, reserved 1122304K
  class space    used 8211K, committed 8384K, reserved 1048576K
}
Event: 68.213 GC heap before
{Heap before GC invocations=64 (full 0):
 garbage-first heap   total 444416K, used 320818K [0x0000000081c00000, 0x0000000100000000)
  region size 1024K, 110 young (112640K), 10 survivors (10240K)
 Metaspace       used 77813K, committed 78208K, reserved 1122304K
  class space    used 8283K, committed 8448K, reserved 1048576K
}
Event: 68.265 GC heap after
{Heap after GC invocations=65 (full 0):
 garbage-first heap   total 444416K, used 244420K [0x0000000081c00000, 0x0000000100000000)
  region size 1024K, 14 young (14336K), 14 survivors (14336K)
 Metaspace       used 77813K, committed 78208K, reserved 1122304K
  class space    used 8283K, committed 8448K, reserved 1048576K
}
Event: 69.204 GC heap before
{Heap before GC invocations=65 (full 0):
 garbage-first heap   total 444416K, used 328388K [0x0000000081c00000, 0x0000000100000000)
  region size 1024K, 96 young (98304K), 14 survivors (14336K)
 Metaspace       used 77970K, committed 78336K, reserved 1122304K
  class space    used 8289K, committed 8448K, reserved 1048576K
}
Event: 69.285 GC heap after
{Heap after GC invocations=66 (full 0):
 garbage-first heap   total 444416K, used 293376K [0x0000000081c00000, 0x0000000100000000)
  region size 1024K, 12 young (12288K), 12 survivors (12288K)
 Metaspace       used 77970K, committed 78336K, reserved 1122304K
  class space    used 8289K, committed 8448K, reserved 1048576K
}
Event: 70.178 GC heap before
{Heap before GC invocations=66 (full 0):
 garbage-first heap   total 444416K, used 342528K [0x0000000081c00000, 0x0000000100000000)
  region size 1024K, 60 young (61440K), 12 survivors (12288K)
 Metaspace       used 78337K, committed 78720K, reserved 1122304K
  class space    used 8309K, committed 8448K, reserved 1048576K
}
Event: 70.289 GC heap after
{Heap after GC invocations=67 (full 0):
 garbage-first heap   total 444416K, used 313856K [0x0000000081c00000, 0x0000000100000000)
  region size 1024K, 8 young (8192K), 8 survivors (8192K)
 Metaspace       used 78337K, committed 78720K, reserved 1122304K
  class space    used 8309K, committed 8448K, reserved 1048576K
}
Event: 70.730 GC heap before
{Heap before GC invocations=67 (full 0):
 garbage-first heap   total 444416K, used 353792K [0x0000000081c00000, 0x0000000100000000)
  region size 1024K, 47 young (48128K), 8 survivors (8192K)
 Metaspace       used 78409K, committed 78784K, reserved 1122304K
  class space    used 8314K, committed 8448K, reserved 1048576K
}

