# JRE version: OpenJDK Runtime Environment (17.0.6) (build 17.0.6+0-b2043.56-9586694)
# Java VM: OpenJDK 64-Bit Server VM (17.0.6+0-b2043.56-9586694, mixed mode, tiered, compressed oops, compressed class ptrs, g1 gc, windows-amd64)
GC Precious Log:
 CPUs: 4 total, 4 available
 Memory: 8076M
 Large Page Support: Disabled
 NUMA Support: Disabled
 Compressed Oops: Enabled (32-bit)
 Heap Region Size: 1M
 Heap Min Capacity: 8M
 Heap Initial Capacity: 128M
 Heap Max Capacity: 2G
 Pre-touch: Disabled
 Parallel Workers: 4
 Concurrent Workers: 1
 Concurrent Refinement Workers: 4
 Periodic GC: Disabled
Heap:
 garbage-first heap   total 143360K, used 80690K [0x0000000080000000, 0x0000000100000000)
  region size 1024K, 4 young (4096K), 4 survivors (4096K)
 Metaspace       used 86729K, committed 87360K, reserved 1130496K
  class space    used 11818K, committed 12160K, reserved 1048576K
GC Heap History (20 events):
Event: 13.878 GC heap after
{Heap after GC invocations=19 (full 0):
 garbage-first heap   total 99328K, used 54775K [0x0000000080000000, 0x0000000100000000)
  region size 1024K, 1 young (1024K), 1 survivors (1024K)
 Metaspace       used 59159K, committed 59648K, reserved 1105920K
  class space    used 7853K, committed 8064K, reserved 1048576K
}
Event: 14.731 GC heap before
{Heap before GC invocations=20 (full 0):
 garbage-first heap   total 99328K, used 75255K [0x0000000080000000, 0x0000000100000000)
  region size 1024K, 21 young (21504K), 1 survivors (1024K)
 Metaspace       used 62377K, committed 62912K, reserved 1105920K
  class space    used 8326K, committed 8576K, reserved 1048576K
}
Event: 14.739 GC heap after
{Heap after GC invocations=21 (full 0):
 garbage-first heap   total 99328K, used 55860K [0x0000000080000000, 0x0000000100000000)
  region size 1024K, 2 young (2048K), 2 survivors (2048K)
 Metaspace       used 62377K, committed 62912K, reserved 1105920K
  class space    used 8326K, committed 8576K, reserved 1048576K
}
Event: 14.776 GC heap before
{Heap before GC invocations=21 (full 0):
 garbage-first heap   total 99328K, used 57908K [0x0000000080000000, 0x0000000100000000)
  region size 1024K, 4 young (4096K), 2 survivors (2048K)
 Metaspace       used 62547K, committed 63040K, reserved 1105920K
  class space    used 8350K, committed 8576K, reserved 1048576K
}
Event: 14.783 GC heap after
{Heap after GC invocations=22 (full 0):
 garbage-first heap   total 143360K, used 56427K [0x0000000080000000, 0x0000000100000000)
  region size 1024K, 1 young (1024K), 1 survivors (1024K)
 Metaspace       used 62547K, committed 63040K, reserved 1105920K
  class space    used 8350K, committed 8576K, reserved 1048576K
}
Event: 15.904 GC heap before
{Heap before GC invocations=22 (full 0):
 garbage-first heap   total 143360K, used 106603K [0x0000000080000000, 0x0000000100000000)
  region size 1024K, 44 young (45056K), 1 survivors (1024K)
 Metaspace       used 66645K, committed 67200K, reserved 1114112K
  class space    used 8842K, committed 9088K, reserved 1048576K
}
Event: 15.913 GC heap after
{Heap after GC invocations=23 (full 0):
 garbage-first heap   total 143360K, used 60731K [0x0000000080000000, 0x0000000100000000)
  region size 1024K, 5 young (5120K), 5 survivors (5120K)
 Metaspace       used 66645K, committed 67200K, reserved 1114112K
  class space    used 8842K, committed 9088K, reserved 1048576K
}
Event: 17.187 GC heap before
{Heap before GC invocations=23 (full 0):
 garbage-first heap   total 143360K, used 104763K [0x0000000080000000, 0x0000000100000000)
  region size 1024K, 47 young (48128K), 5 survivors (5120K)
 Metaspace       used 71126K, committed 71680K, reserved 1114112K
  class space    used 9439K, committed 9728K, reserved 1048576K
}
Event: 17.200 GC heap after
{Heap after GC invocations=24 (full 0):
 garbage-first heap   total 143360K, used 63508K [0x0000000080000000, 0x0000000100000000)
  region size 1024K, 3 young (3072K), 3 survivors (3072K)
 Metaspace       used 71126K, committed 71680K, reserved 1114112K
  class space    used 9439K, committed 9728K, reserved 1048576K
}
Event: 18.281 GC heap before
{Heap before GC invocations=24 (full 0):
 garbage-first heap   total 143360K, used 107540K [0x0000000080000000, 0x0000000100000000)
  region size 1024K, 46 young (47104K), 3 survivors (3072K)
 Metaspace       used 75269K, committed 75904K, reserved 1122304K
  class space    used 9991K, committed 10304K, reserved 1048576K
}
Event: 18.293 GC heap after
{Heap after GC invocations=25 (full 0):
 garbage-first heap   total 143360K, used 67027K [0x0000000080000000, 0x0000000100000000)
  region size 1024K, 6 young (6144K), 6 survivors (6144K)
 Metaspace       used 75269K, committed 75904K, reserved 1122304K
  class space    used 9991K, committed 10304K, reserved 1048576K
}
Event: 19.402 GC heap before
{Heap before GC invocations=25 (full 0):
 garbage-first heap   total 143360K, used 110035K [0x0000000080000000, 0x0000000100000000)
  region size 1024K, 48 young (49152K), 6 survivors (6144K)
 Metaspace       used 77839K, committed 78464K, reserved 1122304K
  class space    used 10339K, committed 10624K, reserved 1048576K
}
Event: 19.420 GC heap after
{Heap after GC invocations=26 (full 0):
 garbage-first heap   total 143360K, used 72373K [0x0000000080000000, 0x0000000100000000)
  region size 1024K, 6 young (6144K), 6 survivors (6144K)
 Metaspace       used 77839K, committed 78464K, reserved 1122304K
  class space    used 10339K, committed 10624K, reserved 1048576K
}
Event: 20.748 GC heap before
{Heap before GC invocations=26 (full 0):
 garbage-first heap   total 143360K, used 111285K [0x0000000080000000, 0x0000000100000000)
  region size 1024K, 44 young (45056K), 6 survivors (6144K)
 Metaspace       used 82359K, committed 82944K, reserved 1122304K
  class space    used 11170K, committed 11456K, reserved 1048576K
}
Event: 20.760 GC heap after
{Heap after GC invocations=27 (full 0):
 garbage-first heap   total 143360K, used 74916K [0x0000000080000000, 0x0000000100000000)
  region size 1024K, 3 young (3072K), 3 survivors (3072K)
 Metaspace       used 82359K, committed 82944K, reserved 1122304K
  class space    used 11170K, committed 11456K, reserved 1048576K
}
Event: 21.536 GC heap before
{Heap before GC invocations=28 (full 0):
 garbage-first heap   total 143360K, used 113828K [0x0000000080000000, 0x0000000100000000)
  region size 1024K, 41 young (41984K), 3 survivors (3072K)
 Metaspace       used 83923K, committed 84544K, reserved 1122304K
  class space    used 11415K, committed 11712K, reserved 1048576K
}
Event: 21.553 GC heap after
{Heap after GC invocations=29 (full 0):
 garbage-first heap   total 143360K, used 78377K [0x0000000080000000, 0x0000000100000000)
  region size 1024K, 6 young (6144K), 6 survivors (6144K)
 Metaspace       used 83923K, committed 84544K, reserved 1122304K
  class space    used 11415K, committed 11712K, reserved 1048576K
}
Event: 21.563 GC heap before
{Heap before GC invocations=29 (full 0):
 garbage-first heap   total 143360K, used 79401K [0x0000000080000000, 0x0000000100000000)
  region size 1024K, 7 young (7168K), 6 survivors (6144K)
 Metaspace       used 83927K, committed 84544K, reserved 1122304K
  class space    used 11416K, committed 11712K, reserved 1048576K
}
Event: 21.575 GC heap after
{Heap after GC invocations=30 (full 0):
 garbage-first heap   total 143360K, used 78260K [0x0000000080000000, 0x0000000100000000)
  region size 1024K, 1 young (1024K), 1 survivors (1024K)
 Metaspace       used 83927K, committed 84544K, reserved 1122304K
  class space    used 11416K, committed 11712K, reserved 1048576K
}
Event: 22.543 GC heap before
{Heap before GC invocations=30 (full 0):
 garbage-first heap   total 143360K, used 116148K [0x0000000080000000, 0x0000000100000000)
  region size 1024K, 38 young (38912K), 1 survivors (1024K)
 Metaspace       used 86729K, committed 87360K, reserved 1130496K
  class space    used 11818K, committed 12160K, reserved 1048576K
}

