# JRE version: OpenJDK Runtime Environment (17.0.6) (build 17.0.6+0-b2043.56-9586694)
# Java VM: OpenJDK 64-Bit Server VM (17.0.6+0-b2043.56-9586694, mixed mode, tiered, compressed oops, compressed class ptrs, g1 gc, windows-amd64)
GC Precious Log:
 CPUs: 4 total, 4 available
 Memory: 8076M
 Large Page Support: Disabled
 NUMA Support: Disabled
 Compressed Oops: Enabled (32-bit)
 Heap Region Size: 1M
 Heap Min Capacity: 8M
 Heap Initial Capacity: 128M
 Heap Max Capacity: 2G
 Pre-touch: Disabled
 Parallel Workers: 4
 Concurrent Workers: 1
 Concurrent Refinement Workers: 4
 Periodic GC: Disabled
Heap:
 garbage-first heap   total 476160K, used 160954K [0x0000000080000000, 0x0000000100000000)
  region size 1024K, 5 young (5120K), 5 survivors (5120K)
 Metaspace       used 131990K, committed 132864K, reserved 1171456K
  class space    used 17560K, committed 17984K, reserved 1048576K
GC Heap History (20 events):
Event: 161.791 GC heap after
{Heap after GC invocations=78 (full 0):
 garbage-first heap   total 429056K, used 258254K [0x0000000080000000, 0x0000000100000000)
  region size 1024K, 3 young (3072K), 3 survivors (3072K)
 Metaspace       used 125219K, committed 126144K, reserved 1163264K
  class space    used 16847K, committed 17280K, reserved 1048576K
}
Event: 2423.193 GC heap before
{Heap before GC invocations=79 (full 0):
 garbage-first heap   total 476160K, used 463054K [0x0000000080000000, 0x0000000100000000)
  region size 1024K, 78 young (79872K), 3 survivors (3072K)
 Metaspace       used 126278K, committed 127168K, reserved 1163264K
  class space    used 16986K, committed 17408K, reserved 1048576K
}
Event: 2423.371 GC heap after
{Heap after GC invocations=80 (full 0):
 garbage-first heap   total 476160K, used 212414K [0x0000000080000000, 0x0000000100000000)
  region size 1024K, 4 young (4096K), 4 survivors (4096K)
 Metaspace       used 126278K, committed 127168K, reserved 1163264K
  class space    used 16986K, committed 17408K, reserved 1048576K
}
Event: 2744.230 GC heap before
{Heap before GC invocations=80 (full 0):
 garbage-first heap   total 476160K, used 231870K [0x0000000080000000, 0x0000000100000000)
  region size 1024K, 23 young (23552K), 4 survivors (4096K)
 Metaspace       used 126367K, committed 127232K, reserved 1163264K
  class space    used 16992K, committed 17408K, reserved 1048576K
}
Event: 2744.318 GC heap after
{Heap after GC invocations=81 (full 0):
 garbage-first heap   total 476160K, used 164882K [0x0000000080000000, 0x0000000100000000)
  region size 1024K, 2 young (2048K), 2 survivors (2048K)
 Metaspace       used 126367K, committed 127232K, reserved 1163264K
  class space    used 16992K, committed 17408K, reserved 1048576K
}
Event: 2745.761 GC heap before
{Heap before GC invocations=81 (full 0):
 garbage-first heap   total 476160K, used 186386K [0x0000000080000000, 0x0000000100000000)
  region size 1024K, 23 young (23552K), 2 survivors (2048K)
 Metaspace       used 126471K, committed 127424K, reserved 1163264K
  class space    used 16997K, committed 17408K, reserved 1048576K
}
Event: 2745.850 GC heap after
{Heap after GC invocations=82 (full 0):
 garbage-first heap   total 476160K, used 150976K [0x0000000080000000, 0x0000000100000000)
  region size 1024K, 3 young (3072K), 3 survivors (3072K)
 Metaspace       used 126471K, committed 127424K, reserved 1163264K
  class space    used 16997K, committed 17408K, reserved 1048576K
}
Event: 2748.761 GC heap before
{Heap before GC invocations=82 (full 0):
 garbage-first heap   total 476160K, used 209344K [0x0000000080000000, 0x0000000100000000)
  region size 1024K, 61 young (62464K), 3 survivors (3072K)
 Metaspace       used 127183K, committed 128192K, reserved 1163264K
  class space    used 17050K, committed 17536K, reserved 1048576K
}
Event: 2748.788 GC heap after
{Heap after GC invocations=83 (full 0):
 garbage-first heap   total 476160K, used 158408K [0x0000000080000000, 0x0000000100000000)
  region size 1024K, 10 young (10240K), 10 survivors (10240K)
 Metaspace       used 127183K, committed 128192K, reserved 1163264K
  class space    used 17050K, committed 17536K, reserved 1048576K
}
Event: 2855.738 GC heap before
{Heap before GC invocations=84 (full 0):
 garbage-first heap   total 476160K, used 382664K [0x0000000080000000, 0x0000000100000000)
  region size 1024K, 213 young (218112K), 10 survivors (10240K)
 Metaspace       used 131908K, committed 132800K, reserved 1171456K
  class space    used 17555K, committed 17984K, reserved 1048576K
}
Event: 2855.805 GC heap after
{Heap after GC invocations=85 (full 0):
 garbage-first heap   total 476160K, used 168167K [0x0000000080000000, 0x0000000100000000)
  region size 1024K, 20 young (20480K), 20 survivors (20480K)
 Metaspace       used 131908K, committed 132800K, reserved 1171456K
  class space    used 17555K, committed 17984K, reserved 1048576K
}
Event: 2855.933 GC heap before
{Heap before GC invocations=85 (full 0):
 garbage-first heap   total 476160K, used 170215K [0x0000000080000000, 0x0000000100000000)
  region size 1024K, 23 young (23552K), 20 survivors (20480K)
 Metaspace       used 131908K, committed 132800K, reserved 1171456K
  class space    used 17555K, committed 17984K, reserved 1048576K
}
Event: 2856.070 GC heap after
{Heap after GC invocations=86 (full 0):
 garbage-first heap   total 476160K, used 158009K [0x0000000080000000, 0x0000000100000000)
  region size 1024K, 2 young (2048K), 2 survivors (2048K)
 Metaspace       used 131908K, committed 132800K, reserved 1171456K
  class space    used 17555K, committed 17984K, reserved 1048576K
}
Event: 2856.405 GC heap before
{Heap before GC invocations=86 (full 0):
 garbage-first heap   total 476160K, used 176441K [0x0000000080000000, 0x0000000100000000)
  region size 1024K, 21 young (21504K), 2 survivors (2048K)
 Metaspace       used 131934K, committed 132800K, reserved 1171456K
  class space    used 17556K, committed 17984K, reserved 1048576K
}
Event: 2856.409 GC heap after
{Heap after GC invocations=87 (full 0):
 garbage-first heap   total 476160K, used 156985K [0x0000000080000000, 0x0000000100000000)
  region size 1024K, 1 young (1024K), 1 survivors (1024K)
 Metaspace       used 131934K, committed 132800K, reserved 1171456K
  class space    used 17556K, committed 17984K, reserved 1048576K
}
Event: 2857.452 GC heap before
{Heap before GC invocations=88 (full 0):
 garbage-first heap   total 476160K, used 386361K [0x0000000080000000, 0x0000000100000000)
  region size 1024K, 224 young (229376K), 1 survivors (1024K)
 Metaspace       used 131990K, committed 132864K, reserved 1171456K
  class space    used 17560K, committed 17984K, reserved 1048576K
}
Event: 2857.503 GC heap after
{Heap after GC invocations=89 (full 0):
 garbage-first heap   total 476160K, used 172011K [0x0000000080000000, 0x0000000100000000)
  region size 1024K, 16 young (16384K), 16 survivors (16384K)
 Metaspace       used 131990K, committed 132864K, reserved 1171456K
  class space    used 17560K, committed 17984K, reserved 1048576K
}
Event: 2857.525 GC heap before
{Heap before GC invocations=89 (full 0):
 garbage-first heap   total 476160K, used 178155K [0x0000000080000000, 0x0000000100000000)
  region size 1024K, 23 young (23552K), 16 survivors (16384K)
 Metaspace       used 131990K, committed 132864K, reserved 1171456K
  class space    used 17560K, committed 17984K, reserved 1048576K
}
Event: 2857.637 GC heap after
{Heap after GC invocations=90 (full 0):
 garbage-first heap   total 476160K, used 158041K [0x0000000080000000, 0x0000000100000000)
  region size 1024K, 2 young (2048K), 2 survivors (2048K)
 Metaspace       used 131990K, committed 132864K, reserved 1171456K
  class space    used 17560K, committed 17984K, reserved 1048576K
}
Event: 2858.360 GC heap before
{Heap before GC invocations=90 (full 0):
 garbage-first heap   total 476160K, used 386393K [0x0000000080000000, 0x0000000100000000)
  region size 1024K, 225 young (230400K), 2 survivors (2048K)
 Metaspace       used 131990K, committed 132864K, reserved 1171456K
  class space    used 17560K, committed 17984K, reserved 1048576K
}

