# JRE version: OpenJDK Runtime Environment (17.0.6) (build 17.0.6+0-b2043.56-9586694)
# Java VM: OpenJDK 64-Bit Server VM (17.0.6+0-b2043.56-9586694, mixed mode, tiered, compressed oops, compressed class ptrs, g1 gc, windows-amd64)
GC Precious Log:
 CPUs: 4 total, 4 available
 Memory: 8076M
 Large Page Support: Disabled
 NUMA Support: Disabled
 Compressed Oops: Enabled (32-bit)
 Heap Region Size: 1M
 Heap Min Capacity: 8M
 Heap Initial Capacity: 128M
 Heap Max Capacity: 2020M
 Pre-touch: Disabled
 Parallel Workers: 4
 Concurrent Workers: 1
 Concurrent Refinement Workers: 4
 Periodic GC: Disabled
Heap:
 garbage-first heap   total 584704K, used 502273K [0x0000000081c00000, 0x0000000100000000)
  region size 1024K, 2 young (2048K), 2 survivors (2048K)
 Metaspace       used 97440K, committed 97792K, reserved 1138688K
  class space    used 9809K, committed 9984K, reserved 1048576K
GC Heap History (20 events):
Event: 146.904 GC heap after
{Heap after GC invocations=104 (full 0):
 garbage-first heap   total 584704K, used 471133K [0x0000000081c00000, 0x0000000100000000)
  region size 1024K, 6 young (6144K), 6 survivors (6144K)
 Metaspace       used 97418K, committed 97792K, reserved 1138688K
  class space    used 9809K, committed 9984K, reserved 1048576K
}
Event: 147.080 GC heap before
{Heap before GC invocations=104 (full 0):
 garbage-first heap   total 584704K, used 512093K [0x0000000081c00000, 0x0000000100000000)
  region size 1024K, 46 young (47104K), 6 survivors (6144K)
 Metaspace       used 97418K, committed 97792K, reserved 1138688K
  class space    used 9809K, committed 9984K, reserved 1048576K
}
Event: 147.090 GC heap after
{Heap after GC invocations=105 (full 0):
 garbage-first heap   total 584704K, used 473533K [0x0000000081c00000, 0x0000000100000000)
  region size 1024K, 4 young (4096K), 4 survivors (4096K)
 Metaspace       used 97418K, committed 97792K, reserved 1138688K
  class space    used 9809K, committed 9984K, reserved 1048576K
}
Event: 147.386 GC heap before
{Heap before GC invocations=105 (full 0):
 garbage-first heap   total 584704K, used 512445K [0x0000000081c00000, 0x0000000100000000)
  region size 1024K, 42 young (43008K), 4 survivors (4096K)
 Metaspace       used 97418K, committed 97792K, reserved 1138688K
  class space    used 9809K, committed 9984K, reserved 1048576K
}
Event: 147.394 GC heap after
{Heap after GC invocations=106 (full 0):
 garbage-first heap   total 584704K, used 477919K [0x0000000081c00000, 0x0000000100000000)
  region size 1024K, 6 young (6144K), 6 survivors (6144K)
 Metaspace       used 97418K, committed 97792K, reserved 1138688K
  class space    used 9809K, committed 9984K, reserved 1048576K
}
Event: 147.653 GC heap before
{Heap before GC invocations=106 (full 0):
 garbage-first heap   total 584704K, used 512735K [0x0000000081c00000, 0x0000000100000000)
  region size 1024K, 40 young (40960K), 6 survivors (6144K)
 Metaspace       used 97426K, committed 97792K, reserved 1138688K
  class space    used 9809K, committed 9984K, reserved 1048576K
}
Event: 147.666 GC heap after
{Heap after GC invocations=107 (full 0):
 garbage-first heap   total 584704K, used 480827K [0x0000000081c00000, 0x0000000100000000)
  region size 1024K, 3 young (3072K), 3 survivors (3072K)
 Metaspace       used 97426K, committed 97792K, reserved 1138688K
  class space    used 9809K, committed 9984K, reserved 1048576K
}
Event: 148.120 GC heap before
{Heap before GC invocations=107 (full 0):
 garbage-first heap   total 584704K, used 513595K [0x0000000081c00000, 0x0000000100000000)
  region size 1024K, 35 young (35840K), 3 survivors (3072K)
 Metaspace       used 97435K, committed 97792K, reserved 1138688K
  class space    used 9809K, committed 9984K, reserved 1048576K
}
Event: 148.130 GC heap after
{Heap after GC invocations=108 (full 0):
 garbage-first heap   total 584704K, used 482869K [0x0000000081c00000, 0x0000000100000000)
  region size 1024K, 5 young (5120K), 5 survivors (5120K)
 Metaspace       used 97435K, committed 97792K, reserved 1138688K
  class space    used 9809K, committed 9984K, reserved 1048576K
}
Event: 148.262 GC heap before
{Heap before GC invocations=108 (full 0):
 garbage-first heap   total 584704K, used 514613K [0x0000000081c00000, 0x0000000100000000)
  region size 1024K, 36 young (36864K), 5 survivors (5120K)
 Metaspace       used 97435K, committed 97792K, reserved 1138688K
  class space    used 9809K, committed 9984K, reserved 1048576K
}
Event: 148.275 GC heap after
{Heap after GC invocations=109 (full 0):
 garbage-first heap   total 584704K, used 487671K [0x0000000081c00000, 0x0000000100000000)
  region size 1024K, 5 young (5120K), 5 survivors (5120K)
 Metaspace       used 97435K, committed 97792K, reserved 1138688K
  class space    used 9809K, committed 9984K, reserved 1048576K
}
Event: 148.341 GC heap before
{Heap before GC invocations=109 (full 0):
 garbage-first heap   total 584704K, used 513271K [0x0000000081c00000, 0x0000000100000000)
  region size 1024K, 30 young (30720K), 5 survivors (5120K)
 Metaspace       used 97435K, committed 97792K, reserved 1138688K
  class space    used 9809K, committed 9984K, reserved 1048576K
}
Event: 148.352 GC heap after
{Heap after GC invocations=110 (full 0):
 garbage-first heap   total 584704K, used 490549K [0x0000000081c00000, 0x0000000100000000)
  region size 1024K, 3 young (3072K), 3 survivors (3072K)
 Metaspace       used 97435K, committed 97792K, reserved 1138688K
  class space    used 9809K, committed 9984K, reserved 1048576K
}
Event: 148.814 GC heap before
{Heap before GC invocations=110 (full 0):
 garbage-first heap   total 584704K, used 516149K [0x0000000081c00000, 0x0000000100000000)
  region size 1024K, 28 young (28672K), 3 survivors (3072K)
 Metaspace       used 97436K, committed 97792K, reserved 1138688K
  class space    used 9809K, committed 9984K, reserved 1048576K
}
Event: 148.821 GC heap after
{Heap after GC invocations=111 (full 0):
 garbage-first heap   total 584704K, used 492932K [0x0000000081c00000, 0x0000000100000000)
  region size 1024K, 3 young (3072K), 3 survivors (3072K)
 Metaspace       used 97436K, committed 97792K, reserved 1138688K
  class space    used 9809K, committed 9984K, reserved 1048576K
}
Event: 148.909 GC heap before
{Heap before GC invocations=111 (full 0):
 garbage-first heap   total 584704K, used 518532K [0x0000000081c00000, 0x0000000100000000)
  region size 1024K, 28 young (28672K), 3 survivors (3072K)
 Metaspace       used 97437K, committed 97792K, reserved 1138688K
  class space    used 9809K, committed 9984K, reserved 1048576K
}
Event: 148.919 GC heap after
{Heap after GC invocations=112 (full 0):
 garbage-first heap   total 584704K, used 497173K [0x0000000081c00000, 0x0000000100000000)
  region size 1024K, 4 young (4096K), 4 survivors (4096K)
 Metaspace       used 97437K, committed 97792K, reserved 1138688K
  class space    used 9809K, committed 9984K, reserved 1048576K
}
Event: 148.958 GC heap before
{Heap before GC invocations=112 (full 0):
 garbage-first heap   total 584704K, used 521749K [0x0000000081c00000, 0x0000000100000000)
  region size 1024K, 28 young (28672K), 4 survivors (4096K)
 Metaspace       used 97440K, committed 97792K, reserved 1138688K
  class space    used 9809K, committed 9984K, reserved 1048576K
}
Event: 148.968 GC heap after
{Heap after GC invocations=113 (full 0):
 garbage-first heap   total 584704K, used 500452K [0x0000000081c00000, 0x0000000100000000)
  region size 1024K, 3 young (3072K), 3 survivors (3072K)
 Metaspace       used 97440K, committed 97792K, reserved 1138688K
  class space    used 9809K, committed 9984K, reserved 1048576K
}
Event: 149.015 GC heap before
{Heap before GC invocations=113 (full 0):
 garbage-first heap   total 584704K, used 526052K [0x0000000081c00000, 0x0000000100000000)
  region size 1024K, 28 young (28672K), 3 survivors (3072K)
 Metaspace       used 97440K, committed 97792K, reserved 1138688K
  class space    used 9809K, committed 9984K, reserved 1048576K
}

