# JRE version: OpenJDK Runtime Environment (17.0.6) (build 17.0.6+0-b2043.56-9586694)
# Java VM: OpenJDK 64-Bit Server VM (17.0.6+0-b2043.56-9586694, mixed mode, tiered, compressed oops, compressed class ptrs, g1 gc, windows-amd64)
GC Precious Log:
 CPUs: 4 total, 4 available
 Memory: 8076M
 Large Page Support: Disabled
 NUMA Support: Disabled
 Compressed Oops: Enabled (32-bit)
 Heap Region Size: 1M
 Heap Min Capacity: 8M
 Heap Initial Capacity: 128M
 Heap Max Capacity: 2020M
 Pre-touch: Disabled
 Parallel Workers: 4
 Concurrent Workers: 1
 Concurrent Refinement Workers: 4
 Periodic GC: Disabled
Heap:
 garbage-first heap   total 568320K, used 393361K [0x0000000081c00000, 0x0000000100000000)
  region size 1024K, 55 young (56320K), 16 survivors (16384K)
 Metaspace       used 96708K, committed 97152K, reserved 1138688K
  class space    used 9792K, committed 9984K, reserved 1048576K
GC Heap History (20 events):
Event: 102.155 GC heap before
{Heap before GC invocations=74 (full 0):
 garbage-first heap   total 568320K, used 390144K [0x0000000081c00000, 0x0000000100000000)
  region size 1024K, 175 young (179200K), 3 survivors (3072K)
 Metaspace       used 78108K, committed 78464K, reserved 1122304K
  class space    used 8288K, committed 8448K, reserved 1048576K
}
Event: 102.269 GC heap after
{Heap after GC invocations=75 (full 0):
 garbage-first heap   total 568320K, used 272384K [0x0000000081c00000, 0x0000000100000000)
  region size 1024K, 22 young (22528K), 22 survivors (22528K)
 Metaspace       used 78108K, committed 78464K, reserved 1122304K
  class space    used 8288K, committed 8448K, reserved 1048576K
}
Event: 105.994 GC heap before
{Heap before GC invocations=75 (full 0):
 garbage-first heap   total 568320K, used 377856K [0x0000000081c00000, 0x0000000100000000)
  region size 1024K, 125 young (128000K), 22 survivors (22528K)
 Metaspace       used 78533K, committed 78848K, reserved 1122304K
  class space    used 8309K, committed 8448K, reserved 1048576K
}
Event: 106.117 GC heap after
{Heap after GC invocations=76 (full 0):
 garbage-first heap   total 568320K, used 312320K [0x0000000081c00000, 0x0000000100000000)
  region size 1024K, 16 young (16384K), 16 survivors (16384K)
 Metaspace       used 78533K, committed 78848K, reserved 1122304K
  class space    used 8309K, committed 8448K, reserved 1048576K
}
Event: 109.753 GC heap before
{Heap before GC invocations=76 (full 0):
 garbage-first heap   total 568320K, used 405504K [0x0000000081c00000, 0x0000000100000000)
  region size 1024K, 107 young (109568K), 16 survivors (16384K)
 Metaspace       used 81599K, committed 81984K, reserved 1122304K
  class space    used 8623K, committed 8832K, reserved 1048576K
}
Event: 109.794 GC heap after
{Heap after GC invocations=77 (full 0):
 garbage-first heap   total 568320K, used 317952K [0x0000000081c00000, 0x0000000100000000)
  region size 1024K, 5 young (5120K), 5 survivors (5120K)
 Metaspace       used 81599K, committed 81984K, reserved 1122304K
  class space    used 8623K, committed 8832K, reserved 1048576K
}
Event: 114.592 GC heap before
{Heap before GC invocations=77 (full 0):
 garbage-first heap   total 568320K, used 420352K [0x0000000081c00000, 0x0000000100000000)
  region size 1024K, 105 young (107520K), 5 survivors (5120K)
 Metaspace       used 89220K, committed 89600K, reserved 1130496K
  class space    used 9350K, committed 9536K, reserved 1048576K
}
Event: 114.636 GC heap after
{Heap after GC invocations=78 (full 0):
 garbage-first heap   total 568320K, used 320507K [0x0000000081c00000, 0x0000000100000000)
  region size 1024K, 7 young (7168K), 7 survivors (7168K)
 Metaspace       used 89220K, committed 89600K, reserved 1130496K
  class space    used 9350K, committed 9536K, reserved 1048576K
}
Event: 121.422 GC heap before
{Heap before GC invocations=78 (full 0):
 garbage-first heap   total 568320K, used 435195K [0x0000000081c00000, 0x0000000100000000)
  region size 1024K, 119 young (121856K), 7 survivors (7168K)
 Metaspace       used 90013K, committed 90368K, reserved 1130496K
  class space    used 9355K, committed 9536K, reserved 1048576K
}
Event: 121.453 GC heap after
{Heap after GC invocations=79 (full 0):
 garbage-first heap   total 568320K, used 326292K [0x0000000081c00000, 0x0000000100000000)
  region size 1024K, 13 young (13312K), 13 survivors (13312K)
 Metaspace       used 90013K, committed 90368K, reserved 1130496K
  class space    used 9355K, committed 9536K, reserved 1048576K
}
Event: 125.912 GC heap before
{Heap before GC invocations=79 (full 0):
 garbage-first heap   total 568320K, used 446100K [0x0000000081c00000, 0x0000000100000000)
  region size 1024K, 130 young (133120K), 13 survivors (13312K)
 Metaspace       used 90239K, committed 90624K, reserved 1130496K
  class space    used 9360K, committed 9536K, reserved 1048576K
}
Event: 125.955 GC heap after
{Heap after GC invocations=80 (full 0):
 garbage-first heap   total 568320K, used 330591K [0x0000000081c00000, 0x0000000100000000)
  region size 1024K, 11 young (11264K), 11 survivors (11264K)
 Metaspace       used 90239K, committed 90624K, reserved 1130496K
  class space    used 9360K, committed 9536K, reserved 1048576K
}
Event: 130.958 GC heap before
{Heap before GC invocations=80 (full 0):
 garbage-first heap   total 568320K, used 455519K [0x0000000081c00000, 0x0000000100000000)
  region size 1024K, 133 young (136192K), 11 survivors (11264K)
 Metaspace       used 90570K, committed 91008K, reserved 1138688K
  class space    used 9391K, committed 9600K, reserved 1048576K
}
Event: 130.992 GC heap after
{Heap after GC invocations=81 (full 0):
 garbage-first heap   total 568320K, used 335335K [0x0000000081c00000, 0x0000000100000000)
  region size 1024K, 9 young (9216K), 9 survivors (9216K)
 Metaspace       used 90570K, committed 91008K, reserved 1138688K
  class space    used 9391K, committed 9600K, reserved 1048576K
}
Event: 138.624 GC heap before
{Heap before GC invocations=81 (full 0):
 garbage-first heap   total 568320K, used 464359K [0x0000000081c00000, 0x0000000100000000)
  region size 1024K, 135 young (138240K), 9 survivors (9216K)
 Metaspace       used 95417K, committed 95808K, reserved 1138688K
  class space    used 9738K, committed 9920K, reserved 1048576K
}
Event: 138.654 GC heap after
{Heap after GC invocations=82 (full 0):
 garbage-first heap   total 568320K, used 340333K [0x0000000081c00000, 0x0000000100000000)
  region size 1024K, 14 young (14336K), 14 survivors (14336K)
 Metaspace       used 95417K, committed 95808K, reserved 1138688K
  class space    used 9738K, committed 9920K, reserved 1048576K
}
Event: 147.305 GC heap before
{Heap before GC invocations=82 (full 0):
 garbage-first heap   total 568320K, used 470381K [0x0000000081c00000, 0x0000000100000000)
  region size 1024K, 141 young (144384K), 14 survivors (14336K)
 Metaspace       used 96391K, committed 96832K, reserved 1138688K
  class space    used 9782K, committed 9984K, reserved 1048576K
}
Event: 147.339 GC heap after
{Heap after GC invocations=83 (full 0):
 garbage-first heap   total 568320K, used 347519K [0x0000000081c00000, 0x0000000100000000)
  region size 1024K, 13 young (13312K), 13 survivors (13312K)
 Metaspace       used 96391K, committed 96832K, reserved 1138688K
  class space    used 9782K, committed 9984K, reserved 1048576K
}
Event: 153.572 GC heap before
{Heap before GC invocations=83 (full 0):
 garbage-first heap   total 568320K, used 473471K [0x0000000081c00000, 0x0000000100000000)
  region size 1024K, 136 young (139264K), 13 survivors (13312K)
 Metaspace       used 96634K, committed 97024K, reserved 1138688K
  class space    used 9792K, committed 9984K, reserved 1048576K
}
Event: 153.600 GC heap after
{Heap after GC invocations=84 (full 0):
 garbage-first heap   total 568320K, used 354449K [0x0000000081c00000, 0x0000000100000000)
  region size 1024K, 16 young (16384K), 16 survivors (16384K)
 Metaspace       used 96634K, committed 97024K, reserved 1138688K
  class space    used 9792K, committed 9984K, reserved 1048576K
}

