# JRE version: OpenJDK Runtime Environment (17.0.6) (build 17.0.6+0-b2043.56-9586694)
# Java VM: OpenJDK 64-Bit Server VM (17.0.6+0-b2043.56-9586694, mixed mode, tiered, compressed oops, compressed class ptrs, g1 gc, windows-amd64)
GC Precious Log:
 CPUs: 4 total, 4 available
 Memory: 8076M
 Large Page Support: Disabled
 NUMA Support: Disabled
 Compressed Oops: Enabled (32-bit)
 Heap Region Size: 1M
 Heap Min Capacity: 8M
 Heap Initial Capacity: 128M
 Heap Max Capacity: 2020M
 Pre-touch: Disabled
 Parallel Workers: 4
 Concurrent Workers: 1
 Concurrent Refinement Workers: 4
 Periodic GC: Disabled
Heap:
 garbage-first heap   total 396288K, used 340458K [0x0000000081c00000, 0x0000000100000000)
  region size 1024K, 2 young (2048K), 2 survivors (2048K)
 Metaspace       used 92298K, committed 92672K, reserved 1138688K
  class space    used 9548K, committed 9728K, reserved 1048576K
GC Heap History (20 events):
Event: 129.692 GC heap after
{Heap after GC invocations=92 (full 0):
 garbage-first heap   total 396288K, used 334712K [0x0000000081c00000, 0x0000000100000000)
  region size 1024K, 2 young (2048K), 2 survivors (2048K)
 Metaspace       used 90170K, committed 90560K, reserved 1130496K
  class space    used 9356K, committed 9536K, reserved 1048576K
}
Event: 130.352 GC heap before
{Heap before GC invocations=92 (full 0):
 garbage-first heap   total 396288K, used 353144K [0x0000000081c00000, 0x0000000100000000)
  region size 1024K, 20 young (20480K), 2 survivors (2048K)
 Metaspace       used 90182K, committed 90560K, reserved 1130496K
  class space    used 9356K, committed 9536K, reserved 1048576K
}
Event: 130.368 GC heap after
{Heap after GC invocations=93 (full 0):
 garbage-first heap   total 396288K, used 335456K [0x0000000081c00000, 0x0000000100000000)
  region size 1024K, 3 young (3072K), 3 survivors (3072K)
 Metaspace       used 90182K, committed 90560K, reserved 1130496K
  class space    used 9356K, committed 9536K, reserved 1048576K
}
Event: 130.732 GC heap before
{Heap before GC invocations=93 (full 0):
 garbage-first heap   total 396288K, used 351840K [0x0000000081c00000, 0x0000000100000000)
  region size 1024K, 19 young (19456K), 3 survivors (3072K)
 Metaspace       used 90194K, committed 90624K, reserved 1130496K
  class space    used 9356K, committed 9536K, reserved 1048576K
}
Event: 130.744 GC heap after
{Heap after GC invocations=94 (full 0):
 garbage-first heap   total 396288K, used 336182K [0x0000000081c00000, 0x0000000100000000)
  region size 1024K, 3 young (3072K), 3 survivors (3072K)
 Metaspace       used 90194K, committed 90624K, reserved 1130496K
  class space    used 9356K, committed 9536K, reserved 1048576K
}
Event: 131.469 GC heap before
{Heap before GC invocations=94 (full 0):
 garbage-first heap   total 396288K, used 352566K [0x0000000081c00000, 0x0000000100000000)
  region size 1024K, 19 young (19456K), 3 survivors (3072K)
 Metaspace       used 90205K, committed 90624K, reserved 1130496K
  class space    used 9356K, committed 9536K, reserved 1048576K
}
Event: 131.484 GC heap after
{Heap after GC invocations=95 (full 0):
 garbage-first heap   total 396288K, used 336783K [0x0000000081c00000, 0x0000000100000000)
  region size 1024K, 2 young (2048K), 2 survivors (2048K)
 Metaspace       used 90205K, committed 90624K, reserved 1130496K
  class space    used 9356K, committed 9536K, reserved 1048576K
}
Event: 131.990 GC heap before
{Heap before GC invocations=95 (full 0):
 garbage-first heap   total 396288K, used 354191K [0x0000000081c00000, 0x0000000100000000)
  region size 1024K, 19 young (19456K), 2 survivors (2048K)
 Metaspace       used 90446K, committed 90880K, reserved 1130496K
  class space    used 9383K, committed 9600K, reserved 1048576K
}
Event: 132.005 GC heap after
{Heap after GC invocations=96 (full 0):
 garbage-first heap   total 396288K, used 337550K [0x0000000081c00000, 0x0000000100000000)
  region size 1024K, 2 young (2048K), 2 survivors (2048K)
 Metaspace       used 90446K, committed 90880K, reserved 1130496K
  class space    used 9383K, committed 9600K, reserved 1048576K
}
Event: 133.007 GC heap before
{Heap before GC invocations=96 (full 0):
 garbage-first heap   total 396288K, used 354958K [0x0000000081c00000, 0x0000000100000000)
  region size 1024K, 19 young (19456K), 2 survivors (2048K)
 Metaspace       used 90450K, committed 90880K, reserved 1130496K
  class space    used 9383K, committed 9600K, reserved 1048576K
}
Event: 133.023 GC heap after
{Heap after GC invocations=97 (full 0):
 garbage-first heap   total 396288K, used 338234K [0x0000000081c00000, 0x0000000100000000)
  region size 1024K, 2 young (2048K), 2 survivors (2048K)
 Metaspace       used 90450K, committed 90880K, reserved 1130496K
  class space    used 9383K, committed 9600K, reserved 1048576K
}
Event: 133.419 GC heap before
{Heap before GC invocations=97 (full 0):
 garbage-first heap   total 396288K, used 355642K [0x0000000081c00000, 0x0000000100000000)
  region size 1024K, 19 young (19456K), 2 survivors (2048K)
 Metaspace       used 90461K, committed 90880K, reserved 1130496K
  class space    used 9383K, committed 9600K, reserved 1048576K
}
Event: 133.431 GC heap after
{Heap after GC invocations=98 (full 0):
 garbage-first heap   total 396288K, used 338932K [0x0000000081c00000, 0x0000000100000000)
  region size 1024K, 3 young (3072K), 3 survivors (3072K)
 Metaspace       used 90461K, committed 90880K, reserved 1130496K
  class space    used 9383K, committed 9600K, reserved 1048576K
}
Event: 133.820 GC heap before
{Heap before GC invocations=98 (full 0):
 garbage-first heap   total 396288K, used 355316K [0x0000000081c00000, 0x0000000100000000)
  region size 1024K, 19 young (19456K), 3 survivors (3072K)
 Metaspace       used 90479K, committed 90944K, reserved 1130496K
  class space    used 9383K, committed 9600K, reserved 1048576K
}
Event: 133.833 GC heap after
{Heap after GC invocations=99 (full 0):
 garbage-first heap   total 396288K, used 339568K [0x0000000081c00000, 0x0000000100000000)
  region size 1024K, 2 young (2048K), 2 survivors (2048K)
 Metaspace       used 90479K, committed 90944K, reserved 1130496K
  class space    used 9383K, committed 9600K, reserved 1048576K
}
Event: 134.920 GC heap before
{Heap before GC invocations=99 (full 0):
 garbage-first heap   total 396288K, used 356976K [0x0000000081c00000, 0x0000000100000000)
  region size 1024K, 19 young (19456K), 2 survivors (2048K)
 Metaspace       used 90697K, committed 91136K, reserved 1130496K
  class space    used 9392K, committed 9600K, reserved 1048576K
}
Event: 134.939 GC heap after
{Heap after GC invocations=100 (full 0):
 garbage-first heap   total 396288K, used 340250K [0x0000000081c00000, 0x0000000100000000)
  region size 1024K, 2 young (2048K), 2 survivors (2048K)
 Metaspace       used 90697K, committed 91136K, reserved 1130496K
  class space    used 9392K, committed 9600K, reserved 1048576K
}
Event: 135.039 GC heap before
{Heap before GC invocations=100 (full 0):
 garbage-first heap   total 396288K, used 357658K [0x0000000081c00000, 0x0000000100000000)
  region size 1024K, 19 young (19456K), 2 survivors (2048K)
 Metaspace       used 90703K, committed 91136K, reserved 1130496K
  class space    used 9392K, committed 9600K, reserved 1048576K
}
Event: 135.053 GC heap after
{Heap after GC invocations=101 (full 0):
 garbage-first heap   total 396288K, used 340357K [0x0000000081c00000, 0x0000000100000000)
  region size 1024K, 2 young (2048K), 2 survivors (2048K)
 Metaspace       used 90703K, committed 91136K, reserved 1130496K
  class space    used 9392K, committed 9600K, reserved 1048576K
}
Event: 135.547 GC heap before
{Heap before GC invocations=101 (full 0):
 garbage-first heap   total 396288K, used 357765K [0x0000000081c00000, 0x0000000100000000)
  region size 1024K, 19 young (19456K), 2 survivors (2048K)
 Metaspace       used 92298K, committed 92672K, reserved 1138688K
  class space    used 9548K, committed 9728K, reserved 1048576K
}

