# JRE version: OpenJDK Runtime Environment (17.0.6) (build 17.0.6+0-b2043.56-9586694)
# Java VM: OpenJDK 64-Bit Server VM (17.0.6+0-b2043.56-9586694, mixed mode, tiered, compressed oops, compressed class ptrs, g1 gc, windows-amd64)
GC Precious Log:
 CPUs: 4 total, 4 available
 Memory: 8076M
 Large Page Support: Disabled
 NUMA Support: Disabled
 Compressed Oops: Enabled (32-bit)
 Heap Region Size: 1M
 Heap Min Capacity: 8M
 Heap Initial Capacity: 128M
 Heap Max Capacity: 2G
 Pre-touch: Disabled
 Parallel Workers: 4
 Concurrent Workers: 1
 Concurrent Refinement Workers: 4
 Periodic GC: Disabled
Heap:
 garbage-first heap   total 287744K, used 178009K [0x0000000080000000, 0x0000000100000000)
  region size 1024K, 14 young (14336K), 3 survivors (3072K)
 Metaspace       used 122994K, committed 123968K, reserved 1163264K
  class space    used 16852K, committed 17280K, reserved 1048576K
GC Heap History (20 events):
Event: 42.406 GC heap before
{Heap before GC invocations=43 (full 0):
 garbage-first heap   total 239616K, used 190859K [0x0000000080000000, 0x0000000100000000)
  region size 1024K, 52 young (53248K), 8 survivors (8192K)
 Metaspace       used 109791K, committed 110528K, reserved 1146880K
  class space    used 15208K, committed 15552K, reserved 1048576K
}
Event: 42.424 GC heap after
{Heap after GC invocations=44 (full 0):
 garbage-first heap   total 287744K, used 152292K [0x0000000080000000, 0x0000000100000000)
  region size 1024K, 7 young (7168K), 7 survivors (7168K)
 Metaspace       used 109791K, committed 110528K, reserved 1146880K
  class space    used 15208K, committed 15552K, reserved 1048576K
}
Event: 43.386 GC heap before
{Heap before GC invocations=44 (full 0):
 garbage-first heap   total 287744K, used 231140K [0x0000000080000000, 0x0000000100000000)
  region size 1024K, 81 young (82944K), 7 survivors (7168K)
 Metaspace       used 110477K, committed 111232K, reserved 1146880K
  class space    used 15306K, committed 15616K, reserved 1048576K
}
Event: 43.397 GC heap after
{Heap after GC invocations=45 (full 0):
 garbage-first heap   total 287744K, used 152027K [0x0000000080000000, 0x0000000100000000)
  region size 1024K, 2 young (2048K), 2 survivors (2048K)
 Metaspace       used 110477K, committed 111232K, reserved 1146880K
  class space    used 15306K, committed 15616K, reserved 1048576K
}
Event: 44.335 GC heap before
{Heap before GC invocations=45 (full 0):
 garbage-first heap   total 287744K, used 198107K [0x0000000080000000, 0x0000000100000000)
  region size 1024K, 16 young (16384K), 2 survivors (2048K)
 Metaspace       used 112423K, committed 113216K, reserved 1146880K
  class space    used 15556K, committed 15936K, reserved 1048576K
}
Event: 44.342 GC heap after
{Heap after GC invocations=46 (full 0):
 garbage-first heap   total 287744K, used 159339K [0x0000000080000000, 0x0000000100000000)
  region size 1024K, 4 young (4096K), 4 survivors (4096K)
 Metaspace       used 112423K, committed 113216K, reserved 1146880K
  class space    used 15556K, committed 15936K, reserved 1048576K
}
Event: 44.415 GC heap before
{Heap before GC invocations=46 (full 0):
 garbage-first heap   total 287744K, used 196203K [0x0000000080000000, 0x0000000100000000)
  region size 1024K, 5 young (5120K), 4 survivors (4096K)
 Metaspace       used 112423K, committed 113216K, reserved 1146880K
  class space    used 15556K, committed 15936K, reserved 1048576K
}
Event: 44.428 GC heap after
{Heap after GC invocations=47 (full 0):
 garbage-first heap   total 287744K, used 159341K [0x0000000080000000, 0x0000000100000000)
  region size 1024K, 4 young (4096K), 4 survivors (4096K)
 Metaspace       used 112423K, committed 113216K, reserved 1146880K
  class space    used 15556K, committed 15936K, reserved 1048576K
}
Event: 44.511 GC heap before
{Heap before GC invocations=47 (full 0):
 garbage-first heap   total 287744K, used 190061K [0x0000000080000000, 0x0000000100000000)
  region size 1024K, 5 young (5120K), 4 survivors (4096K)
 Metaspace       used 112423K, committed 113216K, reserved 1146880K
  class space    used 15556K, committed 15936K, reserved 1048576K
}
Event: 44.523 GC heap after
{Heap after GC invocations=48 (full 0):
 garbage-first heap   total 287744K, used 159340K [0x0000000080000000, 0x0000000100000000)
  region size 1024K, 4 young (4096K), 4 survivors (4096K)
 Metaspace       used 112423K, committed 113216K, reserved 1146880K
  class space    used 15556K, committed 15936K, reserved 1048576K
}
Event: 179.675 GC heap before
{Heap before GC invocations=48 (full 0):
 garbage-first heap   total 287744K, used 241260K [0x0000000080000000, 0x0000000100000000)
  region size 1024K, 79 young (80896K), 4 survivors (4096K)
 Metaspace       used 113643K, committed 114368K, reserved 1155072K
  class space    used 15676K, committed 16000K, reserved 1048576K
}
Event: 179.696 GC heap after
{Heap after GC invocations=49 (full 0):
 garbage-first heap   total 287744K, used 159769K [0x0000000080000000, 0x0000000100000000)
  region size 1024K, 10 young (10240K), 10 survivors (10240K)
 Metaspace       used 113643K, committed 114368K, reserved 1155072K
  class space    used 15676K, committed 16000K, reserved 1048576K
}
Event: 181.351 GC heap before
{Heap before GC invocations=49 (full 0):
 garbage-first heap   total 287744K, used 235545K [0x0000000080000000, 0x0000000100000000)
  region size 1024K, 85 young (87040K), 10 survivors (10240K)
 Metaspace       used 113970K, committed 114880K, reserved 1155072K
  class space    used 15690K, committed 16128K, reserved 1048576K
}
Event: 181.379 GC heap after
{Heap after GC invocations=50 (full 0):
 garbage-first heap   total 287744K, used 166290K [0x0000000080000000, 0x0000000100000000)
  region size 1024K, 7 young (7168K), 7 survivors (7168K)
 Metaspace       used 113970K, committed 114880K, reserved 1155072K
  class space    used 15690K, committed 16128K, reserved 1048576K
}
Event: 189.046 GC heap before
{Heap before GC invocations=50 (full 0):
 garbage-first heap   total 287744K, used 236946K [0x0000000080000000, 0x0000000100000000)
  region size 1024K, 77 young (78848K), 7 survivors (7168K)
 Metaspace       used 118318K, committed 119168K, reserved 1155072K
  class space    used 16280K, committed 16704K, reserved 1048576K
}
Event: 189.072 GC heap after
{Heap after GC invocations=51 (full 0):
 garbage-first heap   total 287744K, used 172649K [0x0000000080000000, 0x0000000100000000)
  region size 1024K, 7 young (7168K), 7 survivors (7168K)
 Metaspace       used 118318K, committed 119168K, reserved 1155072K
  class space    used 16280K, committed 16704K, reserved 1048576K
}
Event: 190.232 GC heap before
{Heap before GC invocations=51 (full 0):
 garbage-first heap   total 287744K, used 238185K [0x0000000080000000, 0x0000000100000000)
  region size 1024K, 72 young (73728K), 7 survivors (7168K)
 Metaspace       used 122720K, committed 123584K, reserved 1163264K
  class space    used 16860K, committed 17280K, reserved 1048576K
}
Event: 190.249 GC heap after
{Heap after GC invocations=52 (full 0):
 garbage-first heap   total 287744K, used 176027K [0x0000000080000000, 0x0000000100000000)
  region size 1024K, 4 young (4096K), 4 survivors (4096K)
 Metaspace       used 122720K, committed 123584K, reserved 1163264K
  class space    used 16860K, committed 17280K, reserved 1048576K
}
Event: 190.349 GC heap before
{Heap before GC invocations=52 (full 0):
 garbage-first heap   total 287744K, used 179099K [0x0000000080000000, 0x0000000100000000)
  region size 1024K, 8 young (8192K), 4 survivors (4096K)
 Metaspace       used 122807K, committed 123648K, reserved 1163264K
  class space    used 16861K, committed 17280K, reserved 1048576K
}
Event: 190.358 GC heap after
{Heap after GC invocations=53 (full 0):
 garbage-first heap   total 287744K, used 174937K [0x0000000080000000, 0x0000000100000000)
  region size 1024K, 3 young (3072K), 3 survivors (3072K)
 Metaspace       used 122807K, committed 123648K, reserved 1163264K
  class space    used 16861K, committed 17280K, reserved 1048576K
}

