# JRE version: OpenJDK Runtime Environment (17.0.6) (build 17.0.6+0-b2043.56-9586694)
# Java VM: OpenJDK 64-Bit Server VM (17.0.6+0-b2043.56-9586694, mixed mode, tiered, compressed oops, compressed class ptrs, g1 gc, windows-amd64)
GC Precious Log:
 CPUs: 4 total, 4 available
 Memory: 8076M
 Large Page Support: Disabled
 NUMA Support: Disabled
 Compressed Oops: Enabled (32-bit)
 Heap Region Size: 1M
 Heap Min Capacity: 8M
 Heap Initial Capacity: 128M
 Heap Max Capacity: 2020M
 Pre-touch: Disabled
 Parallel Workers: 4
 Concurrent Workers: 1
 Concurrent Refinement Workers: 4
 Periodic GC: Disabled
Heap:
 garbage-first heap   total 331776K, used 273408K [0x0000000081c00000, 0x0000000100000000)
  region size 1024K, 3 young (3072K), 3 survivors (3072K)
 Metaspace       used 77986K, committed 78336K, reserved 1122304K
  class space    used 8288K, committed 8448K, reserved 1048576K
GC Heap History (20 events):
Event: 58.181 GC heap after
{Heap after GC invocations=60 (full 0):
 garbage-first heap   total 276480K, used 155946K [0x0000000081c00000, 0x0000000100000000)
  region size 1024K, 6 young (6144K), 6 survivors (6144K)
 Metaspace       used 67273K, committed 67648K, reserved 1114112K
  class space    used 7299K, committed 7488K, reserved 1048576K
}
Event: 59.755 GC heap before
{Heap before GC invocations=60 (full 0):
 garbage-first heap   total 276480K, used 234794K [0x0000000081c00000, 0x0000000100000000)
  region size 1024K, 83 young (84992K), 6 survivors (6144K)
 Metaspace       used 67999K, committed 68352K, reserved 1114112K
  class space    used 7349K, committed 7488K, reserved 1048576K
}
Event: 59.773 GC heap after
{Heap after GC invocations=61 (full 0):
 garbage-first heap   total 276480K, used 158496K [0x0000000081c00000, 0x0000000100000000)
  region size 1024K, 8 young (8192K), 8 survivors (8192K)
 Metaspace       used 67999K, committed 68352K, reserved 1114112K
  class space    used 7349K, committed 7488K, reserved 1048576K
}
Event: 60.570 GC heap before
{Heap before GC invocations=61 (full 0):
 garbage-first heap   total 276480K, used 236320K [0x0000000081c00000, 0x0000000100000000)
  region size 1024K, 84 young (86016K), 8 survivors (8192K)
 Metaspace       used 68057K, committed 68416K, reserved 1114112K
  class space    used 7351K, committed 7488K, reserved 1048576K
}
Event: 60.591 GC heap after
{Heap after GC invocations=62 (full 0):
 garbage-first heap   total 276480K, used 160384K [0x0000000081c00000, 0x0000000100000000)
  region size 1024K, 5 young (5120K), 5 survivors (5120K)
 Metaspace       used 68057K, committed 68416K, reserved 1114112K
  class space    used 7351K, committed 7488K, reserved 1048576K
}
Event: 62.451 GC heap before
{Heap before GC invocations=62 (full 0):
 garbage-first heap   total 276480K, used 238208K [0x0000000081c00000, 0x0000000100000000)
  region size 1024K, 81 young (82944K), 5 survivors (5120K)
 Metaspace       used 71559K, committed 71872K, reserved 1114112K
  class space    used 7679K, committed 7808K, reserved 1048576K
}
Event: 62.469 GC heap after
{Heap after GC invocations=63 (full 0):
 garbage-first heap   total 331776K, used 162919K [0x0000000081c00000, 0x0000000100000000)
  region size 1024K, 8 young (8192K), 8 survivors (8192K)
 Metaspace       used 71559K, committed 71872K, reserved 1114112K
  class space    used 7679K, committed 7808K, reserved 1048576K
}
Event: 66.802 GC heap before
{Heap before GC invocations=63 (full 0):
 garbage-first heap   total 331776K, used 282727K [0x0000000081c00000, 0x0000000100000000)
  region size 1024K, 125 young (128000K), 8 survivors (8192K)
 Metaspace       used 76266K, committed 76608K, reserved 1122304K
  class space    used 8125K, committed 8320K, reserved 1048576K
}
Event: 66.866 GC heap after
{Heap after GC invocations=64 (full 0):
 garbage-first heap   total 331776K, used 189934K [0x0000000081c00000, 0x0000000100000000)
  region size 1024K, 16 young (16384K), 16 survivors (16384K)
 Metaspace       used 76266K, committed 76608K, reserved 1122304K
  class space    used 8125K, committed 8320K, reserved 1048576K
}
Event: 67.806 GC heap before
{Heap before GC invocations=64 (full 0):
 garbage-first heap   total 331776K, used 265710K [0x0000000081c00000, 0x0000000100000000)
  region size 1024K, 90 young (92160K), 16 survivors (16384K)
 Metaspace       used 76848K, committed 77248K, reserved 1122304K
  class space    used 8210K, committed 8384K, reserved 1048576K
}
Event: 67.867 GC heap after
{Heap after GC invocations=65 (full 0):
 garbage-first heap   total 331776K, used 207360K [0x0000000081c00000, 0x0000000100000000)
  region size 1024K, 12 young (12288K), 12 survivors (12288K)
 Metaspace       used 76848K, committed 77248K, reserved 1122304K
  class space    used 8210K, committed 8384K, reserved 1048576K
}
Event: 68.056 GC heap before
{Heap before GC invocations=65 (full 0):
 garbage-first heap   total 331776K, used 267776K [0x0000000081c00000, 0x0000000100000000)
  region size 1024K, 71 young (72704K), 12 survivors (12288K)
 Metaspace       used 76857K, committed 77248K, reserved 1122304K
  class space    used 8210K, committed 8384K, reserved 1048576K
}
Event: 68.110 GC heap after
{Heap after GC invocations=66 (full 0):
 garbage-first heap   total 331776K, used 215040K [0x0000000081c00000, 0x0000000100000000)
  region size 1024K, 7 young (7168K), 7 survivors (7168K)
 Metaspace       used 76857K, committed 77248K, reserved 1122304K
  class space    used 8210K, committed 8384K, reserved 1048576K
}
Event: 69.620 GC heap before
{Heap before GC invocations=66 (full 0):
 garbage-first heap   total 331776K, used 273408K [0x0000000081c00000, 0x0000000100000000)
  region size 1024K, 64 young (65536K), 7 survivors (7168K)
 Metaspace       used 77726K, committed 78080K, reserved 1122304K
  class space    used 8276K, committed 8448K, reserved 1048576K
}
Event: 69.644 GC heap after
{Heap after GC invocations=67 (full 0):
 garbage-first heap   total 331776K, used 222720K [0x0000000081c00000, 0x0000000100000000)
  region size 1024K, 8 young (8192K), 8 survivors (8192K)
 Metaspace       used 77726K, committed 78080K, reserved 1122304K
  class space    used 8276K, committed 8448K, reserved 1048576K
}
Event: 70.436 GC heap before
{Heap before GC invocations=67 (full 0):
 garbage-first heap   total 331776K, used 274944K [0x0000000081c00000, 0x0000000100000000)
  region size 1024K, 59 young (60416K), 8 survivors (8192K)
 Metaspace       used 77953K, committed 78336K, reserved 1122304K
  class space    used 8288K, committed 8448K, reserved 1048576K
}
Event: 70.487 GC heap after
{Heap after GC invocations=68 (full 0):
 garbage-first heap   total 331776K, used 246784K [0x0000000081c00000, 0x0000000100000000)
  region size 1024K, 8 young (8192K), 8 survivors (8192K)
 Metaspace       used 77953K, committed 78336K, reserved 1122304K
  class space    used 8288K, committed 8448K, reserved 1048576K
}
Event: 70.906 GC heap before
{Heap before GC invocations=68 (full 0):
 garbage-first heap   total 331776K, used 274432K [0x0000000081c00000, 0x0000000100000000)
  region size 1024K, 35 young (35840K), 8 survivors (8192K)
 Metaspace       used 77981K, committed 78336K, reserved 1122304K
  class space    used 8288K, committed 8448K, reserved 1048576K
}
Event: 70.958 GC heap after
{Heap after GC invocations=69 (full 0):
 garbage-first heap   total 331776K, used 263680K [0x0000000081c00000, 0x0000000100000000)
  region size 1024K, 5 young (5120K), 5 survivors (5120K)
 Metaspace       used 77981K, committed 78336K, reserved 1122304K
  class space    used 8288K, committed 8448K, reserved 1048576K
}
Event: 71.132 GC heap before
{Heap before GC invocations=69 (full 0):
 garbage-first heap   total 331776K, used 279040K [0x0000000081c00000, 0x0000000100000000)
  region size 1024K, 20 young (20480K), 5 survivors (5120K)
 Metaspace       used 77986K, committed 78336K, reserved 1122304K
  class space    used 8288K, committed 8448K, reserved 1048576K
}

