# JRE version: OpenJDK Runtime Environment (17.0.6) (build 17.0.6+0-b2043.56-9586694)
# Java VM: OpenJDK 64-Bit Server VM (17.0.6+0-b2043.56-9586694, mixed mode, tiered, compressed oops, compressed class ptrs, g1 gc, windows-amd64)
GC Precious Log:
 CPUs: 4 total, 4 available
 Memory: 8076M
 Large Page Support: Disabled
 NUMA Support: Disabled
 Compressed Oops: Enabled (32-bit)
 Heap Region Size: 1M
 Heap Min Capacity: 8M
 Heap Initial Capacity: 128M
 Heap Max Capacity: 2G
 Pre-touch: Disabled
 Parallel Workers: 4
 Concurrent Workers: 1
 Concurrent Refinement Workers: 4
 Periodic GC: Disabled
Heap:
 garbage-first heap   total 370688K, used 141439K [0x0000000080000000, 0x0000000100000000)
  region size 1024K, 7 young (7168K), 7 survivors (7168K)
 Metaspace       used 118832K, committed 119616K, reserved 1155072K
  class space    used 16188K, committed 16576K, reserved 1048576K
GC Heap History (20 events):
Event: 58.979 GC heap after
{Heap after GC invocations=56 (full 0):
 garbage-first heap   total 286720K, used 99667K [0x0000000080000000, 0x0000000100000000)
  region size 1024K, 2 young (2048K), 2 survivors (2048K)
 Metaspace       used 95411K, committed 96128K, reserved 1138688K
  class space    used 13053K, committed 13376K, reserved 1048576K
}
Event: 61.287 GC heap before
{Heap before GC invocations=56 (full 0):
 garbage-first heap   total 286720K, used 204115K [0x0000000080000000, 0x0000000100000000)
  region size 1024K, 105 young (107520K), 2 survivors (2048K)
 Metaspace       used 96198K, committed 96896K, reserved 1138688K
  class space    used 13108K, committed 13440K, reserved 1048576K
}
Event: 61.300 GC heap after
{Heap after GC invocations=57 (full 0):
 garbage-first heap   total 286720K, used 108074K [0x0000000080000000, 0x0000000100000000)
  region size 1024K, 11 young (11264K), 11 survivors (11264K)
 Metaspace       used 96198K, committed 96896K, reserved 1138688K
  class space    used 13108K, committed 13440K, reserved 1048576K
}
Event: 63.046 GC heap before
{Heap before GC invocations=58 (full 0):
 garbage-first heap   total 286720K, used 212522K [0x0000000080000000, 0x0000000100000000)
  region size 1024K, 114 young (116736K), 11 survivors (11264K)
 Metaspace       used 96570K, committed 97280K, reserved 1138688K
  class space    used 13147K, committed 13504K, reserved 1048576K
}
Event: 63.065 GC heap after
{Heap after GC invocations=59 (full 0):
 garbage-first heap   total 286720K, used 115307K [0x0000000080000000, 0x0000000100000000)
  region size 1024K, 10 young (10240K), 10 survivors (10240K)
 Metaspace       used 96570K, committed 97280K, reserved 1138688K
  class space    used 13147K, committed 13504K, reserved 1048576K
}
Event: 63.122 GC heap before
{Heap before GC invocations=59 (full 0):
 garbage-first heap   total 286720K, used 118379K [0x0000000080000000, 0x0000000100000000)
  region size 1024K, 14 young (14336K), 10 survivors (10240K)
 Metaspace       used 96594K, committed 97344K, reserved 1138688K
  class space    used 13150K, committed 13504K, reserved 1048576K
}
Event: 63.136 GC heap after
{Heap after GC invocations=60 (full 0):
 garbage-first heap   total 286720K, used 115125K [0x0000000080000000, 0x0000000100000000)
  region size 1024K, 2 young (2048K), 2 survivors (2048K)
 Metaspace       used 96594K, committed 97344K, reserved 1138688K
  class space    used 13150K, committed 13504K, reserved 1048576K
}
Event: 65.284 GC heap before
{Heap before GC invocations=60 (full 0):
 garbage-first heap   total 286720K, used 219573K [0x0000000080000000, 0x0000000100000000)
  region size 1024K, 105 young (107520K), 2 survivors (2048K)
 Metaspace       used 100366K, committed 101056K, reserved 1138688K
  class space    used 13638K, committed 13952K, reserved 1048576K
}
Event: 65.302 GC heap after
{Heap after GC invocations=61 (full 0):
 garbage-first heap   total 286720K, used 121699K [0x0000000080000000, 0x0000000100000000)
  region size 1024K, 8 young (8192K), 8 survivors (8192K)
 Metaspace       used 100366K, committed 101056K, reserved 1138688K
  class space    used 13638K, committed 13952K, reserved 1048576K
}
Event: 67.310 GC heap before
{Heap before GC invocations=62 (full 0):
 garbage-first heap   total 286720K, used 226147K [0x0000000080000000, 0x0000000100000000)
  region size 1024K, 111 young (113664K), 8 survivors (8192K)
 Metaspace       used 101118K, committed 101952K, reserved 1138688K
  class space    used 13761K, committed 14144K, reserved 1048576K
}
Event: 67.331 GC heap after
{Heap after GC invocations=63 (full 0):
 garbage-first heap   total 286720K, used 127485K [0x0000000080000000, 0x0000000100000000)
  region size 1024K, 8 young (8192K), 8 survivors (8192K)
 Metaspace       used 101118K, committed 101952K, reserved 1138688K
  class space    used 13761K, committed 14144K, reserved 1048576K
}
Event: 67.426 GC heap before
{Heap before GC invocations=63 (full 0):
 garbage-first heap   total 286720K, used 132605K [0x0000000080000000, 0x0000000100000000)
  region size 1024K, 14 young (14336K), 8 survivors (8192K)
 Metaspace       used 101118K, committed 101952K, reserved 1138688K
  class space    used 13761K, committed 14144K, reserved 1048576K
}
Event: 67.441 GC heap after
{Heap after GC invocations=64 (full 0):
 garbage-first heap   total 286720K, used 126768K [0x0000000080000000, 0x0000000100000000)
  region size 1024K, 2 young (2048K), 2 survivors (2048K)
 Metaspace       used 101118K, committed 101952K, reserved 1138688K
  class space    used 13761K, committed 14144K, reserved 1048576K
}
Event: 76.410 GC heap before
{Heap before GC invocations=64 (full 0):
 garbage-first heap   total 286720K, used 228144K [0x0000000080000000, 0x0000000100000000)
  region size 1024K, 102 young (104448K), 2 survivors (2048K)
 Metaspace       used 105820K, committed 106624K, reserved 1146880K
  class space    used 14360K, committed 14720K, reserved 1048576K
}
Event: 76.423 GC heap after
{Heap after GC invocations=65 (full 0):
 garbage-first heap   total 286720K, used 132887K [0x0000000080000000, 0x0000000100000000)
  region size 1024K, 8 young (8192K), 8 survivors (8192K)
 Metaspace       used 105820K, committed 106624K, reserved 1146880K
  class space    used 14360K, committed 14720K, reserved 1048576K
}
Event: 78.654 GC heap before
{Heap before GC invocations=66 (full 0):
 garbage-first heap   total 286720K, used 230167K [0x0000000080000000, 0x0000000100000000)
  region size 1024K, 104 young (106496K), 8 survivors (8192K)
 Metaspace       used 116857K, committed 117632K, reserved 1155072K
  class space    used 15939K, committed 16320K, reserved 1048576K
}
Event: 78.668 GC heap after
{Heap after GC invocations=67 (full 0):
 garbage-first heap   total 286720K, used 136631K [0x0000000080000000, 0x0000000100000000)
  region size 1024K, 4 young (4096K), 4 survivors (4096K)
 Metaspace       used 116857K, committed 117632K, reserved 1155072K
  class space    used 15939K, committed 16320K, reserved 1048576K
}
Event: 78.803 GC heap before
{Heap before GC invocations=67 (full 0):
 garbage-first heap   total 286720K, used 146871K [0x0000000080000000, 0x0000000100000000)
  region size 1024K, 14 young (14336K), 4 survivors (4096K)
 Metaspace       used 116940K, committed 117760K, reserved 1155072K
  class space    used 15941K, committed 16320K, reserved 1048576K
}
Event: 78.819 GC heap after
{Heap after GC invocations=68 (full 0):
 garbage-first heap   total 286720K, used 135470K [0x0000000080000000, 0x0000000100000000)
  region size 1024K, 1 young (1024K), 1 survivors (1024K)
 Metaspace       used 116940K, committed 117760K, reserved 1155072K
  class space    used 15941K, committed 16320K, reserved 1048576K
}
Event: 80.136 GC heap before
{Heap before GC invocations=68 (full 0):
 garbage-first heap   total 286720K, used 221486K [0x0000000080000000, 0x0000000100000000)
  region size 1024K, 87 young (89088K), 1 survivors (1024K)
 Metaspace       used 118832K, committed 119616K, reserved 1155072K
  class space    used 16188K, committed 16576K, reserved 1048576K
}

