# JRE version: OpenJDK Runtime Environment (17.0.6) (build 17.0.6+0-b2043.56-9586694)
# Java VM: OpenJDK 64-Bit Server VM (17.0.6+0-b2043.56-9586694, mixed mode, tiered, compressed oops, compressed class ptrs, g1 gc, windows-amd64)
GC Precious Log:
 CPUs: 4 total, 4 available
 Memory: 8076M
 Large Page Support: Disabled
 NUMA Support: Disabled
 Compressed Oops: Enabled (32-bit)
 Heap Region Size: 1M
 Heap Min Capacity: 8M
 Heap Initial Capacity: 128M
 Heap Max Capacity: 2020M
 Pre-touch: Disabled
 Parallel Workers: 4
 Concurrent Workers: 1
 Concurrent Refinement Workers: 4
 Periodic GC: Disabled
Heap:
 garbage-first heap   total 439296K, used 306176K [0x0000000081c00000, 0x0000000100000000)
  region size 1024K, 10 young (10240K), 10 survivors (10240K)
 Metaspace       used 78252K, committed 78592K, reserved 1122304K
  class space    used 8301K, committed 8448K, reserved 1048576K
GC Heap History (20 events):
Event: 76.671 GC heap after
{Heap after GC invocations=64 (full 0):
 garbage-first heap   total 270336K, used 160117K [0x0000000081c00000, 0x0000000100000000)
  region size 1024K, 7 young (7168K), 7 survivors (7168K)
 Metaspace       used 68154K, committed 68480K, reserved 1114112K
  class space    used 7353K, committed 7488K, reserved 1048576K
}
Event: 77.312 GC heap before
{Heap before GC invocations=64 (full 0):
 garbage-first heap   total 270336K, used 230773K [0x0000000081c00000, 0x0000000100000000)
  region size 1024K, 76 young (77824K), 7 survivors (7168K)
 Metaspace       used 68179K, committed 68544K, reserved 1114112K
  class space    used 7354K, committed 7488K, reserved 1048576K
}
Event: 77.327 GC heap after
{Heap after GC invocations=65 (full 0):
 garbage-first heap   total 270336K, used 161294K [0x0000000081c00000, 0x0000000100000000)
  region size 1024K, 4 young (4096K), 4 survivors (4096K)
 Metaspace       used 68179K, committed 68544K, reserved 1114112K
  class space    used 7354K, committed 7488K, reserved 1048576K
}
Event: 79.801 GC heap before
{Heap before GC invocations=65 (full 0):
 garbage-first heap   total 270336K, used 230926K [0x0000000081c00000, 0x0000000100000000)
  region size 1024K, 72 young (73728K), 4 survivors (4096K)
 Metaspace       used 74363K, committed 74752K, reserved 1122304K
  class space    used 7948K, committed 8128K, reserved 1048576K
}
Event: 79.814 GC heap after
{Heap after GC invocations=66 (full 0):
 garbage-first heap   total 270336K, used 164989K [0x0000000081c00000, 0x0000000100000000)
  region size 1024K, 7 young (7168K), 7 survivors (7168K)
 Metaspace       used 74363K, committed 74752K, reserved 1122304K
  class space    used 7948K, committed 8128K, reserved 1048576K
}
Event: 82.124 GC heap before
{Heap before GC invocations=66 (full 0):
 garbage-first heap   total 270336K, used 230525K [0x0000000081c00000, 0x0000000100000000)
  region size 1024K, 71 young (72704K), 7 survivors (7168K)
 Metaspace       used 74989K, committed 75328K, reserved 1122304K
  class space    used 7981K, committed 8128K, reserved 1048576K
}
Event: 82.152 GC heap after
{Heap after GC invocations=67 (full 0):
 garbage-first heap   total 270336K, used 173056K [0x0000000081c00000, 0x0000000100000000)
  region size 1024K, 9 young (9216K), 9 survivors (9216K)
 Metaspace       used 74989K, committed 75328K, reserved 1122304K
  class space    used 7981K, committed 8128K, reserved 1048576K
}
Event: 83.060 GC heap before
{Heap before GC invocations=67 (full 0):
 garbage-first heap   total 270336K, used 229376K [0x0000000081c00000, 0x0000000100000000)
  region size 1024K, 64 young (65536K), 9 survivors (9216K)
 Metaspace       used 76379K, committed 76736K, reserved 1122304K
  class space    used 8127K, committed 8320K, reserved 1048576K
}
Event: 83.121 GC heap after
{Heap after GC invocations=68 (full 0):
 garbage-first heap   total 270336K, used 201392K [0x0000000081c00000, 0x0000000100000000)
  region size 1024K, 8 young (8192K), 8 survivors (8192K)
 Metaspace       used 76379K, committed 76736K, reserved 1122304K
  class space    used 8127K, committed 8320K, reserved 1048576K
}
Event: 83.463 GC heap before
{Heap before GC invocations=68 (full 0):
 garbage-first heap   total 270336K, used 223920K [0x0000000081c00000, 0x0000000100000000)
  region size 1024K, 30 young (30720K), 8 survivors (8192K)
 Metaspace       used 76935K, committed 77312K, reserved 1122304K
  class space    used 8211K, committed 8384K, reserved 1048576K
}
Event: 83.484 GC heap after
{Heap after GC invocations=69 (full 0):
 garbage-first heap   total 349184K, used 205724K [0x0000000081c00000, 0x0000000100000000)
  region size 1024K, 4 young (4096K), 4 survivors (4096K)
 Metaspace       used 76935K, committed 77312K, reserved 1122304K
  class space    used 8211K, committed 8384K, reserved 1048576K
}
Event: 83.865 GC heap before
{Heap before GC invocations=69 (full 0):
 garbage-first heap   total 349184K, used 263068K [0x0000000081c00000, 0x0000000100000000)
  region size 1024K, 60 young (61440K), 4 survivors (4096K)
 Metaspace       used 76955K, committed 77312K, reserved 1122304K
  class space    used 8212K, committed 8384K, reserved 1048576K
}
Event: 83.894 GC heap after
{Heap after GC invocations=70 (full 0):
 garbage-first heap   total 349184K, used 211456K [0x0000000081c00000, 0x0000000100000000)
  region size 1024K, 8 young (8192K), 8 survivors (8192K)
 Metaspace       used 76955K, committed 77312K, reserved 1122304K
  class space    used 8212K, committed 8384K, reserved 1048576K
}
Event: 84.848 GC heap before
{Heap before GC invocations=71 (full 0):
 garbage-first heap   total 439296K, used 270848K [0x0000000081c00000, 0x0000000100000000)
  region size 1024K, 66 young (67584K), 8 survivors (8192K)
 Metaspace       used 77312K, committed 77696K, reserved 1122304K
  class space    used 8231K, committed 8384K, reserved 1048576K
}
Event: 84.866 GC heap after
{Heap after GC invocations=72 (full 0):
 garbage-first heap   total 439296K, used 216859K [0x0000000081c00000, 0x0000000100000000)
  region size 1024K, 6 young (6144K), 6 survivors (6144K)
 Metaspace       used 77312K, committed 77696K, reserved 1122304K
  class space    used 8231K, committed 8384K, reserved 1048576K
}
Event: 85.283 GC heap before
{Heap before GC invocations=72 (full 0):
 garbage-first heap   total 439296K, used 232219K [0x0000000081c00000, 0x0000000100000000)
  region size 1024K, 21 young (21504K), 6 survivors (6144K)
 Metaspace       used 77476K, committed 77888K, reserved 1122304K
  class space    used 8255K, committed 8448K, reserved 1048576K
}
Event: 85.297 GC heap after
{Heap after GC invocations=73 (full 0):
 garbage-first heap   total 439296K, used 216732K [0x0000000081c00000, 0x0000000100000000)
  region size 1024K, 1 young (1024K), 1 survivors (1024K)
 Metaspace       used 77476K, committed 77888K, reserved 1122304K
  class space    used 8255K, committed 8448K, reserved 1048576K
}
Event: 87.315 GC heap before
{Heap before GC invocations=73 (full 0):
 garbage-first heap   total 439296K, used 328348K [0x0000000081c00000, 0x0000000100000000)
  region size 1024K, 110 young (112640K), 1 survivors (1024K)
 Metaspace       used 78093K, committed 78464K, reserved 1122304K
  class space    used 8290K, committed 8448K, reserved 1048576K
}
Event: 87.400 GC heap after
{Heap after GC invocations=74 (full 0):
 garbage-first heap   total 439296K, used 269307K [0x0000000081c00000, 0x0000000100000000)
  region size 1024K, 14 young (14336K), 14 survivors (14336K)
 Metaspace       used 78093K, committed 78464K, reserved 1122304K
  class space    used 8290K, committed 8448K, reserved 1048576K
}
Event: 88.137 GC heap before
{Heap before GC invocations=74 (full 0):
 garbage-first heap   total 439296K, used 335867K [0x0000000081c00000, 0x0000000100000000)
  region size 1024K, 79 young (80896K), 14 survivors (14336K)
 Metaspace       used 78252K, committed 78592K, reserved 1122304K
  class space    used 8301K, committed 8448K, reserved 1048576K
}

