# JRE version: OpenJDK Runtime Environment (17.0.6) (build 17.0.6+0-b2043.56-9586694)
# Java VM: OpenJDK 64-Bit Server VM (17.0.6+0-b2043.56-9586694, mixed mode, tiered, compressed oops, compressed class ptrs, g1 gc, windows-amd64)
GC Precious Log:
 CPUs: 4 total, 4 available
 Memory: 8076M
 Large Page Support: Disabled
 NUMA Support: Disabled
 Compressed Oops: Enabled (32-bit)
 Heap Region Size: 1M
 Heap Min Capacity: 8M
 Heap Initial Capacity: 128M
 Heap Max Capacity: 2020M
 Pre-touch: Disabled
 Parallel Workers: 4
 Concurrent Workers: 1
 Concurrent Refinement Workers: 4
 Periodic GC: Disabled
Heap:
 garbage-first heap   total 455680K, used 340992K [0x0000000081c00000, 0x0000000100000000)
  region size 1024K, 6 young (6144K), 6 survivors (6144K)
 Metaspace       used 78445K, committed 78784K, reserved 1122304K
  class space    used 8306K, committed 8448K, reserved 1048576K
GC Heap History (20 events):
Event: 70.695 GC heap after
{Heap after GC invocations=55 (full 0):
 garbage-first heap   total 268288K, used 158748K [0x0000000081c00000, 0x0000000100000000)
  region size 1024K, 10 young (10240K), 10 survivors (10240K)
 Metaspace       used 67273K, committed 67648K, reserved 1114112K
  class space    used 7301K, committed 7488K, reserved 1048576K
}
Event: 72.573 GC heap before
{Heap before GC invocations=55 (full 0):
 garbage-first heap   total 268288K, used 227356K [0x0000000081c00000, 0x0000000100000000)
  region size 1024K, 77 young (78848K), 10 survivors (10240K)
 Metaspace       used 67316K, committed 67712K, reserved 1114112K
  class space    used 7303K, committed 7488K, reserved 1048576K
}
Event: 72.612 GC heap after
{Heap after GC invocations=56 (full 0):
 garbage-first heap   total 268288K, used 163231K [0x0000000081c00000, 0x0000000100000000)
  region size 1024K, 5 young (5120K), 5 survivors (5120K)
 Metaspace       used 67316K, committed 67712K, reserved 1114112K
  class space    used 7303K, committed 7488K, reserved 1048576K
}
Event: 74.683 GC heap before
{Heap before GC invocations=56 (full 0):
 garbage-first heap   total 268288K, used 228767K [0x0000000081c00000, 0x0000000100000000)
  region size 1024K, 69 young (70656K), 5 survivors (5120K)
 Metaspace       used 67400K, committed 67776K, reserved 1114112K
  class space    used 7304K, committed 7488K, reserved 1048576K
}
Event: 74.709 GC heap after
{Heap after GC invocations=57 (full 0):
 garbage-first heap   total 401408K, used 166703K [0x0000000081c00000, 0x0000000100000000)
  region size 1024K, 9 young (9216K), 9 survivors (9216K)
 Metaspace       used 67400K, committed 67776K, reserved 1114112K
  class space    used 7304K, committed 7488K, reserved 1048576K
}
Event: 77.523 GC heap before
{Heap before GC invocations=57 (full 0):
 garbage-first heap   total 401408K, used 332591K [0x0000000081c00000, 0x0000000100000000)
  region size 1024K, 171 young (175104K), 9 survivors (9216K)
 Metaspace       used 68126K, committed 68480K, reserved 1114112K
  class space    used 7353K, committed 7488K, reserved 1048576K
}
Event: 77.560 GC heap after
{Heap after GC invocations=58 (full 0):
 garbage-first heap   total 401408K, used 171555K [0x0000000081c00000, 0x0000000100000000)
  region size 1024K, 13 young (13312K), 13 survivors (13312K)
 Metaspace       used 68126K, committed 68480K, reserved 1114112K
  class space    used 7353K, committed 7488K, reserved 1048576K
}
Event: 84.076 GC heap before
{Heap before GC invocations=58 (full 0):
 garbage-first heap   total 401408K, used 335395K [0x0000000081c00000, 0x0000000100000000)
  region size 1024K, 173 young (177152K), 13 survivors (13312K)
 Metaspace       used 74946K, committed 75264K, reserved 1122304K
  class space    used 7979K, committed 8128K, reserved 1048576K
}
Event: 84.167 GC heap after
{Heap after GC invocations=59 (full 0):
 garbage-first heap   total 401408K, used 184784K [0x0000000081c00000, 0x0000000100000000)
  region size 1024K, 22 young (22528K), 22 survivors (22528K)
 Metaspace       used 74946K, committed 75264K, reserved 1122304K
  class space    used 7979K, committed 8128K, reserved 1048576K
}
Event: 86.200 GC heap before
{Heap before GC invocations=59 (full 0):
 garbage-first heap   total 401408K, used 332240K [0x0000000081c00000, 0x0000000100000000)
  region size 1024K, 166 young (169984K), 22 survivors (22528K)
 Metaspace       used 76880K, committed 77312K, reserved 1122304K
  class space    used 8209K, committed 8384K, reserved 1048576K
}
Event: 86.318 GC heap after
{Heap after GC invocations=60 (full 0):
 garbage-first heap   total 401408K, used 225280K [0x0000000081c00000, 0x0000000100000000)
  region size 1024K, 21 young (21504K), 21 survivors (21504K)
 Metaspace       used 76880K, committed 77312K, reserved 1122304K
  class space    used 8209K, committed 8384K, reserved 1048576K
}
Event: 88.093 GC heap before
{Heap before GC invocations=60 (full 0):
 garbage-first heap   total 401408K, used 326656K [0x0000000081c00000, 0x0000000100000000)
  region size 1024K, 120 young (122880K), 21 survivors (21504K)
 Metaspace       used 77629K, committed 78016K, reserved 1122304K
  class space    used 8276K, committed 8448K, reserved 1048576K
}
Event: 88.145 GC heap after
{Heap after GC invocations=61 (full 0):
 garbage-first heap   total 401408K, used 233984K [0x0000000081c00000, 0x0000000100000000)
  region size 1024K, 8 young (8192K), 8 survivors (8192K)
 Metaspace       used 77629K, committed 78016K, reserved 1122304K
  class space    used 8276K, committed 8448K, reserved 1048576K
}
Event: 90.732 GC heap before
{Heap before GC invocations=62 (full 0):
 garbage-first heap   total 455680K, used 331264K [0x0000000081c00000, 0x0000000100000000)
  region size 1024K, 103 young (105472K), 8 survivors (8192K)
 Metaspace       used 78017K, committed 78400K, reserved 1122304K
  class space    used 8288K, committed 8448K, reserved 1048576K
}
Event: 90.833 GC heap after
{Heap after GC invocations=63 (full 0):
 garbage-first heap   total 455680K, used 282112K [0x0000000081c00000, 0x0000000100000000)
  region size 1024K, 13 young (13312K), 13 survivors (13312K)
 Metaspace       used 78017K, committed 78400K, reserved 1122304K
  class space    used 8288K, committed 8448K, reserved 1048576K
}
Event: 90.935 GC heap before
{Heap before GC invocations=63 (full 0):
 garbage-first heap   total 455680K, used 291328K [0x0000000081c00000, 0x0000000100000000)
  region size 1024K, 22 young (22528K), 13 survivors (13312K)
 Metaspace       used 78020K, committed 78400K, reserved 1122304K
  class space    used 8288K, committed 8448K, reserved 1048576K
}
Event: 91.025 GC heap after
{Heap after GC invocations=64 (full 0):
 garbage-first heap   total 455680K, used 287744K [0x0000000081c00000, 0x0000000100000000)
  region size 1024K, 3 young (3072K), 3 survivors (3072K)
 Metaspace       used 78020K, committed 78400K, reserved 1122304K
  class space    used 8288K, committed 8448K, reserved 1048576K
}
Event: 91.666 GC heap before
{Heap before GC invocations=64 (full 0):
 garbage-first heap   total 455680K, used 358400K [0x0000000081c00000, 0x0000000100000000)
  region size 1024K, 72 young (73728K), 3 survivors (3072K)
 Metaspace       used 78037K, committed 78400K, reserved 1122304K
  class space    used 8288K, committed 8448K, reserved 1048576K
}
Event: 91.752 GC heap after
{Heap after GC invocations=65 (full 0):
 garbage-first heap   total 455680K, used 330240K [0x0000000081c00000, 0x0000000100000000)
  region size 1024K, 9 young (9216K), 9 survivors (9216K)
 Metaspace       used 78037K, committed 78400K, reserved 1122304K
  class space    used 8288K, committed 8448K, reserved 1048576K
}
Event: 92.811 GC heap before
{Heap before GC invocations=65 (full 0):
 garbage-first heap   total 455680K, used 368128K [0x0000000081c00000, 0x0000000100000000)
  region size 1024K, 46 young (47104K), 9 survivors (9216K)
 Metaspace       used 78445K, committed 78784K, reserved 1122304K
  class space    used 8306K, committed 8448K, reserved 1048576K
}

