# JRE version: OpenJDK Runtime Environment (17.0.6) (build 17.0.6+0-b2043.56-9586694)
# Java VM: OpenJDK 64-Bit Server VM (17.0.6+0-b2043.56-9586694, mixed mode, tiered, compressed oops, compressed class ptrs, g1 gc, windows-amd64)
GC Precious Log:
 CPUs: 4 total, 4 available
 Memory: 8076M
 Large Page Support: Disabled
 NUMA Support: Disabled
 Compressed Oops: Enabled (32-bit)
 Heap Region Size: 1M
 Heap Min Capacity: 8M
 Heap Initial Capacity: 128M
 Heap Max Capacity: 2G
 Pre-touch: Disabled
 Parallel Workers: 4
 Concurrent Workers: 1
 Concurrent Refinement Workers: 4
 Periodic GC: Disabled
Heap:
 garbage-first heap   total 256000K, used 122142K [0x0000000080000000, 0x0000000100000000)
  region size 1024K, 2 young (2048K), 2 survivors (2048K)
 Metaspace       used 96596K, committed 97280K, reserved 1138688K
  class space    used 13137K, committed 13440K, reserved 1048576K
GC Heap History (20 events):
Event: 18.769 GC heap after
{Heap after GC invocations=35 (full 0):
 garbage-first heap   total 242688K, used 75934K [0x0000000080000000, 0x0000000100000000)
  region size 1024K, 13 young (13312K), 13 survivors (13312K)
 Metaspace       used 83298K, committed 83904K, reserved 1122304K
  class space    used 11302K, committed 11584K, reserved 1048576K
}
Event: 18.797 GC heap before
{Heap before GC invocations=35 (full 0):
 garbage-first heap   total 242688K, used 76958K [0x0000000080000000, 0x0000000100000000)
  region size 1024K, 14 young (14336K), 13 survivors (13312K)
 Metaspace       used 83311K, committed 83904K, reserved 1122304K
  class space    used 11304K, committed 11584K, reserved 1048576K
}
Event: 18.813 GC heap after
{Heap after GC invocations=36 (full 0):
 garbage-first heap   total 242688K, used 77760K [0x0000000080000000, 0x0000000100000000)
  region size 1024K, 2 young (2048K), 2 survivors (2048K)
 Metaspace       used 83311K, committed 83904K, reserved 1122304K
  class space    used 11304K, committed 11584K, reserved 1048576K
}
Event: 21.672 GC heap before
{Heap before GC invocations=36 (full 0):
 garbage-first heap   total 242688K, used 178112K [0x0000000080000000, 0x0000000100000000)
  region size 1024K, 100 young (102400K), 2 survivors (2048K)
 Metaspace       used 92496K, committed 93120K, reserved 1130496K
  class space    used 12636K, committed 12928K, reserved 1048576K
}
Event: 21.689 GC heap after
{Heap after GC invocations=37 (full 0):
 garbage-first heap   total 242688K, used 84437K [0x0000000080000000, 0x0000000100000000)
  region size 1024K, 9 young (9216K), 9 survivors (9216K)
 Metaspace       used 92496K, committed 93120K, reserved 1130496K
  class space    used 12636K, committed 12928K, reserved 1048576K
}
Event: 24.048 GC heap before
{Heap before GC invocations=38 (full 0):
 garbage-first heap   total 242688K, used 182741K [0x0000000080000000, 0x0000000100000000)
  region size 1024K, 106 young (108544K), 9 survivors (9216K)
 Metaspace       used 95240K, committed 95936K, reserved 1138688K
  class space    used 13037K, committed 13376K, reserved 1048576K
}
Event: 24.076 GC heap after
{Heap after GC invocations=39 (full 0):
 garbage-first heap   total 242688K, used 98789K [0x0000000080000000, 0x0000000100000000)
  region size 1024K, 14 young (14336K), 14 survivors (14336K)
 Metaspace       used 95240K, committed 95936K, reserved 1138688K
  class space    used 13037K, committed 13376K, reserved 1048576K
}
Event: 24.111 GC heap before
{Heap before GC invocations=39 (full 0):
 garbage-first heap   total 242688K, used 99813K [0x0000000080000000, 0x0000000100000000)
  region size 1024K, 15 young (15360K), 14 survivors (14336K)
 Metaspace       used 95249K, committed 95936K, reserved 1138688K
  class space    used 13037K, committed 13376K, reserved 1048576K
}
Event: 24.131 GC heap after
{Heap after GC invocations=40 (full 0):
 garbage-first heap   total 242688K, used 99839K [0x0000000080000000, 0x0000000100000000)
  region size 1024K, 2 young (2048K), 2 survivors (2048K)
 Metaspace       used 95249K, committed 95936K, reserved 1138688K
  class space    used 13037K, committed 13376K, reserved 1048576K
}
Event: 26.166 GC heap before
{Heap before GC invocations=40 (full 0):
 garbage-first heap   total 242688K, used 185855K [0x0000000080000000, 0x0000000100000000)
  region size 1024K, 87 young (89088K), 2 survivors (2048K)
 Metaspace       used 95832K, committed 96512K, reserved 1138688K
  class space    used 13061K, committed 13376K, reserved 1048576K
}
Event: 26.178 GC heap after
{Heap after GC invocations=41 (full 0):
 garbage-first heap   total 242688K, used 105803K [0x0000000080000000, 0x0000000100000000)
  region size 1024K, 8 young (8192K), 8 survivors (8192K)
 Metaspace       used 95832K, committed 96512K, reserved 1138688K
  class space    used 13061K, committed 13376K, reserved 1048576K
}
Event: 30.225 GC heap before
{Heap before GC invocations=42 (full 0):
 garbage-first heap   total 242688K, used 189771K [0x0000000080000000, 0x0000000100000000)
  region size 1024K, 91 young (93184K), 8 survivors (8192K)
 Metaspace       used 96186K, committed 96832K, reserved 1138688K
  class space    used 13104K, committed 13376K, reserved 1048576K
}
Event: 30.241 GC heap after
{Heap after GC invocations=43 (full 0):
 garbage-first heap   total 242688K, used 112133K [0x0000000080000000, 0x0000000100000000)
  region size 1024K, 9 young (9216K), 9 survivors (9216K)
 Metaspace       used 96186K, committed 96832K, reserved 1138688K
  class space    used 13104K, committed 13376K, reserved 1048576K
}
Event: 30.282 GC heap before
{Heap before GC invocations=43 (full 0):
 garbage-first heap   total 242688K, used 113157K [0x0000000080000000, 0x0000000100000000)
  region size 1024K, 11 young (11264K), 9 survivors (9216K)
 Metaspace       used 96187K, committed 96832K, reserved 1138688K
  class space    used 13104K, committed 13376K, reserved 1048576K
}
Event: 30.295 GC heap after
{Heap after GC invocations=44 (full 0):
 garbage-first heap   total 242688K, used 112008K [0x0000000080000000, 0x0000000100000000)
  region size 1024K, 2 young (2048K), 2 survivors (2048K)
 Metaspace       used 96187K, committed 96832K, reserved 1138688K
  class space    used 13104K, committed 13376K, reserved 1048576K
}
Event: 33.610 GC heap before
{Heap before GC invocations=44 (full 0):
 garbage-first heap   total 242688K, used 192904K [0x0000000080000000, 0x0000000100000000)
  region size 1024K, 82 young (83968K), 2 survivors (2048K)
 Metaspace       used 96560K, committed 97280K, reserved 1138688K
  class space    used 13134K, committed 13440K, reserved 1048576K
}
Event: 33.623 GC heap after
{Heap after GC invocations=45 (full 0):
 garbage-first heap   total 242688K, used 119168K [0x0000000080000000, 0x0000000100000000)
  region size 1024K, 9 young (9216K), 9 survivors (9216K)
 Metaspace       used 96560K, committed 97280K, reserved 1138688K
  class space    used 13134K, committed 13440K, reserved 1048576K
}
Event: 34.885 GC heap before
{Heap before GC invocations=46 (full 0):
 garbage-first heap   total 242688K, used 193920K [0x0000000080000000, 0x0000000100000000)
  region size 1024K, 83 young (84992K), 9 survivors (9216K)
 Metaspace       used 96596K, committed 97280K, reserved 1138688K
  class space    used 13137K, committed 13440K, reserved 1048576K
}
Event: 34.901 GC heap after
{Heap after GC invocations=47 (full 0):
 garbage-first heap   total 242688K, used 123503K [0x0000000080000000, 0x0000000100000000)
  region size 1024K, 7 young (7168K), 7 survivors (7168K)
 Metaspace       used 96596K, committed 97280K, reserved 1138688K
  class space    used 13137K, committed 13440K, reserved 1048576K
}
Event: 34.962 GC heap before
{Heap before GC invocations=47 (full 0):
 garbage-first heap   total 242688K, used 126575K [0x0000000080000000, 0x0000000100000000)
  region size 1024K, 11 young (11264K), 7 survivors (7168K)
 Metaspace       used 96596K, committed 97280K, reserved 1138688K
  class space    used 13137K, committed 13440K, reserved 1048576K
}

