# JRE version: OpenJDK Runtime Environment (17.0.6) (build 17.0.6+0-b2043.56-9586694)
# Java VM: OpenJDK 64-Bit Server VM (17.0.6+0-b2043.56-9586694, mixed mode, tiered, compressed oops, compressed class ptrs, g1 gc, windows-amd64)
GC Precious Log:
 CPUs: 4 total, 4 available
 Memory: 8076M
 Large Page Support: Disabled
 NUMA Support: Disabled
 Compressed Oops: Enabled (32-bit)
 Heap Region Size: 1M
 Heap Min Capacity: 8M
 Heap Initial Capacity: 128M
 Heap Max Capacity: 2020M
 Pre-touch: Disabled
 Parallel Workers: 4
 Concurrent Workers: 1
 Concurrent Refinement Workers: 4
 Periodic GC: Disabled
Heap:
 garbage-first heap   total 204800K, used 107902K [0x0000000081c00000, 0x0000000100000000)
  region size 1024K, 23 young (23552K), 5 survivors (5120K)
 Metaspace       used 64655K, committed 64960K, reserved 1114112K
  class space    used 7130K, committed 7296K, reserved 1048576K
GC Heap History (20 events):
Event: 11.461 GC heap before
{Heap before GC invocations=24 (full 0):
 garbage-first heap   total 91136K, used 69470K [0x0000000081c00000, 0x0000000100000000)
  region size 1024K, 28 young (28672K), 4 survivors (4096K)
 Metaspace       used 54749K, committed 55040K, reserved 1097728K
  class space    used 6465K, committed 6592K, reserved 1048576K
}
Event: 11.479 GC heap after
{Heap after GC invocations=25 (full 0):
 garbage-first heap   total 91136K, used 49437K [0x0000000081c00000, 0x0000000100000000)
  region size 1024K, 4 young (4096K), 4 survivors (4096K)
 Metaspace       used 54749K, committed 55040K, reserved 1097728K
  class space    used 6465K, committed 6592K, reserved 1048576K
}
Event: 12.304 GC heap before
{Heap before GC invocations=25 (full 0):
 garbage-first heap   total 91136K, used 70941K [0x0000000081c00000, 0x0000000100000000)
  region size 1024K, 25 young (25600K), 4 survivors (4096K)
 Metaspace       used 55319K, committed 55552K, reserved 1105920K
  class space    used 6474K, committed 6592K, reserved 1048576K
}
Event: 12.321 GC heap after
{Heap after GC invocations=26 (full 0):
 garbage-first heap   total 91136K, used 53611K [0x0000000081c00000, 0x0000000100000000)
  region size 1024K, 4 young (4096K), 4 survivors (4096K)
 Metaspace       used 55319K, committed 55552K, reserved 1105920K
  class space    used 6474K, committed 6592K, reserved 1048576K
}
Event: 12.845 GC heap before
{Heap before GC invocations=27 (full 0):
 garbage-first heap   total 96256K, used 60779K [0x0000000081c00000, 0x0000000100000000)
  region size 1024K, 12 young (12288K), 4 survivors (4096K)
 Metaspace       used 55567K, committed 55808K, reserved 1105920K
  class space    used 6478K, committed 6592K, reserved 1048576K
}
Event: 12.860 GC heap after
{Heap after GC invocations=28 (full 0):
 garbage-first heap   total 96256K, used 55268K [0x0000000081c00000, 0x0000000100000000)
  region size 1024K, 2 young (2048K), 2 survivors (2048K)
 Metaspace       used 55567K, committed 55808K, reserved 1105920K
  class space    used 6478K, committed 6592K, reserved 1048576K
}
Event: 14.268 GC heap before
{Heap before GC invocations=29 (full 0):
 garbage-first heap   total 101376K, used 76772K [0x0000000081c00000, 0x0000000100000000)
  region size 1024K, 21 young (21504K), 2 survivors (2048K)
 Metaspace       used 56877K, committed 57216K, reserved 1105920K
  class space    used 6583K, committed 6720K, reserved 1048576K
}
Event: 14.297 GC heap after
{Heap after GC invocations=30 (full 0):
 garbage-first heap   total 101376K, used 61106K [0x0000000081c00000, 0x0000000100000000)
  region size 1024K, 3 young (3072K), 3 survivors (3072K)
 Metaspace       used 56877K, committed 57216K, reserved 1105920K
  class space    used 6583K, committed 6720K, reserved 1048576K
}
Event: 15.153 GC heap before
{Heap before GC invocations=30 (full 0):
 garbage-first heap   total 101376K, used 80562K [0x0000000081c00000, 0x0000000100000000)
  region size 1024K, 22 young (22528K), 3 survivors (3072K)
 Metaspace       used 57392K, committed 57664K, reserved 1105920K
  class space    used 6593K, committed 6720K, reserved 1048576K
}
Event: 15.179 GC heap after
{Heap after GC invocations=31 (full 0):
 garbage-first heap   total 101376K, used 65021K [0x0000000081c00000, 0x0000000100000000)
  region size 1024K, 3 young (3072K), 3 survivors (3072K)
 Metaspace       used 57392K, committed 57664K, reserved 1105920K
  class space    used 6593K, committed 6720K, reserved 1048576K
}
Event: 15.846 GC heap before
{Heap before GC invocations=32 (full 0):
 garbage-first heap   total 116736K, used 81405K [0x0000000081c00000, 0x0000000100000000)
  region size 1024K, 19 young (19456K), 3 survivors (3072K)
 Metaspace       used 57906K, committed 58176K, reserved 1105920K
  class space    used 6650K, committed 6784K, reserved 1048576K
}
Event: 15.871 GC heap after
{Heap after GC invocations=33 (full 0):
 garbage-first heap   total 116736K, used 67832K [0x0000000081c00000, 0x0000000100000000)
  region size 1024K, 3 young (3072K), 3 survivors (3072K)
 Metaspace       used 57906K, committed 58176K, reserved 1105920K
  class space    used 6650K, committed 6784K, reserved 1048576K
}
Event: 16.018 GC heap before
{Heap before GC invocations=33 (full 0):
 garbage-first heap   total 116736K, used 69880K [0x0000000081c00000, 0x0000000100000000)
  region size 1024K, 5 young (5120K), 3 survivors (3072K)
 Metaspace       used 58129K, committed 58368K, reserved 1105920K
  class space    used 6672K, committed 6784K, reserved 1048576K
}
Event: 16.035 GC heap after
{Heap after GC invocations=34 (full 0):
 garbage-first heap   total 204800K, used 67996K [0x0000000081c00000, 0x0000000100000000)
  region size 1024K, 1 young (1024K), 1 survivors (1024K)
 Metaspace       used 58129K, committed 58368K, reserved 1105920K
  class space    used 6672K, committed 6784K, reserved 1048576K
}
Event: 20.648 GC heap before
{Heap before GC invocations=34 (full 0):
 garbage-first heap   total 204800K, used 146844K [0x0000000081c00000, 0x0000000100000000)
  region size 1024K, 78 young (79872K), 1 survivors (1024K)
 Metaspace       used 62578K, committed 62848K, reserved 1105920K
  class space    used 7022K, committed 7168K, reserved 1048576K
}
Event: 20.670 GC heap after
{Heap after GC invocations=35 (full 0):
 garbage-first heap   total 204800K, used 78266K [0x0000000081c00000, 0x0000000100000000)
  region size 1024K, 10 young (10240K), 10 survivors (10240K)
 Metaspace       used 62578K, committed 62848K, reserved 1105920K
  class space    used 7022K, committed 7168K, reserved 1048576K
}
Event: 24.345 GC heap before
{Heap before GC invocations=35 (full 0):
 garbage-first heap   total 204800K, used 145850K [0x0000000081c00000, 0x0000000100000000)
  region size 1024K, 76 young (77824K), 10 survivors (10240K)
 Metaspace       used 63905K, committed 64192K, reserved 1105920K
  class space    used 7099K, committed 7232K, reserved 1048576K
}
Event: 24.375 GC heap after
{Heap after GC invocations=36 (full 0):
 garbage-first heap   total 204800K, used 85398K [0x0000000081c00000, 0x0000000100000000)
  region size 1024K, 7 young (7168K), 7 survivors (7168K)
 Metaspace       used 63905K, committed 64192K, reserved 1105920K
  class space    used 7099K, committed 7232K, reserved 1048576K
}
Event: 29.839 GC heap before
{Heap before GC invocations=36 (full 0):
 garbage-first heap   total 204800K, used 151958K [0x0000000081c00000, 0x0000000100000000)
  region size 1024K, 72 young (73728K), 7 survivors (7168K)
 Metaspace       used 64414K, committed 64704K, reserved 1114112K
  class space    used 7106K, committed 7232K, reserved 1048576K
}
Event: 29.861 GC heap after
{Heap after GC invocations=37 (full 0):
 garbage-first heap   total 204800K, used 90494K [0x0000000081c00000, 0x0000000100000000)
  region size 1024K, 5 young (5120K), 5 survivors (5120K)
 Metaspace       used 64414K, committed 64704K, reserved 1114112K
  class space    used 7106K, committed 7232K, reserved 1048576K
}

