# JRE version: OpenJDK Runtime Environment (17.0.6) (build 17.0.6+0-b2043.56-9586694)
# Java VM: OpenJDK 64-Bit Server VM (17.0.6+0-b2043.56-9586694, mixed mode, tiered, compressed oops, compressed class ptrs, g1 gc, windows-amd64)
GC Precious Log:
 CPUs: 4 total, 4 available
 Memory: 8076M
 Large Page Support: Disabled
 NUMA Support: Disabled
 Compressed Oops: Enabled (32-bit)
 Heap Region Size: 1M
 Heap Min Capacity: 8M
 Heap Initial Capacity: 128M
 Heap Max Capacity: 2G
 Pre-touch: Disabled
 Parallel Workers: 4
 Concurrent Workers: 1
 Concurrent Refinement Workers: 4
 Periodic GC: Disabled
Heap:
 garbage-first heap   total 455680K, used 244224K [0x0000000080000000, 0x0000000100000000)
  region size 1024K, 3 young (3072K), 3 survivors (3072K)
 Metaspace       used 126770K, committed 127872K, reserved 1163264K
  class space    used 17010K, committed 17536K, reserved 1048576K
GC Heap History (20 events):
Event: 209.169 GC heap after
{Heap after GC invocations=64 (full 0):
 garbage-first heap   total 455680K, used 202517K [0x0000000080000000, 0x0000000100000000)
  region size 1024K, 11 young (11264K), 11 survivors (11264K)
 Metaspace       used 121902K, committed 122816K, reserved 1155072K
  class space    used 16412K, committed 16832K, reserved 1048576K
}
Event: 211.521 GC heap before
{Heap before GC invocations=64 (full 0):
 garbage-first heap   total 455680K, used 348949K [0x0000000080000000, 0x0000000100000000)
  region size 1024K, 121 young (123904K), 11 survivors (11264K)
 Metaspace       used 125308K, committed 126208K, reserved 1163264K
  class space    used 16882K, committed 17344K, reserved 1048576K
}
Event: 211.535 GC heap after
{Heap after GC invocations=65 (full 0):
 garbage-first heap   total 455680K, used 204647K [0x0000000080000000, 0x0000000100000000)
  region size 1024K, 7 young (7168K), 7 survivors (7168K)
 Metaspace       used 125308K, committed 126208K, reserved 1163264K
  class space    used 16882K, committed 17344K, reserved 1048576K
}
Event: 211.585 GC heap before
{Heap before GC invocations=65 (full 0):
 garbage-first heap   total 455680K, used 239463K [0x0000000080000000, 0x0000000100000000)
  region size 1024K, 9 young (9216K), 7 survivors (7168K)
 Metaspace       used 125308K, committed 126208K, reserved 1163264K
  class space    used 16882K, committed 17344K, reserved 1048576K
}
Event: 211.598 GC heap after
{Heap after GC invocations=66 (full 0):
 garbage-first heap   total 455680K, used 204647K [0x0000000080000000, 0x0000000100000000)
  region size 1024K, 7 young (7168K), 7 survivors (7168K)
 Metaspace       used 125308K, committed 126208K, reserved 1163264K
  class space    used 16882K, committed 17344K, reserved 1048576K
}
Event: 211.632 GC heap before
{Heap before GC invocations=66 (full 0):
 garbage-first heap   total 455680K, used 235367K [0x0000000080000000, 0x0000000100000000)
  region size 1024K, 8 young (8192K), 7 survivors (7168K)
 Metaspace       used 125308K, committed 126208K, reserved 1163264K
  class space    used 16882K, committed 17344K, reserved 1048576K
}
Event: 211.644 GC heap after
{Heap after GC invocations=67 (full 0):
 garbage-first heap   total 455680K, used 204268K [0x0000000080000000, 0x0000000100000000)
  region size 1024K, 7 young (7168K), 7 survivors (7168K)
 Metaspace       used 125308K, committed 126208K, reserved 1163264K
  class space    used 16882K, committed 17344K, reserved 1048576K
}
Event: 646.108 GC heap before
{Heap before GC invocations=67 (full 0):
 garbage-first heap   total 455680K, used 398828K [0x0000000080000000, 0x0000000100000000)
  region size 1024K, 195 young (199680K), 7 survivors (7168K)
 Metaspace       used 126123K, committed 127104K, reserved 1163264K
  class space    used 16959K, committed 17408K, reserved 1048576K
}
Event: 646.154 GC heap after
{Heap after GC invocations=68 (full 0):
 garbage-first heap   total 455680K, used 212131K [0x0000000080000000, 0x0000000100000000)
  region size 1024K, 21 young (21504K), 21 survivors (21504K)
 Metaspace       used 126123K, committed 127104K, reserved 1163264K
  class space    used 16959K, committed 17408K, reserved 1048576K
}
Event: 647.389 GC heap before
{Heap before GC invocations=68 (full 0):
 garbage-first heap   total 455680K, used 372899K [0x0000000080000000, 0x0000000100000000)
  region size 1024K, 141 young (144384K), 21 survivors (21504K)
 Metaspace       used 126241K, committed 127232K, reserved 1163264K
  class space    used 16960K, committed 17408K, reserved 1048576K
}
Event: 647.428 GC heap after
{Heap after GC invocations=69 (full 0):
 garbage-first heap   total 455680K, used 220041K [0x0000000080000000, 0x0000000100000000)
  region size 1024K, 2 young (2048K), 2 survivors (2048K)
 Metaspace       used 126241K, committed 127232K, reserved 1163264K
  class space    used 16960K, committed 17408K, reserved 1048576K
}
Event: 647.524 GC heap before
{Heap before GC invocations=69 (full 0):
 garbage-first heap   total 455680K, used 254857K [0x0000000080000000, 0x0000000100000000)
  region size 1024K, 3 young (3072K), 2 survivors (2048K)
 Metaspace       used 126241K, committed 127232K, reserved 1163264K
  class space    used 16960K, committed 17408K, reserved 1048576K
}
Event: 647.527 GC heap after
{Heap after GC invocations=70 (full 0):
 garbage-first heap   total 455680K, used 223113K [0x0000000080000000, 0x0000000100000000)
  region size 1024K, 1 young (1024K), 1 survivors (1024K)
 Metaspace       used 126241K, committed 127232K, reserved 1163264K
  class space    used 16960K, committed 17408K, reserved 1048576K
}
Event: 647.601 GC heap before
{Heap before GC invocations=70 (full 0):
 garbage-first heap   total 455680K, used 249737K [0x0000000080000000, 0x0000000100000000)
  region size 1024K, 2 young (2048K), 1 survivors (1024K)
 Metaspace       used 126241K, committed 127232K, reserved 1163264K
  class space    used 16960K, committed 17408K, reserved 1048576K
}
Event: 647.604 GC heap after
{Heap after GC invocations=71 (full 0):
 garbage-first heap   total 455680K, used 220883K [0x0000000080000000, 0x0000000100000000)
  region size 1024K, 1 young (1024K), 1 survivors (1024K)
 Metaspace       used 126241K, committed 127232K, reserved 1163264K
  class space    used 16960K, committed 17408K, reserved 1048576K
}
Event: 774.754 GC heap before
{Heap before GC invocations=71 (full 0):
 garbage-first heap   total 455680K, used 400083K [0x0000000080000000, 0x0000000100000000)
  region size 1024K, 173 young (177152K), 1 survivors (1024K)
 Metaspace       used 126755K, committed 127808K, reserved 1163264K
  class space    used 17010K, committed 17536K, reserved 1048576K
}
Event: 774.784 GC heap after
{Heap after GC invocations=72 (full 0):
 garbage-first heap   total 455680K, used 226306K [0x0000000080000000, 0x0000000100000000)
  region size 1024K, 15 young (15360K), 15 survivors (15360K)
 Metaspace       used 126755K, committed 127808K, reserved 1163264K
  class space    used 17010K, committed 17536K, reserved 1048576K
}
Event: 775.810 GC heap before
{Heap before GC invocations=72 (full 0):
 garbage-first heap   total 455680K, used 385026K [0x0000000080000000, 0x0000000100000000)
  region size 1024K, 171 young (175104K), 15 survivors (15360K)
 Metaspace       used 126770K, committed 127872K, reserved 1163264K
  class space    used 17010K, committed 17536K, reserved 1048576K
}
Event: 775.868 GC heap after
{Heap after GC invocations=73 (full 0):
 garbage-first heap   total 455680K, used 243176K [0x0000000080000000, 0x0000000100000000)
  region size 1024K, 17 young (17408K), 17 survivors (17408K)
 Metaspace       used 126770K, committed 127872K, reserved 1163264K
  class space    used 17010K, committed 17536K, reserved 1048576K
}
Event: 776.580 GC heap before
{Heap before GC invocations=73 (full 0):
 garbage-first heap   total 455680K, used 382440K [0x0000000080000000, 0x0000000100000000)
  region size 1024K, 153 young (156672K), 17 survivors (17408K)
 Metaspace       used 126770K, committed 127872K, reserved 1163264K
  class space    used 17010K, committed 17536K, reserved 1048576K
}

