# JRE version: OpenJDK Runtime Environment (17.0.6) (build 17.0.6+0-b2043.56-9586694)
# Java VM: OpenJDK 64-Bit Server VM (17.0.6+0-b2043.56-9586694, mixed mode, tiered, compressed oops, compressed class ptrs, g1 gc, windows-amd64)
GC Precious Log:
 CPUs: 4 total, 4 available
 Memory: 8076M
 Large Page Support: Disabled
 NUMA Support: Disabled
 Compressed Oops: Enabled (32-bit)
 Heap Region Size: 1M
 Heap Min Capacity: 8M
 Heap Initial Capacity: 128M
 Heap Max Capacity: 2G
 Pre-touch: Disabled
 Parallel Workers: 4
 Concurrent Workers: 1
 Concurrent Refinement Workers: 4
 Periodic GC: Disabled
Heap:
 garbage-first heap   total 288768K, used 222113K [0x0000000080000000, 0x0000000100000000)
  region size 1024K, 127 young (130048K), 3 survivors (3072K)
 Metaspace       used 96150K, committed 96832K, reserved 1138688K
  class space    used 13102K, committed 13376K, reserved 1048576K
GC Heap History (20 events):
Event: 35.456 GC heap before
{Heap before GC invocations=22 (full 0):
 garbage-first heap   total 137216K, used 109090K [0x0000000080000000, 0x0000000100000000)
  region size 1024K, 42 young (43008K), 6 survivors (6144K)
 Metaspace       used 81369K, committed 82048K, reserved 1122304K
  class space    used 11018K, committed 11328K, reserved 1048576K
}
Event: 35.468 GC heap after
{Heap after GC invocations=23 (full 0):
 garbage-first heap   total 137216K, used 74998K [0x0000000080000000, 0x0000000100000000)
  region size 1024K, 3 young (3072K), 3 survivors (3072K)
 Metaspace       used 81369K, committed 82048K, reserved 1122304K
  class space    used 11018K, committed 11328K, reserved 1048576K
}
Event: 37.085 GC heap before
{Heap before GC invocations=24 (full 0):
 garbage-first heap   total 137216K, used 110838K [0x0000000080000000, 0x0000000100000000)
  region size 1024K, 38 young (38912K), 3 survivors (3072K)
 Metaspace       used 83349K, committed 84032K, reserved 1122304K
  class space    used 11294K, committed 11584K, reserved 1048576K
}
Event: 37.097 GC heap after
{Heap after GC invocations=25 (full 0):
 garbage-first heap   total 137216K, used 77262K [0x0000000080000000, 0x0000000100000000)
  region size 1024K, 5 young (5120K), 5 survivors (5120K)
 Metaspace       used 83349K, committed 84032K, reserved 1122304K
  class space    used 11294K, committed 11584K, reserved 1048576K
}
Event: 37.108 GC heap before
{Heap before GC invocations=25 (full 0):
 garbage-first heap   total 137216K, used 78286K [0x0000000080000000, 0x0000000100000000)
  region size 1024K, 6 young (6144K), 5 survivors (5120K)
 Metaspace       used 83349K, committed 84032K, reserved 1122304K
  class space    used 11294K, committed 11584K, reserved 1048576K
}
Event: 37.118 GC heap after
{Heap after GC invocations=26 (full 0):
 garbage-first heap   total 137216K, used 77306K [0x0000000080000000, 0x0000000100000000)
  region size 1024K, 1 young (1024K), 1 survivors (1024K)
 Metaspace       used 83349K, committed 84032K, reserved 1122304K
  class space    used 11294K, committed 11584K, reserved 1048576K
}
Event: 39.688 GC heap before
{Heap before GC invocations=26 (full 0):
 garbage-first heap   total 137216K, used 112122K [0x0000000080000000, 0x0000000100000000)
  region size 1024K, 35 young (35840K), 1 survivors (1024K)
 Metaspace       used 85525K, committed 86144K, reserved 1130496K
  class space    used 11626K, committed 11904K, reserved 1048576K
}
Event: 39.701 GC heap after
{Heap after GC invocations=27 (full 0):
 garbage-first heap   total 137216K, used 79919K [0x0000000080000000, 0x0000000100000000)
  region size 1024K, 4 young (4096K), 4 survivors (4096K)
 Metaspace       used 85525K, committed 86144K, reserved 1130496K
  class space    used 11626K, committed 11904K, reserved 1048576K
}
Event: 41.748 GC heap before
{Heap before GC invocations=28 (full 0):
 garbage-first heap   total 138240K, used 111663K [0x0000000080000000, 0x0000000100000000)
  region size 1024K, 35 young (35840K), 4 survivors (4096K)
 Metaspace       used 88855K, committed 89472K, reserved 1130496K
  class space    used 12161K, committed 12416K, reserved 1048576K
}
Event: 41.762 GC heap after
{Heap after GC invocations=29 (full 0):
 garbage-first heap   total 138240K, used 81845K [0x0000000080000000, 0x0000000100000000)
  region size 1024K, 2 young (2048K), 2 survivors (2048K)
 Metaspace       used 88855K, committed 89472K, reserved 1130496K
  class space    used 12161K, committed 12416K, reserved 1048576K
}
Event: 42.045 GC heap before
{Heap before GC invocations=29 (full 0):
 garbage-first heap   total 138240K, used 85941K [0x0000000080000000, 0x0000000100000000)
  region size 1024K, 6 young (6144K), 2 survivors (2048K)
 Metaspace       used 89176K, committed 89792K, reserved 1130496K
  class space    used 12201K, committed 12480K, reserved 1048576K
}
Event: 42.057 GC heap after
{Heap after GC invocations=30 (full 0):
 garbage-first heap   total 138240K, used 82072K [0x0000000080000000, 0x0000000100000000)
  region size 1024K, 1 young (1024K), 1 survivors (1024K)
 Metaspace       used 89176K, committed 89792K, reserved 1130496K
  class space    used 12201K, committed 12480K, reserved 1048576K
}
Event: 43.325 GC heap before
{Heap before GC invocations=30 (full 0):
 garbage-first heap   total 138240K, used 113816K [0x0000000080000000, 0x0000000100000000)
  region size 1024K, 32 young (32768K), 1 survivors (1024K)
 Metaspace       used 92448K, committed 93120K, reserved 1130496K
  class space    used 12624K, committed 12928K, reserved 1048576K
}
Event: 43.337 GC heap after
{Heap after GC invocations=31 (full 0):
 garbage-first heap   total 138240K, used 85221K [0x0000000080000000, 0x0000000100000000)
  region size 1024K, 4 young (4096K), 4 survivors (4096K)
 Metaspace       used 92448K, committed 93120K, reserved 1130496K
  class space    used 12624K, committed 12928K, reserved 1048576K
}
Event: 44.076 GC heap before
{Heap before GC invocations=31 (full 0):
 garbage-first heap   total 138240K, used 113893K [0x0000000080000000, 0x0000000100000000)
  region size 1024K, 32 young (32768K), 4 survivors (4096K)
 Metaspace       used 93221K, committed 93888K, reserved 1130496K
  class space    used 12731K, committed 13056K, reserved 1048576K
}
Event: 44.093 GC heap after
{Heap after GC invocations=32 (full 0):
 garbage-first heap   total 138240K, used 89228K [0x0000000080000000, 0x0000000100000000)
  region size 1024K, 4 young (4096K), 4 survivors (4096K)
 Metaspace       used 93221K, committed 93888K, reserved 1130496K
  class space    used 12731K, committed 13056K, reserved 1048576K
}
Event: 44.788 GC heap before
{Heap before GC invocations=32 (full 0):
 garbage-first heap   total 138240K, used 113804K [0x0000000080000000, 0x0000000100000000)
  region size 1024K, 28 young (28672K), 4 survivors (4096K)
 Metaspace       used 93483K, committed 94144K, reserved 1130496K
  class space    used 12772K, committed 13056K, reserved 1048576K
}
Event: 44.803 GC heap after
{Heap after GC invocations=33 (full 0):
 garbage-first heap   total 138240K, used 93329K [0x0000000080000000, 0x0000000100000000)
  region size 1024K, 4 young (4096K), 4 survivors (4096K)
 Metaspace       used 93483K, committed 94144K, reserved 1130496K
  class space    used 12772K, committed 13056K, reserved 1048576K
}
Event: 45.929 GC heap before
{Heap before GC invocations=33 (full 0):
 garbage-first heap   total 138240K, used 112785K [0x0000000080000000, 0x0000000100000000)
  region size 1024K, 24 young (24576K), 4 survivors (4096K)
 Metaspace       used 94757K, committed 95360K, reserved 1138688K
  class space    used 12970K, committed 13248K, reserved 1048576K
}
Event: 45.950 GC heap after
{Heap after GC invocations=34 (full 0):
 garbage-first heap   total 288768K, used 97185K [0x0000000080000000, 0x0000000100000000)
  region size 1024K, 3 young (3072K), 3 survivors (3072K)
 Metaspace       used 94757K, committed 95360K, reserved 1138688K
  class space    used 12970K, committed 13248K, reserved 1048576K
}

