# JRE version: OpenJDK Runtime Environment (17.0.6) (build 17.0.6+0-b2043.56-9586694)
# Java VM: OpenJDK 64-Bit Server VM (17.0.6+0-b2043.56-9586694, mixed mode, tiered, compressed oops, compressed class ptrs, g1 gc, windows-amd64)
GC Precious Log:
 CPUs: 4 total, 4 available
 Memory: 8076M
 Large Page Support: Disabled
 NUMA Support: Disabled
 Compressed Oops: Enabled (32-bit)
 Heap Region Size: 1M
 Heap Min Capacity: 8M
 Heap Initial Capacity: 128M
 Heap Max Capacity: 2020M
 Pre-touch: Disabled
 Parallel Workers: 4
 Concurrent Workers: 1
 Concurrent Refinement Workers: 4
 Periodic GC: Disabled
Heap:
 garbage-first heap   total 430080K, used 323406K [0x0000000081c00000, 0x0000000100000000)
  region size 1024K, 9 young (9216K), 9 survivors (9216K)
 Metaspace       used 78121K, committed 78464K, reserved 1122304K
  class space    used 8289K, committed 8448K, reserved 1048576K
GC Heap History (20 events):
Event: 56.057 GC heap after
{Heap after GC invocations=58 (full 0):
 garbage-first heap   total 374784K, used 157032K [0x0000000081c00000, 0x0000000100000000)
  region size 1024K, 19 young (19456K), 19 survivors (19456K)
 Metaspace       used 67221K, committed 67584K, reserved 1114112K
  class space    used 7292K, committed 7488K, reserved 1048576K
}
Event: 60.368 GC heap before
{Heap before GC invocations=59 (full 0):
 garbage-first heap   total 374784K, used 306536K [0x0000000081c00000, 0x0000000100000000)
  region size 1024K, 167 young (171008K), 19 survivors (19456K)
 Metaspace       used 67415K, committed 67840K, reserved 1114112K
  class space    used 7301K, committed 7488K, reserved 1048576K
}
Event: 60.428 GC heap after
{Heap after GC invocations=60 (full 0):
 garbage-first heap   total 374784K, used 164976K [0x0000000081c00000, 0x0000000100000000)
  region size 1024K, 19 young (19456K), 19 survivors (19456K)
 Metaspace       used 67415K, committed 67840K, reserved 1114112K
  class space    used 7301K, committed 7488K, reserved 1048576K
}
Event: 60.460 GC heap before
{Heap before GC invocations=60 (full 0):
 garbage-first heap   total 374784K, used 166000K [0x0000000081c00000, 0x0000000100000000)
  region size 1024K, 20 young (20480K), 19 survivors (19456K)
 Metaspace       used 67415K, committed 67840K, reserved 1114112K
  class space    used 7301K, committed 7488K, reserved 1048576K
}
Event: 60.510 GC heap after
{Heap after GC invocations=61 (full 0):
 garbage-first heap   total 374784K, used 165633K [0x0000000081c00000, 0x0000000100000000)
  region size 1024K, 2 young (2048K), 2 survivors (2048K)
 Metaspace       used 67415K, committed 67840K, reserved 1114112K
  class space    used 7301K, committed 7488K, reserved 1048576K
}
Event: 63.527 GC heap before
{Heap before GC invocations=61 (full 0):
 garbage-first heap   total 374784K, used 310017K [0x0000000081c00000, 0x0000000100000000)
  region size 1024K, 143 young (146432K), 2 survivors (2048K)
 Metaspace       used 68171K, committed 68480K, reserved 1114112K
  class space    used 7352K, committed 7488K, reserved 1048576K
}
Event: 63.545 GC heap after
{Heap after GC invocations=62 (full 0):
 garbage-first heap   total 374784K, used 170699K [0x0000000081c00000, 0x0000000100000000)
  region size 1024K, 7 young (7168K), 7 survivors (7168K)
 Metaspace       used 68171K, committed 68480K, reserved 1114112K
  class space    used 7352K, committed 7488K, reserved 1048576K
}
Event: 65.835 GC heap before
{Heap before GC invocations=62 (full 0):
 garbage-first heap   total 374784K, used 313035K [0x0000000081c00000, 0x0000000100000000)
  region size 1024K, 146 young (149504K), 7 survivors (7168K)
 Metaspace       used 69873K, committed 70208K, reserved 1114112K
  class space    used 7511K, committed 7680K, reserved 1048576K
}
Event: 65.856 GC heap after
{Heap after GC invocations=63 (full 0):
 garbage-first heap   total 374784K, used 174337K [0x0000000081c00000, 0x0000000100000000)
  region size 1024K, 10 young (10240K), 10 survivors (10240K)
 Metaspace       used 69873K, committed 70208K, reserved 1114112K
  class space    used 7511K, committed 7680K, reserved 1048576K
}
Event: 70.396 GC heap before
{Heap before GC invocations=63 (full 0):
 garbage-first heap   total 374784K, used 315649K [0x0000000081c00000, 0x0000000100000000)
  region size 1024K, 148 young (151552K), 10 survivors (10240K)
 Metaspace       used 76431K, committed 76800K, reserved 1122304K
  class space    used 8126K, committed 8320K, reserved 1048576K
}
Event: 70.504 GC heap after
{Heap after GC invocations=64 (full 0):
 garbage-first heap   total 374784K, used 204675K [0x0000000081c00000, 0x0000000100000000)
  region size 1024K, 19 young (19456K), 19 survivors (19456K)
 Metaspace       used 76431K, committed 76800K, reserved 1122304K
  class space    used 8126K, committed 8320K, reserved 1048576K
}
Event: 71.646 GC heap before
{Heap before GC invocations=64 (full 0):
 garbage-first heap   total 430080K, used 298883K [0x0000000081c00000, 0x0000000100000000)
  region size 1024K, 111 young (113664K), 19 survivors (19456K)
 Metaspace       used 77008K, committed 77440K, reserved 1122304K
  class space    used 8210K, committed 8384K, reserved 1048576K
}
Event: 71.716 GC heap after
{Heap after GC invocations=65 (full 0):
 garbage-first heap   total 430080K, used 226638K [0x0000000081c00000, 0x0000000100000000)
  region size 1024K, 14 young (14336K), 14 survivors (14336K)
 Metaspace       used 77008K, committed 77440K, reserved 1122304K
  class space    used 8210K, committed 8384K, reserved 1048576K
}
Event: 72.753 GC heap before
{Heap before GC invocations=66 (full 0):
 garbage-first heap   total 430080K, used 335182K [0x0000000081c00000, 0x0000000100000000)
  region size 1024K, 120 young (122880K), 14 survivors (14336K)
 Metaspace       used 77419K, committed 77760K, reserved 1122304K
  class space    used 8231K, committed 8384K, reserved 1048576K
}
Event: 72.780 GC heap after
{Heap after GC invocations=67 (full 0):
 garbage-first heap   total 430080K, used 236366K [0x0000000081c00000, 0x0000000100000000)
  region size 1024K, 9 young (9216K), 9 survivors (9216K)
 Metaspace       used 77419K, committed 77760K, reserved 1122304K
  class space    used 8231K, committed 8384K, reserved 1048576K
}
Event: 73.202 GC heap before
{Heap before GC invocations=67 (full 0):
 garbage-first heap   total 430080K, used 248654K [0x0000000081c00000, 0x0000000100000000)
  region size 1024K, 21 young (21504K), 9 survivors (9216K)
 Metaspace       used 77764K, committed 78144K, reserved 1122304K
  class space    used 8278K, committed 8448K, reserved 1048576K
}
Event: 73.220 GC heap after
{Heap after GC invocations=68 (full 0):
 garbage-first heap   total 430080K, used 239438K [0x0000000081c00000, 0x0000000100000000)
  region size 1024K, 3 young (3072K), 3 survivors (3072K)
 Metaspace       used 77764K, committed 78144K, reserved 1122304K
  class space    used 8278K, committed 8448K, reserved 1048576K
}
Event: 74.614 GC heap before
{Heap before GC invocations=68 (full 0):
 garbage-first heap   total 430080K, used 342862K [0x0000000081c00000, 0x0000000100000000)
  region size 1024K, 104 young (106496K), 3 survivors (3072K)
 Metaspace       used 78112K, committed 78464K, reserved 1122304K
  class space    used 8289K, committed 8448K, reserved 1048576K
}
Event: 74.696 GC heap after
{Heap after GC invocations=69 (full 0):
 garbage-first heap   total 430080K, used 290638K [0x0000000081c00000, 0x0000000100000000)
  region size 1024K, 13 young (13312K), 13 survivors (13312K)
 Metaspace       used 78112K, committed 78464K, reserved 1122304K
  class space    used 8289K, committed 8448K, reserved 1048576K
}
Event: 75.176 GC heap before
{Heap before GC invocations=69 (full 0):
 garbage-first heap   total 430080K, used 343886K [0x0000000081c00000, 0x0000000100000000)
  region size 1024K, 65 young (66560K), 13 survivors (13312K)
 Metaspace       used 78121K, committed 78464K, reserved 1122304K
  class space    used 8289K, committed 8448K, reserved 1048576K
}

