# JRE version: OpenJDK Runtime Environment (17.0.6) (build 17.0.6+0-b2043.56-9586694)
# Java VM: OpenJDK 64-Bit Server VM (17.0.6+0-b2043.56-9586694, mixed mode, tiered, compressed oops, compressed class ptrs, g1 gc, windows-amd64)
GC Precious Log:
 CPUs: 4 total, 4 available
 Memory: 8076M
 Large Page Support: Disabled
 NUMA Support: Disabled
 Compressed Oops: Enabled (32-bit)
 Heap Region Size: 1M
 Heap Min Capacity: 8M
 Heap Initial Capacity: 128M
 Heap Max Capacity: 2G
 Pre-touch: Disabled
 Parallel Workers: 4
 Concurrent Workers: 1
 Concurrent Refinement Workers: 4
 Periodic GC: Disabled
Heap:
 garbage-first heap   total 457728K, used 250368K [0x0000000080000000, 0x0000000100000000)
  region size 1024K, 8 young (8192K), 8 survivors (8192K)
 Metaspace       used 138904K, committed 140096K, reserved 1171456K
  class space    used 18450K, committed 19008K, reserved 1048576K
GC Heap History (20 events):
Event: 462.566 GC heap after
{Heap after GC invocations=69 (full 0):
 garbage-first heap   total 457728K, used 193323K [0x0000000080000000, 0x0000000100000000)
  region size 1024K, 11 young (11264K), 11 survivors (11264K)
 Metaspace       used 136016K, committed 137088K, reserved 1171456K
  class space    used 18111K, committed 18624K, reserved 1048576K
}
Event: 464.768 GC heap before
{Heap before GC invocations=69 (full 0):
 garbage-first heap   total 457728K, used 370475K [0x0000000080000000, 0x0000000100000000)
  region size 1024K, 152 young (155648K), 11 survivors (11264K)
 Metaspace       used 137807K, committed 138880K, reserved 1171456K
  class space    used 18370K, committed 18880K, reserved 1048576K
}
Event: 464.782 GC heap after
{Heap after GC invocations=70 (full 0):
 garbage-first heap   total 457728K, used 200114K [0x0000000080000000, 0x0000000100000000)
  region size 1024K, 8 young (8192K), 8 survivors (8192K)
 Metaspace       used 137807K, committed 138880K, reserved 1171456K
  class space    used 18370K, committed 18880K, reserved 1048576K
}
Event: 464.878 GC heap before
{Heap before GC invocations=70 (full 0):
 garbage-first heap   total 457728K, used 230834K [0x0000000080000000, 0x0000000100000000)
  region size 1024K, 9 young (9216K), 8 survivors (8192K)
 Metaspace       used 137807K, committed 138880K, reserved 1171456K
  class space    used 18370K, committed 18880K, reserved 1048576K
}
Event: 464.890 GC heap after
{Heap after GC invocations=71 (full 0):
 garbage-first heap   total 457728K, used 197331K [0x0000000080000000, 0x0000000100000000)
  region size 1024K, 7 young (7168K), 7 survivors (7168K)
 Metaspace       used 137807K, committed 138880K, reserved 1171456K
  class space    used 18370K, committed 18880K, reserved 1048576K
}
Event: 464.999 GC heap before
{Heap before GC invocations=71 (full 0):
 garbage-first heap   total 457728K, used 226003K [0x0000000080000000, 0x0000000100000000)
  region size 1024K, 8 young (8192K), 7 survivors (7168K)
 Metaspace       used 137807K, committed 138880K, reserved 1171456K
  class space    used 18370K, committed 18880K, reserved 1048576K
}
Event: 465.013 GC heap after
{Heap after GC invocations=72 (full 0):
 garbage-first heap   total 457728K, used 196905K [0x0000000080000000, 0x0000000100000000)
  region size 1024K, 7 young (7168K), 7 survivors (7168K)
 Metaspace       used 137807K, committed 138880K, reserved 1171456K
  class space    used 18370K, committed 18880K, reserved 1048576K
}
Event: 725.894 GC heap before
{Heap before GC invocations=72 (full 0):
 garbage-first heap   total 457728K, used 417065K [0x0000000080000000, 0x0000000100000000)
  region size 1024K, 203 young (207872K), 7 survivors (7168K)
 Metaspace       used 138529K, committed 139648K, reserved 1171456K
  class space    used 18444K, committed 19008K, reserved 1048576K
}
Event: 725.936 GC heap after
{Heap after GC invocations=73 (full 0):
 garbage-first heap   total 457728K, used 204574K [0x0000000080000000, 0x0000000100000000)
  region size 1024K, 22 young (22528K), 22 survivors (22528K)
 Metaspace       used 138529K, committed 139648K, reserved 1171456K
  class space    used 18444K, committed 19008K, reserved 1048576K
}
Event: 727.215 GC heap before
{Heap before GC invocations=73 (full 0):
 garbage-first heap   total 457728K, used 353054K [0x0000000080000000, 0x0000000100000000)
  region size 1024K, 134 young (137216K), 22 survivors (22528K)
 Metaspace       used 138602K, committed 139776K, reserved 1171456K
  class space    used 18447K, committed 19008K, reserved 1048576K
}
Event: 727.258 GC heap after
{Heap after GC invocations=74 (full 0):
 garbage-first heap   total 457728K, used 212816K [0x0000000080000000, 0x0000000100000000)
  region size 1024K, 2 young (2048K), 2 survivors (2048K)
 Metaspace       used 138602K, committed 139776K, reserved 1171456K
  class space    used 18447K, committed 19008K, reserved 1048576K
}
Event: 727.346 GC heap before
{Heap before GC invocations=74 (full 0):
 garbage-first heap   total 457728K, used 247632K [0x0000000080000000, 0x0000000100000000)
  region size 1024K, 3 young (3072K), 2 survivors (2048K)
 Metaspace       used 138602K, committed 139776K, reserved 1171456K
  class space    used 18447K, committed 19008K, reserved 1048576K
}
Event: 727.349 GC heap after
{Heap after GC invocations=75 (full 0):
 garbage-first heap   total 457728K, used 211792K [0x0000000080000000, 0x0000000100000000)
  region size 1024K, 1 young (1024K), 1 survivors (1024K)
 Metaspace       used 138602K, committed 139776K, reserved 1171456K
  class space    used 18447K, committed 19008K, reserved 1048576K
}
Event: 727.429 GC heap before
{Heap before GC invocations=75 (full 0):
 garbage-first heap   total 457728K, used 242512K [0x0000000080000000, 0x0000000100000000)
  region size 1024K, 2 young (2048K), 1 survivors (1024K)
 Metaspace       used 138602K, committed 139776K, reserved 1171456K
  class space    used 18447K, committed 19008K, reserved 1048576K
}
Event: 727.434 GC heap after
{Heap after GC invocations=76 (full 0):
 garbage-first heap   total 457728K, used 211412K [0x0000000080000000, 0x0000000100000000)
  region size 1024K, 1 young (1024K), 1 survivors (1024K)
 Metaspace       used 138602K, committed 139776K, reserved 1171456K
  class space    used 18447K, committed 19008K, reserved 1048576K
}
Event: 1198.126 GC heap before
{Heap before GC invocations=76 (full 0):
 garbage-first heap   total 457728K, used 396756K [0x0000000080000000, 0x0000000100000000)
  region size 1024K, 180 young (184320K), 1 survivors (1024K)
 Metaspace       used 138885K, committed 140096K, reserved 1171456K
  class space    used 18449K, committed 19008K, reserved 1048576K
}
Event: 1198.155 GC heap after
{Heap after GC invocations=77 (full 0):
 garbage-first heap   total 457728K, used 217078K [0x0000000080000000, 0x0000000100000000)
  region size 1024K, 15 young (15360K), 15 survivors (15360K)
 Metaspace       used 138885K, committed 140096K, reserved 1171456K
  class space    used 18449K, committed 19008K, reserved 1048576K
}
Event: 1198.929 GC heap before
{Heap before GC invocations=77 (full 0):
 garbage-first heap   total 457728K, used 383990K [0x0000000080000000, 0x0000000100000000)
  region size 1024K, 179 young (183296K), 15 survivors (15360K)
 Metaspace       used 138903K, committed 140096K, reserved 1171456K
  class space    used 18450K, committed 19008K, reserved 1048576K
}
Event: 1199.022 GC heap after
{Heap after GC invocations=78 (full 0):
 garbage-first heap   total 457728K, used 242395K [0x0000000080000000, 0x0000000100000000)
  region size 1024K, 23 young (23552K), 23 survivors (23552K)
 Metaspace       used 138903K, committed 140096K, reserved 1171456K
  class space    used 18450K, committed 19008K, reserved 1048576K
}
Event: 1199.941 GC heap before
{Heap before GC invocations=78 (full 0):
 garbage-first heap   total 457728K, used 377563K [0x0000000080000000, 0x0000000100000000)
  region size 1024K, 156 young (159744K), 23 survivors (23552K)
 Metaspace       used 138904K, committed 140096K, reserved 1171456K
  class space    used 18450K, committed 19008K, reserved 1048576K
}

