# JRE version: OpenJDK Runtime Environment (17.0.6) (build 17.0.6+0-b2043.56-9586694)
# Java VM: OpenJDK 64-Bit Server VM (17.0.6+0-b2043.56-9586694, mixed mode, tiered, compressed oops, compressed class ptrs, g1 gc, windows-amd64)
GC Precious Log:
 CPUs: 4 total, 4 available
 Memory: 8076M
 Large Page Support: Disabled
 NUMA Support: Disabled
 Compressed Oops: Enabled (32-bit)
 Heap Region Size: 1M
 Heap Min Capacity: 8M
 Heap Initial Capacity: 128M
 Heap Max Capacity: 2020M
 Pre-touch: Disabled
 Parallel Workers: 4
 Concurrent Workers: 1
 Concurrent Refinement Workers: 4
 Periodic GC: Disabled
Heap:
 garbage-first heap   total 419840K, used 307200K [0x0000000081c00000, 0x0000000100000000)
  region size 1024K, 8 young (8192K), 8 survivors (8192K)
 Metaspace       used 78307K, committed 78656K, reserved 1122304K
  class space    used 8306K, committed 8448K, reserved 1048576K
GC Heap History (20 events):
Event: 89.650 GC heap after
{Heap after GC invocations=45 (full 0):
 garbage-first heap   total 329728K, used 149871K [0x0000000081c00000, 0x0000000100000000)
  region size 1024K, 17 young (17408K), 17 survivors (17408K)
 Metaspace       used 67118K, committed 67456K, reserved 1114112K
  class space    used 7289K, committed 7424K, reserved 1048576K
}
Event: 93.229 GC heap before
{Heap before GC invocations=45 (full 0):
 garbage-first heap   total 329728K, used 274799K [0x0000000081c00000, 0x0000000100000000)
  region size 1024K, 139 young (142336K), 17 survivors (17408K)
 Metaspace       used 67310K, committed 67712K, reserved 1114112K
  class space    used 7300K, committed 7488K, reserved 1048576K
}
Event: 93.290 GC heap after
{Heap after GC invocations=46 (full 0):
 garbage-first heap   total 329728K, used 158720K [0x0000000081c00000, 0x0000000100000000)
  region size 1024K, 17 young (17408K), 17 survivors (17408K)
 Metaspace       used 67310K, committed 67712K, reserved 1114112K
  class space    used 7300K, committed 7488K, reserved 1048576K
}
Event: 95.797 GC heap before
{Heap before GC invocations=46 (full 0):
 garbage-first heap   total 329728K, used 276480K [0x0000000081c00000, 0x0000000100000000)
  region size 1024K, 132 young (135168K), 17 survivors (17408K)
 Metaspace       used 68069K, committed 68416K, reserved 1114112K
  class space    used 7350K, committed 7488K, reserved 1048576K
}
Event: 95.838 GC heap after
{Heap after GC invocations=47 (full 0):
 garbage-first heap   total 329728K, used 162816K [0x0000000081c00000, 0x0000000100000000)
  region size 1024K, 13 young (13312K), 13 survivors (13312K)
 Metaspace       used 68069K, committed 68416K, reserved 1114112K
  class space    used 7350K, committed 7488K, reserved 1048576K
}
Event: 97.161 GC heap before
{Heap before GC invocations=47 (full 0):
 garbage-first heap   total 329728K, used 277504K [0x0000000081c00000, 0x0000000100000000)
  region size 1024K, 125 young (128000K), 13 survivors (13312K)
 Metaspace       used 68445K, committed 68800K, reserved 1114112K
  class space    used 7366K, committed 7552K, reserved 1048576K
}
Event: 97.189 GC heap after
{Heap after GC invocations=48 (full 0):
 garbage-first heap   total 329728K, used 165376K [0x0000000081c00000, 0x0000000100000000)
  region size 1024K, 8 young (8192K), 8 survivors (8192K)
 Metaspace       used 68445K, committed 68800K, reserved 1114112K
  class space    used 7366K, committed 7552K, reserved 1048576K
}
Event: 101.498 GC heap before
{Heap before GC invocations=48 (full 0):
 garbage-first heap   total 329728K, used 279040K [0x0000000081c00000, 0x0000000100000000)
  region size 1024K, 119 young (121856K), 8 survivors (8192K)
 Metaspace       used 75859K, committed 76224K, reserved 1122304K
  class space    used 8085K, committed 8256K, reserved 1048576K
}
Event: 101.547 GC heap after
{Heap after GC invocations=49 (full 0):
 garbage-first heap   total 329728K, used 177931K [0x0000000081c00000, 0x0000000100000000)
  region size 1024K, 15 young (15360K), 15 survivors (15360K)
 Metaspace       used 75859K, committed 76224K, reserved 1122304K
  class space    used 8085K, committed 8256K, reserved 1048576K
}
Event: 102.884 GC heap before
{Heap before GC invocations=49 (full 0):
 garbage-first heap   total 329728K, used 275211K [0x0000000081c00000, 0x0000000100000000)
  region size 1024K, 110 young (112640K), 15 survivors (15360K)
 Metaspace       used 76858K, committed 77248K, reserved 1122304K
  class space    used 8209K, committed 8384K, reserved 1048576K
}
Event: 102.947 GC heap after
{Heap after GC invocations=50 (full 0):
 garbage-first heap   total 329728K, used 209920K [0x0000000081c00000, 0x0000000100000000)
  region size 1024K, 14 young (14336K), 14 survivors (14336K)
 Metaspace       used 76858K, committed 77248K, reserved 1122304K
  class space    used 8209K, committed 8384K, reserved 1048576K
}
Event: 103.129 GC heap before
{Heap before GC invocations=50 (full 0):
 garbage-first heap   total 329728K, used 272384K [0x0000000081c00000, 0x0000000100000000)
  region size 1024K, 75 young (76800K), 14 survivors (14336K)
 Metaspace       used 76871K, committed 77248K, reserved 1122304K
  class space    used 8209K, committed 8384K, reserved 1048576K
}
Event: 103.158 GC heap after
{Heap after GC invocations=51 (full 0):
 garbage-first heap   total 329728K, used 217088K [0x0000000081c00000, 0x0000000100000000)
  region size 1024K, 7 young (7168K), 7 survivors (7168K)
 Metaspace       used 76871K, committed 77248K, reserved 1122304K
  class space    used 8209K, committed 8384K, reserved 1048576K
}
Event: 104.947 GC heap before
{Heap before GC invocations=52 (full 0):
 garbage-first heap   total 419840K, used 273408K [0x0000000081c00000, 0x0000000100000000)
  region size 1024K, 64 young (65536K), 7 survivors (7168K)
 Metaspace       used 77696K, committed 78080K, reserved 1122304K
  class space    used 8276K, committed 8448K, reserved 1048576K
}
Event: 104.969 GC heap after
{Heap after GC invocations=53 (full 0):
 garbage-first heap   total 419840K, used 223232K [0x0000000081c00000, 0x0000000100000000)
  region size 1024K, 8 young (8192K), 8 survivors (8192K)
 Metaspace       used 77696K, committed 78080K, reserved 1122304K
  class space    used 8276K, committed 8448K, reserved 1048576K
}
Event: 105.145 GC heap before
{Heap before GC invocations=53 (full 0):
 garbage-first heap   total 419840K, used 235520K [0x0000000081c00000, 0x0000000100000000)
  region size 1024K, 20 young (20480K), 8 survivors (8192K)
 Metaspace       used 77744K, committed 78080K, reserved 1122304K
  class space    used 8276K, committed 8448K, reserved 1048576K
}
Event: 105.176 GC heap after
{Heap after GC invocations=54 (full 0):
 garbage-first heap   total 419840K, used 226724K [0x0000000081c00000, 0x0000000100000000)
  region size 1024K, 3 young (3072K), 3 survivors (3072K)
 Metaspace       used 77744K, committed 78080K, reserved 1122304K
  class space    used 8276K, committed 8448K, reserved 1048576K
}
Event: 106.378 GC heap before
{Heap before GC invocations=54 (full 0):
 garbage-first heap   total 419840K, used 332196K [0x0000000081c00000, 0x0000000100000000)
  region size 1024K, 106 young (108544K), 3 survivors (3072K)
 Metaspace       used 77983K, committed 78336K, reserved 1122304K
  class space    used 8287K, committed 8448K, reserved 1048576K
}
Event: 106.451 GC heap after
{Heap after GC invocations=55 (full 0):
 garbage-first heap   total 419840K, used 284160K [0x0000000081c00000, 0x0000000100000000)
  region size 1024K, 14 young (14336K), 14 survivors (14336K)
 Metaspace       used 77983K, committed 78336K, reserved 1122304K
  class space    used 8287K, committed 8448K, reserved 1048576K
}
Event: 107.314 GC heap before
{Heap before GC invocations=55 (full 0):
 garbage-first heap   total 419840K, used 334336K [0x0000000081c00000, 0x0000000100000000)
  region size 1024K, 63 young (64512K), 14 survivors (14336K)
 Metaspace       used 78307K, committed 78656K, reserved 1122304K
  class space    used 8306K, committed 8448K, reserved 1048576K
}

