# JRE version: OpenJDK Runtime Environment (17.0.6) (build 17.0.6+0-b2043.56-9586694)
# Java VM: OpenJDK 64-Bit Server VM (17.0.6+0-b2043.56-9586694, mixed mode, tiered, compressed oops, compressed class ptrs, g1 gc, windows-amd64)
GC Precious Log:
 CPUs: 4 total, 4 available
 Memory: 8076M
 Large Page Support: Disabled
 NUMA Support: Disabled
 Compressed Oops: Enabled (32-bit)
 Heap Region Size: 1M
 Heap Min Capacity: 8M
 Heap Initial Capacity: 128M
 Heap Max Capacity: 2G
 Pre-touch: Disabled
 Parallel Workers: 4
 Concurrent Workers: 1
 Concurrent Refinement Workers: 4
 Periodic GC: Disabled
Heap:
 garbage-first heap   total 349184K, used 164985K [0x0000000080000000, 0x0000000100000000)
  region size 1024K, 11 young (11264K), 11 survivors (11264K)
 Metaspace       used 129448K, committed 130304K, reserved 1163264K
  class space    used 17484K, committed 17920K, reserved 1048576K
GC Heap History (20 events):
Event: 63.602 GC heap after
{Heap after GC invocations=48 (full 0):
 garbage-first heap   total 349184K, used 144653K [0x0000000080000000, 0x0000000100000000)
  region size 1024K, 4 young (4096K), 4 survivors (4096K)
 Metaspace       used 123607K, committed 124480K, reserved 1163264K
  class space    used 16786K, committed 17216K, reserved 1048576K
}
Event: 65.008 GC heap before
{Heap before GC invocations=48 (full 0):
 garbage-first heap   total 349184K, used 283917K [0x0000000080000000, 0x0000000100000000)
  region size 1024K, 141 young (144384K), 4 survivors (4096K)
 Metaspace       used 124495K, committed 125376K, reserved 1163264K
  class space    used 16845K, committed 17280K, reserved 1048576K
}
Event: 65.021 GC heap after
{Heap after GC invocations=49 (full 0):
 garbage-first heap   total 349184K, used 145734K [0x0000000080000000, 0x0000000100000000)
  region size 1024K, 5 young (5120K), 5 survivors (5120K)
 Metaspace       used 124495K, committed 125376K, reserved 1163264K
  class space    used 16845K, committed 17280K, reserved 1048576K
}
Event: 66.163 GC heap before
{Heap before GC invocations=49 (full 0):
 garbage-first heap   total 349184K, used 294214K [0x0000000080000000, 0x0000000100000000)
  region size 1024K, 144 young (147456K), 5 survivors (5120K)
 Metaspace       used 126101K, committed 126976K, reserved 1163264K
  class space    used 17076K, committed 17472K, reserved 1048576K
}
Event: 66.177 GC heap after
{Heap after GC invocations=50 (full 0):
 garbage-first heap   total 349184K, used 151582K [0x0000000080000000, 0x0000000100000000)
  region size 1024K, 11 young (11264K), 11 survivors (11264K)
 Metaspace       used 126101K, committed 126976K, reserved 1163264K
  class space    used 17076K, committed 17472K, reserved 1048576K
}
Event: 66.906 GC heap before
{Heap before GC invocations=50 (full 0):
 garbage-first heap   total 349184K, used 209950K [0x0000000080000000, 0x0000000100000000)
  region size 1024K, 41 young (41984K), 11 survivors (11264K)
 Metaspace       used 127963K, committed 128832K, reserved 1163264K
  class space    used 17332K, committed 17792K, reserved 1048576K
}
Event: 66.915 GC heap after
{Heap after GC invocations=51 (full 0):
 garbage-first heap   total 349184K, used 157490K [0x0000000080000000, 0x0000000100000000)
  region size 1024K, 5 young (5120K), 5 survivors (5120K)
 Metaspace       used 127963K, committed 128832K, reserved 1163264K
  class space    used 17332K, committed 17792K, reserved 1048576K
}
Event: 66.984 GC heap before
{Heap before GC invocations=51 (full 0):
 garbage-first heap   total 349184K, used 184114K [0x0000000080000000, 0x0000000100000000)
  region size 1024K, 6 young (6144K), 5 survivors (5120K)
 Metaspace       used 127963K, committed 128832K, reserved 1163264K
  class space    used 17332K, committed 17792K, reserved 1048576K
}
Event: 66.991 GC heap after
{Heap after GC invocations=52 (full 0):
 garbage-first heap   total 349184K, used 153344K [0x0000000080000000, 0x0000000100000000)
  region size 1024K, 5 young (5120K), 5 survivors (5120K)
 Metaspace       used 127963K, committed 128832K, reserved 1163264K
  class space    used 17332K, committed 17792K, reserved 1048576K
}
Event: 67.045 GC heap before
{Heap before GC invocations=52 (full 0):
 garbage-first heap   total 349184K, used 175872K [0x0000000080000000, 0x0000000100000000)
  region size 1024K, 6 young (6144K), 5 survivors (5120K)
 Metaspace       used 127963K, committed 128832K, reserved 1163264K
  class space    used 17332K, committed 17792K, reserved 1048576K
}
Event: 67.053 GC heap after
{Heap after GC invocations=53 (full 0):
 garbage-first heap   total 349184K, used 155277K [0x0000000080000000, 0x0000000100000000)
  region size 1024K, 5 young (5120K), 5 survivors (5120K)
 Metaspace       used 127963K, committed 128832K, reserved 1163264K
  class space    used 17332K, committed 17792K, reserved 1048576K
}
Event: 67.071 GC heap before
{Heap before GC invocations=53 (full 0):
 garbage-first heap   total 349184K, used 169613K [0x0000000080000000, 0x0000000100000000)
  region size 1024K, 6 young (6144K), 5 survivors (5120K)
 Metaspace       used 127963K, committed 128832K, reserved 1163264K
  class space    used 17332K, committed 17792K, reserved 1048576K
}
Event: 67.078 GC heap after
{Heap after GC invocations=54 (full 0):
 garbage-first heap   total 349184K, used 157128K [0x0000000080000000, 0x0000000100000000)
  region size 1024K, 5 young (5120K), 5 survivors (5120K)
 Metaspace       used 127963K, committed 128832K, reserved 1163264K
  class space    used 17332K, committed 17792K, reserved 1048576K
}
Event: 67.082 GC heap before
{Heap before GC invocations=54 (full 0):
 garbage-first heap   total 349184K, used 159176K [0x0000000080000000, 0x0000000100000000)
  region size 1024K, 6 young (6144K), 5 survivors (5120K)
 Metaspace       used 127963K, committed 128832K, reserved 1163264K
  class space    used 17332K, committed 17792K, reserved 1048576K
}
Event: 67.088 GC heap after
{Heap after GC invocations=55 (full 0):
 garbage-first heap   total 349184K, used 157085K [0x0000000080000000, 0x0000000100000000)
  region size 1024K, 5 young (5120K), 5 survivors (5120K)
 Metaspace       used 127963K, committed 128832K, reserved 1163264K
  class space    used 17332K, committed 17792K, reserved 1048576K
}
Event: 294.503 GC heap before
{Heap before GC invocations=56 (full 0):
 garbage-first heap   total 349184K, used 327069K [0x0000000080000000, 0x0000000100000000)
  region size 1024K, 147 young (150528K), 5 survivors (5120K)
 Metaspace       used 129352K, committed 130240K, reserved 1163264K
  class space    used 17480K, committed 17920K, reserved 1048576K
}
Event: 294.537 GC heap after
{Heap after GC invocations=57 (full 0):
 garbage-first heap   total 349184K, used 158512K [0x0000000080000000, 0x0000000100000000)
  region size 1024K, 16 young (16384K), 16 survivors (16384K)
 Metaspace       used 129352K, committed 130240K, reserved 1163264K
  class space    used 17480K, committed 17920K, reserved 1048576K
}
Event: 294.552 GC heap before
{Heap before GC invocations=57 (full 0):
 garbage-first heap   total 349184K, used 158512K [0x0000000080000000, 0x0000000100000000)
  region size 1024K, 17 young (17408K), 16 survivors (16384K)
 Metaspace       used 129352K, committed 130240K, reserved 1163264K
  class space    used 17480K, committed 17920K, reserved 1048576K
}
Event: 294.581 GC heap after
{Heap after GC invocations=58 (full 0):
 garbage-first heap   total 349184K, used 155796K [0x0000000080000000, 0x0000000100000000)
  region size 1024K, 2 young (2048K), 2 survivors (2048K)
 Metaspace       used 129352K, committed 130240K, reserved 1163264K
  class space    used 17480K, committed 17920K, reserved 1048576K
}
Event: 298.496 GC heap before
{Heap before GC invocations=58 (full 0):
 garbage-first heap   total 349184K, used 293012K [0x0000000080000000, 0x0000000100000000)
  region size 1024K, 137 young (140288K), 2 survivors (2048K)
 Metaspace       used 129448K, committed 130304K, reserved 1163264K
  class space    used 17484K, committed 17920K, reserved 1048576K
}

